2024-01-12 13:37:18,021 - 福建.py[line:65] - INFO: >>>>>>>>>0EB4F2E0AFF69697E0630138A8C00CE0保存成功
2024-01-12 13:37:22,279 - 福建.py[line:65] - INFO: >>>>>>>>>0EB4F2E0AFF79697E0630138A8C00CE0保存成功
2024-01-12 14:47:56,290 - 福建.py[line:77] - INFO: >>>>>>>>>0EB4F2E0AFF69697E0630138A8C00CE0保存成功
2024-01-12 14:47:57,153 - 福建.py[line:77] - INFO: >>>>>>>>>0EB4F2E0AFF79697E0630138A8C00CE0保存成功
2024-01-12 14:47:58,450 - 福建.py[line:77] - INFO: >>>>>>>>>0EB4F2E0AF629697E0630138A8C00CE0保存成功
2024-01-12 14:47:59,368 - 福建.py[line:77] - INFO: >>>>>>>>>0EB4F2E0AF639697E0630138A8C00CE0保存成功
2024-01-12 14:48:00,308 - 福建.py[line:77] - INFO: >>>>>>>>>0EB4F2E0AFE69697E0630138A8C00CE0保存成功
2024-01-12 14:48:01,335 - 福建.py[line:77] - INFO: >>>>>>>>>0EB4F2E0AFE79697E0630138A8C00CE0保存成功
2024-01-12 14:48:02,077 - 福建.py[line:77] - INFO: >>>>>>>>>0EB4F2E0AFEC9697E0630138A8C00CE0保存成功
2024-01-12 14:48:03,008 - 福建.py[line:77] - INFO: >>>>>>>>>0EB4F2E0AFFC9697E0630138A8C00CE0保存成功
2024-01-12 14:48:03,896 - 福建.py[line:77] - INFO: >>>>>>>>>0EB4F2E0B0109697E0630138A8C00CE0保存成功
2024-01-12 14:48:04,808 - 福建.py[line:77] - INFO: >>>>>>>>>0E8CB6D72589569FE0630138A8C0A26D保存成功
2024-01-12 14:48:06,011 - 福建.py[line:77] - INFO: >>>>>>>>>0E8CB6D725AD569FE0630138A8C0A26D保存成功
2024-01-12 14:48:07,038 - 福建.py[line:77] - INFO: >>>>>>>>>0E8CB6D725BB569FE0630138A8C0A26D保存成功
2024-01-12 14:48:07,964 - 福建.py[line:77] - INFO: >>>>>>>>>0E8CB6D725C2569FE0630138A8C0A26D保存成功
2024-01-12 14:48:08,708 - 福建.py[line:77] - INFO: >>>>>>>>>0EB4F2E0AF579697E0630138A8C00CE0保存成功
2024-01-12 14:48:09,695 - 福建.py[line:77] - INFO: >>>>>>>>>0EB4F2E0AF5E9697E0630138A8C00CE0保存成功
2024-01-12 14:48:12,476 - 福建.py[line:77] - INFO: >>>>>>>>>0EB4F2E0AF609697E0630138A8C00CE0保存成功
2024-01-12 14:48:13,407 - 福建.py[line:77] - INFO: >>>>>>>>>0EB4F2E0AF6D9697E0630138A8C00CE0保存成功
2024-01-12 14:48:14,252 - 福建.py[line:77] - INFO: >>>>>>>>>0EB4F2E0AF729697E0630138A8C00CE0保存成功
2024-01-12 14:48:15,060 - 福建.py[line:77] - INFO: >>>>>>>>>0EB4F2E0AF959697E0630138A8C00CE0保存成功
2024-01-12 14:48:15,974 - 福建.py[line:77] - INFO: >>>>>>>>>0EB4F2E0AF969697E0630138A8C00CE0保存成功
2024-01-12 14:48:17,056 - 福建.py[line:79] - INFO: >>>>>>>>>>异常Expecting value: line 1 column 1 (char 0)
2024-01-12 14:48:18,021 - 福建.py[line:77] - INFO: >>>>>>>>>0EB4F2E0AF9A9697E0630138A8C00CE0保存成功
2024-01-12 14:48:19,614 - 福建.py[line:77] - INFO: >>>>>>>>>0EB4F2E0AF9D9697E0630138A8C00CE0保存成功
2024-01-12 14:48:20,679 - 福建.py[line:77] - INFO: >>>>>>>>>0EB4F2E0AF9E9697E0630138A8C00CE0保存成功
2024-01-12 14:48:30,083 - 福建.py[line:77] - INFO: >>>>>>>>>0EB4F2E0AFA39697E0630138A8C00CE0保存成功
2024-01-12 14:48:30,965 - 福建.py[line:77] - INFO: >>>>>>>>>0EB4F2E0AFA49697E0630138A8C00CE0保存成功
2024-01-12 14:48:31,875 - 福建.py[line:77] - INFO: >>>>>>>>>0EB4F2E0AFA59697E0630138A8C00CE0保存成功
2024-01-12 14:48:32,726 - 福建.py[line:77] - INFO: >>>>>>>>>0EB4F2E0AFA69697E0630138A8C00CE0保存成功
2024-01-12 15:14:16,697 - 福建.py[line:77] - INFO: >>>>>>>>>0EB4F2E0AFF69697E0630138A8C00CE0保存成功
2024-01-12 15:14:19,152 - 福建.py[line:77] - INFO: >>>>>>>>>0EB4F2E0AFF79697E0630138A8C00CE0保存成功
2024-01-12 15:14:21,352 - 福建.py[line:77] - INFO: >>>>>>>>>0EB4F2E0AF629697E0630138A8C00CE0保存成功
2024-01-12 15:14:22,288 - 福建.py[line:77] - INFO: >>>>>>>>>0EB4F2E0AF639697E0630138A8C00CE0保存成功
2024-01-12 15:14:23,038 - 福建.py[line:77] - INFO: >>>>>>>>>0EB4F2E0AFE69697E0630138A8C00CE0保存成功
2024-01-12 15:14:24,066 - 福建.py[line:77] - INFO: >>>>>>>>>0EB4F2E0AFE79697E0630138A8C00CE0保存成功
2024-01-12 15:14:25,198 - 福建.py[line:77] - INFO: >>>>>>>>>0EB4F2E0AFEC9697E0630138A8C00CE0保存成功
2024-01-12 15:14:26,108 - 福建.py[line:77] - INFO: >>>>>>>>>0EB4F2E0AFFC9697E0630138A8C00CE0保存成功
2024-01-12 15:14:27,450 - 福建.py[line:77] - INFO: >>>>>>>>>0EB4F2E0B0109697E0630138A8C00CE0保存成功
2024-01-12 15:14:28,308 - 福建.py[line:77] - INFO: >>>>>>>>>0E8CB6D72589569FE0630138A8C0A26D保存成功
2024-01-12 15:14:29,241 - 福建.py[line:77] - INFO: >>>>>>>>>0E8CB6D725AD569FE0630138A8C0A26D保存成功
2024-01-12 15:14:30,511 - 福建.py[line:77] - INFO: >>>>>>>>>0E8CB6D725BB569FE0630138A8C0A26D保存成功
2024-01-12 15:14:31,492 - 福建.py[line:77] - INFO: >>>>>>>>>0E8CB6D725C2569FE0630138A8C0A26D保存成功
2024-01-12 15:14:32,443 - 福建.py[line:77] - INFO: >>>>>>>>>0EB4F2E0AF579697E0630138A8C00CE0保存成功
2024-01-12 15:14:33,744 - 福建.py[line:77] - INFO: >>>>>>>>>0EB4F2E0AF5E9697E0630138A8C00CE0保存成功
2024-01-12 15:14:37,651 - 福建.py[line:77] - INFO: >>>>>>>>>0EB4F2E0AF609697E0630138A8C00CE0保存成功
2024-01-12 15:14:38,634 - 福建.py[line:77] - INFO: >>>>>>>>>0EB4F2E0AF6D9697E0630138A8C00CE0保存成功
2024-01-12 15:14:39,679 - 福建.py[line:77] - INFO: >>>>>>>>>0EB4F2E0AF729697E0630138A8C00CE0保存成功
2024-01-12 15:14:40,630 - 福建.py[line:77] - INFO: >>>>>>>>>0EB4F2E0AF959697E0630138A8C00CE0保存成功
2024-01-12 15:14:41,987 - 福建.py[line:77] - INFO: >>>>>>>>>0EB4F2E0AF969697E0630138A8C00CE0保存成功
2024-01-12 15:14:42,887 - 福建.py[line:77] - INFO: >>>>>>>>>0EB4F2E0AF989697E0630138A8C00CE0保存成功
2024-01-12 15:14:44,174 - 福建.py[line:77] - INFO: >>>>>>>>>0EB4F2E0AF9A9697E0630138A8C00CE0保存成功
2024-01-12 15:14:47,326 - 福建.py[line:77] - INFO: >>>>>>>>>0EB4F2E0AF9D9697E0630138A8C00CE0保存成功
2024-01-12 15:14:50,613 - 福建.py[line:77] - INFO: >>>>>>>>>0EB4F2E0AF9E9697E0630138A8C00CE0保存成功
2024-01-12 15:14:51,993 - 福建.py[line:77] - INFO: >>>>>>>>>0EB4F2E0AFA39697E0630138A8C00CE0保存成功
2024-01-12 15:14:52,884 - 福建.py[line:77] - INFO: >>>>>>>>>0EB4F2E0AFA49697E0630138A8C00CE0保存成功
2024-01-12 15:14:53,760 - 福建.py[line:77] - INFO: >>>>>>>>>0EB4F2E0AFA59697E0630138A8C00CE0保存成功
2024-01-12 15:14:54,518 - 福建.py[line:77] - INFO: >>>>>>>>>0EB4F2E0AFA69697E0630138A8C00CE0保存成功
2024-01-12 15:14:55,408 - 福建.py[line:77] - INFO: >>>>>>>>>0EB4F2E0AFA79697E0630138A8C00CE0保存成功
2024-01-12 15:14:57,280 - 福建.py[line:77] - INFO: >>>>>>>>>0EB4F2E0AFAC9697E0630138A8C00CE0保存成功
2024-01-12 15:15:00,136 - 福建.py[line:77] - INFO: >>>>>>>>>0EB4F2E0AFAD9697E0630138A8C00CE0保存成功
2024-01-12 15:15:01,092 - 福建.py[line:77] - INFO: >>>>>>>>>0EB4F2E0AFAE9697E0630138A8C00CE0保存成功
2024-01-12 15:15:02,425 - 福建.py[line:77] - INFO: >>>>>>>>>0EB4F2E0AFB39697E0630138A8C00CE0保存成功
2024-01-12 15:15:03,069 - 福建.py[line:79] - INFO: >>>>>>>>>>异常Expecting value: line 1 column 1 (char 0)
2024-01-12 15:15:04,034 - 福建.py[line:77] - INFO: >>>>>>>>>0EB4F2E0AFE49697E0630138A8C00CE0保存成功
2024-01-12 15:15:05,120 - 福建.py[line:77] - INFO: >>>>>>>>>0EB4F2E0AFE89697E0630138A8C00CE0保存成功
2024-01-12 15:15:06,206 - 福建.py[line:77] - INFO: >>>>>>>>>0EB4F2E0AFFE9697E0630138A8C00CE0保存成功
2024-01-12 15:15:07,100 - 福建.py[line:77] - INFO: >>>>>>>>>0EB4F2E0AFFF9697E0630138A8C00CE0保存成功
2024-01-12 15:15:08,123 - 福建.py[line:77] - INFO: >>>>>>>>>0EB4F2E0B0099697E0630138A8C00CE0保存成功
2024-01-12 15:15:09,193 - 福建.py[line:77] - INFO: >>>>>>>>>0EB4F2E0B00A9697E0630138A8C00CE0保存成功
2024-01-12 15:15:10,148 - 福建.py[line:77] - INFO: >>>>>>>>>0EB4F2E0B00B9697E0630138A8C00CE0保存成功
2024-01-12 15:15:11,264 - 福建.py[line:77] - INFO: >>>>>>>>>0EB4F2E0B00C9697E0630138A8C00CE0保存成功
2024-01-12 15:15:12,160 - 福建.py[line:77] - INFO: >>>>>>>>>0EB4F2E0B00E9697E0630138A8C00CE0保存成功
2024-01-12 15:15:13,041 - 福建.py[line:77] - INFO: >>>>>>>>>0EB4F2E0B0159697E0630138A8C00CE0保存成功
2024-01-12 15:15:14,379 - 福建.py[line:77] - INFO: >>>>>>>>>0E7E26A5691F8D0AE0630138A8C09259保存成功
2024-01-12 15:15:17,515 - 福建.py[line:77] - INFO: >>>>>>>>>0E7E26A569248D0AE0630138A8C09259保存成功
2024-01-12 15:15:18,545 - 福建.py[line:77] - INFO: >>>>>>>>>0E7E26A5693B8D0AE0630138A8C09259保存成功
2024-01-12 15:15:19,544 - 福建.py[line:77] - INFO: >>>>>>>>>0E7E26A569418D0AE0630138A8C09259保存成功
2024-01-12 15:15:20,536 - 福建.py[line:77] - INFO: >>>>>>>>>0E7E26A5694A8D0AE0630138A8C09259保存成功
2024-01-12 15:15:21,937 - 福建.py[line:77] - INFO: >>>>>>>>>0E8CB6D7254A569FE0630138A8C0A26D保存成功
2024-01-12 15:15:22,775 - 福建.py[line:77] - INFO: >>>>>>>>>0E8CB6D72553569FE0630138A8C0A26D保存成功
2024-01-12 15:15:23,706 - 福建.py[line:77] - INFO: >>>>>>>>>0E8CB6D7255E569FE0630138A8C0A26D保存成功
2024-01-12 15:15:24,468 - 福建.py[line:77] - INFO: >>>>>>>>>0E8CB6D7256B569FE0630138A8C0A26D保存成功
2024-01-12 15:15:36,550 - 福建.py[line:77] - INFO: >>>>>>>>>0E8CB6D7256C569FE0630138A8C0A26D保存成功
2024-01-12 15:15:37,465 - 福建.py[line:77] - INFO: >>>>>>>>>0E8CB6D7256D569FE0630138A8C0A26D保存成功
2024-01-12 15:15:38,387 - 福建.py[line:77] - INFO: >>>>>>>>>0E8CB6D7257C569FE0630138A8C0A26D保存成功
2024-01-12 15:15:39,370 - 福建.py[line:77] - INFO: >>>>>>>>>0E8CB6D7258E569FE0630138A8C0A26D保存成功
2024-01-12 15:15:41,965 - 福建.py[line:77] - INFO: >>>>>>>>>0E8CB6D72590569FE0630138A8C0A26D保存成功
2024-01-12 15:15:42,800 - 福建.py[line:77] - INFO: >>>>>>>>>0E8CB6D725A6569FE0630138A8C0A26D保存成功
2024-01-12 15:15:43,729 - 福建.py[line:77] - INFO: >>>>>>>>>0E8CB6D725A8569FE0630138A8C0A26D保存成功
2024-01-12 15:15:46,519 - 福建.py[line:77] - INFO: >>>>>>>>>0E8CB6D725AA569FE0630138A8C0A26D保存成功
2024-01-12 15:15:47,536 - 福建.py[line:77] - INFO: >>>>>>>>>0E8CB6D725AC569FE0630138A8C0A26D保存成功
2024-01-12 15:15:49,068 - 福建.py[line:77] - INFO: >>>>>>>>>0E8CB6D725B3569FE0630138A8C0A26D保存成功
2024-01-12 15:15:50,142 - 福建.py[line:77] - INFO: >>>>>>>>>0E8CB6D725B5569FE0630138A8C0A26D保存成功
2024-01-12 15:15:51,152 - 福建.py[line:77] - INFO: >>>>>>>>>0E8CB6D725B8569FE0630138A8C0A26D保存成功
2024-01-12 15:15:54,846 - 福建.py[line:77] - INFO: >>>>>>>>>0E8CB6D725B9569FE0630138A8C0A26D保存成功
2024-01-12 15:15:56,055 - 福建.py[line:77] - INFO: >>>>>>>>>0E8CB6D725BC569FE0630138A8C0A26D保存成功
2024-01-12 15:15:57,056 - 福建.py[line:77] - INFO: >>>>>>>>>0E8CB6D725C1569FE0630138A8C0A26D保存成功
2024-01-12 15:15:58,028 - 福建.py[line:77] - INFO: >>>>>>>>>0E8CB6D725C3569FE0630138A8C0A26D保存成功
2024-01-12 15:15:58,893 - 福建.py[line:77] - INFO: >>>>>>>>>0E8CB6D725C4569FE0630138A8C0A26D保存成功
2024-01-12 15:15:59,871 - 福建.py[line:77] - INFO: >>>>>>>>>0E8CB6D725CF569FE0630138A8C0A26D保存成功
2024-01-12 15:16:01,161 - 福建.py[line:77] - INFO: >>>>>>>>>0E8CB6D725D1569FE0630138A8C0A26D保存成功
2024-01-12 15:16:02,040 - 福建.py[line:77] - INFO: >>>>>>>>>0E8CB6D725D6569FE0630138A8C0A26D保存成功
2024-01-12 15:16:03,049 - 福建.py[line:77] - INFO: >>>>>>>>>0E8CB6D725D8569FE0630138A8C0A26D保存成功
2024-01-12 15:16:03,919 - 福建.py[line:77] - INFO: >>>>>>>>>0E8CB6D725DC569FE0630138A8C0A26D保存成功
2024-01-12 15:16:06,631 - 福建.py[line:77] - INFO: >>>>>>>>>0E8CB6D725E5569FE0630138A8C0A26D保存成功
2024-01-12 15:16:07,457 - 福建.py[line:77] - INFO: >>>>>>>>>0E8CB6D725F9569FE0630138A8C0A26D保存成功
2024-01-12 15:16:08,234 - 福建.py[line:77] - INFO: >>>>>>>>>0E8CB6D725FB569FE0630138A8C0A26D保存成功
2024-01-12 15:16:09,180 - 福建.py[line:77] - INFO: >>>>>>>>>0E8CB6D725FD569FE0630138A8C0A26D保存成功
2024-01-12 15:16:09,956 - 福建.py[line:77] - INFO: >>>>>>>>>0EB4F2E0AF539697E0630138A8C00CE0保存成功
2024-01-12 15:16:11,541 - 福建.py[line:77] - INFO: >>>>>>>>>0EB4F2E0AF699697E0630138A8C00CE0保存成功
2024-01-12 15:16:12,399 - 福建.py[line:77] - INFO: >>>>>>>>>0EB4F2E0AF759697E0630138A8C00CE0保存成功
2024-01-12 15:16:13,367 - 福建.py[line:77] - INFO: >>>>>>>>>0EB4F2E0AF779697E0630138A8C00CE0保存成功
2024-01-12 15:16:14,262 - 福建.py[line:77] - INFO: >>>>>>>>>0EB4F2E0AF7C9697E0630138A8C00CE0保存成功
2024-01-12 15:16:15,074 - 福建.py[line:77] - INFO: >>>>>>>>>0EB4F2E0AF7D9697E0630138A8C00CE0保存成功
2024-01-12 15:16:17,211 - 福建.py[line:77] - INFO: >>>>>>>>>0EB4F2E0AF7E9697E0630138A8C00CE0保存成功
2024-01-12 15:16:18,147 - 福建.py[line:77] - INFO: >>>>>>>>>0EB4F2E0AF979697E0630138A8C00CE0保存成功
2024-01-12 15:16:19,146 - 福建.py[line:77] - INFO: >>>>>>>>>0EB4F2E0AF9C9697E0630138A8C00CE0保存成功
2024-01-12 15:16:20,100 - 福建.py[line:77] - INFO: >>>>>>>>>0EB4F2E0AF9F9697E0630138A8C00CE0保存成功
2024-01-12 15:16:23,097 - 福建.py[line:77] - INFO: >>>>>>>>>0EB4F2E0AFA09697E0630138A8C00CE0保存成功
2024-01-12 15:16:25,913 - 福建.py[line:77] - INFO: >>>>>>>>>0EB4F2E0AFAF9697E0630138A8C00CE0保存成功
2024-01-12 15:16:26,767 - 福建.py[line:77] - INFO: >>>>>>>>>0EB4F2E0AFBC9697E0630138A8C00CE0保存成功
2024-01-12 15:16:27,643 - 福建.py[line:77] - INFO: >>>>>>>>>0EB4F2E0AFBD9697E0630138A8C00CE0保存成功
2024-01-12 15:16:28,420 - 福建.py[line:77] - INFO: >>>>>>>>>0EB4F2E0AFC09697E0630138A8C00CE0保存成功
2024-01-12 15:16:31,332 - 福建.py[line:77] - INFO: >>>>>>>>>0EB4F2E0AFC19697E0630138A8C00CE0保存成功
2024-01-12 15:16:32,738 - 福建.py[line:77] - INFO: >>>>>>>>>0EB4F2E0AFC69697E0630138A8C00CE0保存成功
2024-01-12 15:16:33,713 - 福建.py[line:77] - INFO: >>>>>>>>>0EB4F2E0AFD09697E0630138A8C00CE0保存成功
2024-01-12 15:16:35,030 - 福建.py[line:77] - INFO: >>>>>>>>>0EB4F2E0AFD69697E0630138A8C00CE0保存成功
2024-01-12 15:16:36,608 - 福建.py[line:77] - INFO: >>>>>>>>>0EB4F2E0AFDC9697E0630138A8C00CE0保存成功
2024-01-12 15:16:37,508 - 福建.py[line:77] - INFO: >>>>>>>>>0EB4F2E0AFEA9697E0630138A8C00CE0保存成功
2024-01-12 15:16:38,466 - 福建.py[line:77] - INFO: >>>>>>>>>0EB4F2E0AFED9697E0630138A8C00CE0保存成功
2024-01-12 15:16:39,273 - 福建.py[line:77] - INFO: >>>>>>>>>0EB4F2E0AFEE9697E0630138A8C00CE0保存成功
2024-01-12 15:16:40,245 - 福建.py[line:77] - INFO: >>>>>>>>>0EB4F2E0AFF49697E0630138A8C00CE0保存成功
2024-01-12 15:16:41,180 - 福建.py[line:77] - INFO: >>>>>>>>>0EB4F2E0AFF59697E0630138A8C00CE0保存成功
2024-01-12 15:16:42,270 - 福建.py[line:77] - INFO: >>>>>>>>>0EB4F2E0AFFB9697E0630138A8C00CE0保存成功
2024-01-12 15:16:45,266 - 福建.py[line:77] - INFO: >>>>>>>>>0EB4F2E0B0009697E0630138A8C00CE0保存成功
2024-01-12 15:16:46,131 - 福建.py[line:77] - INFO: >>>>>>>>>0EB4F2E0B0059697E0630138A8C00CE0保存成功
2024-01-12 15:16:46,982 - 福建.py[line:77] - INFO: >>>>>>>>>0EB4F2E0B0069697E0630138A8C00CE0保存成功
2024-01-12 15:16:47,885 - 福建.py[line:77] - INFO: >>>>>>>>>0E8CB6D725F0569FE0630138A8C0A26D保存成功
2024-01-12 15:16:49,599 - 福建.py[line:77] - INFO: >>>>>>>>>0E7E26A567B98D0AE0630138A8C09259保存成功
2024-01-12 15:16:50,382 - 福建.py[line:77] - INFO: >>>>>>>>>0E7E26A567BA8D0AE0630138A8C09259保存成功
2024-01-12 15:16:51,288 - 福建.py[line:77] - INFO: >>>>>>>>>0E7E26A567BC8D0AE0630138A8C09259保存成功
2024-01-12 15:16:53,551 - 福建.py[line:77] - INFO: >>>>>>>>>0E7E26A567BD8D0AE0630138A8C09259保存成功
2024-01-12 15:16:54,308 - 福建.py[line:77] - INFO: >>>>>>>>>0E7E26A567BE8D0AE0630138A8C09259保存成功
2024-01-12 15:16:55,999 - 福建.py[line:77] - INFO: >>>>>>>>>0E7E26A567D48D0AE0630138A8C09259保存成功
2024-01-12 15:16:57,237 - 福建.py[line:77] - INFO: >>>>>>>>>0E7E26A567D58D0AE0630138A8C09259保存成功
2024-01-12 15:16:58,119 - 福建.py[line:77] - INFO: >>>>>>>>>0E7E26A567D78D0AE0630138A8C09259保存成功
2024-01-12 15:16:59,167 - 福建.py[line:77] - INFO: >>>>>>>>>0E7E26A567D98D0AE0630138A8C09259保存成功
2024-01-12 15:17:00,076 - 福建.py[line:77] - INFO: >>>>>>>>>0E7E26A567DA8D0AE0630138A8C09259保存成功
2024-01-12 15:17:16,616 - 福建.py[line:77] - INFO: >>>>>>>>>0E7E26A567DB8D0AE0630138A8C09259保存成功
2024-01-12 15:17:19,474 - 福建.py[line:77] - INFO: >>>>>>>>>0E7E26A567E18D0AE0630138A8C09259保存成功
2024-01-12 15:17:28,633 - 福建.py[line:77] - INFO: >>>>>>>>>0E7E26A567E28D0AE0630138A8C09259保存成功
2024-01-12 15:17:30,374 - 福建.py[line:77] - INFO: >>>>>>>>>0E7E26A567E78D0AE0630138A8C09259保存成功
2024-01-12 15:17:31,308 - 福建.py[line:77] - INFO: >>>>>>>>>0E7E26A567F68D0AE0630138A8C09259保存成功
2024-01-12 15:17:31,974 - 福建.py[line:77] - INFO: >>>>>>>>>0E7E26A5682D8D0AE0630138A8C09259保存成功
2024-01-12 15:18:02,834 - 福建.py[line:77] - INFO: >>>>>>>>>0E7E26A5688A8D0AE0630138A8C09259保存成功
2024-01-12 15:18:04,110 - 福建.py[line:77] - INFO: >>>>>>>>>0E7E26A5688B8D0AE0630138A8C09259保存成功
2024-01-12 15:18:04,956 - 福建.py[line:77] - INFO: >>>>>>>>>0E7E26A5688E8D0AE0630138A8C09259保存成功
2024-01-12 15:18:06,211 - 福建.py[line:77] - INFO: >>>>>>>>>0E7E26A5688F8D0AE0630138A8C09259保存成功
2024-01-12 15:18:07,118 - 福建.py[line:77] - INFO: >>>>>>>>>0E7E26A568C18D0AE0630138A8C09259保存成功
2024-01-12 15:18:08,005 - 福建.py[line:77] - INFO: >>>>>>>>>0E7E26A568C58D0AE0630138A8C09259保存成功
2024-01-12 15:18:08,676 - 福建.py[line:77] - INFO: >>>>>>>>>0E7E26A568C68D0AE0630138A8C09259保存成功
2024-01-12 15:18:09,676 - 福建.py[line:77] - INFO: >>>>>>>>>0E7E26A568C88D0AE0630138A8C09259保存成功
2024-01-12 15:18:10,656 - 福建.py[line:77] - INFO: >>>>>>>>>0E7E26A568D48D0AE0630138A8C09259保存成功
2024-01-12 15:18:11,563 - 福建.py[line:77] - INFO: >>>>>>>>>0E7E26A568D78D0AE0630138A8C09259保存成功
2024-01-12 15:18:14,409 - 福建.py[line:77] - INFO: >>>>>>>>>0E7E26A568DA8D0AE0630138A8C09259保存成功
2024-01-12 15:18:15,195 - 福建.py[line:77] - INFO: >>>>>>>>>0E7E26A568DC8D0AE0630138A8C09259保存成功
2024-01-12 15:18:16,496 - 福建.py[line:77] - INFO: >>>>>>>>>0E7E26A568DF8D0AE0630138A8C09259保存成功
2024-01-12 15:18:17,689 - 福建.py[line:77] - INFO: >>>>>>>>>0E7E26A568E18D0AE0630138A8C09259保存成功
2024-01-12 15:18:18,642 - 福建.py[line:77] - INFO: >>>>>>>>>0E7E26A568E58D0AE0630138A8C09259保存成功
2024-01-12 15:18:19,620 - 福建.py[line:77] - INFO: >>>>>>>>>0E7E26A568E88D0AE0630138A8C09259保存成功
2024-01-12 15:18:20,698 - 福建.py[line:77] - INFO: >>>>>>>>>0E7E26A568E98D0AE0630138A8C09259保存成功
2024-01-12 15:18:21,681 - 福建.py[line:77] - INFO: >>>>>>>>>0E7E26A568F08D0AE0630138A8C09259保存成功
2024-01-12 15:18:23,052 - 福建.py[line:77] - INFO: >>>>>>>>>0E7E26A568F28D0AE0630138A8C09259保存成功
2024-01-12 15:18:23,977 - 福建.py[line:77] - INFO: >>>>>>>>>0E7E26A568FB8D0AE0630138A8C09259保存成功
2024-01-12 15:18:24,852 - 福建.py[line:77] - INFO: >>>>>>>>>0E7E26A568FC8D0AE0630138A8C09259保存成功
2024-01-12 15:18:25,616 - 福建.py[line:77] - INFO: >>>>>>>>>0E7E26A569008D0AE0630138A8C09259保存成功
2024-01-12 15:18:26,386 - 福建.py[line:77] - INFO: >>>>>>>>>0E7E26A569028D0AE0630138A8C09259保存成功
2024-01-12 15:18:28,459 - 福建.py[line:77] - INFO: >>>>>>>>>0E7E26A569118D0AE0630138A8C09259保存成功
2024-01-12 15:18:29,442 - 福建.py[line:77] - INFO: >>>>>>>>>0E7E26A5691E8D0AE0630138A8C09259保存成功
2024-01-12 15:18:33,245 - 福建.py[line:77] - INFO: >>>>>>>>>0E7E26A569268D0AE0630138A8C09259保存成功
2024-01-12 15:18:34,192 - 福建.py[line:77] - INFO: >>>>>>>>>0E7E26A569278D0AE0630138A8C09259保存成功
2024-01-12 15:18:38,170 - 福建.py[line:77] - INFO: >>>>>>>>>0E7E26A569288D0AE0630138A8C09259保存成功
2024-01-12 15:18:39,186 - 福建.py[line:77] - INFO: >>>>>>>>>0E7E26A5692B8D0AE0630138A8C09259保存成功
2024-01-12 15:18:43,978 - 福建.py[line:77] - INFO: >>>>>>>>>0E7E26A5692F8D0AE0630138A8C09259保存成功
2024-01-12 15:18:44,903 - 福建.py[line:77] - INFO: >>>>>>>>>0E7E26A569318D0AE0630138A8C09259保存成功
2024-01-12 15:18:45,977 - 福建.py[line:77] - INFO: >>>>>>>>>0E7E26A5693A8D0AE0630138A8C09259保存成功
2024-01-12 15:18:46,921 - 福建.py[line:77] - INFO: >>>>>>>>>0E7E26A5693E8D0AE0630138A8C09259保存成功
2024-01-12 15:18:51,885 - 福建.py[line:79] - INFO: >>>>>>>>>>异常HTTPSConnectionPool(host='xy.fujian.gov.cn', port=443): Max retries exceeded with url: /credit/cmpinternetportalfront/doublepublicity/detail?dataId=0E7E26A5693F8D0AE0630138A8C09259&type=%E8%A1%8C%E6%94%BF%E5%A4%84%E7%BD%9A&resourceId= (Caused by SSLError(SSLZeroReturnError(6, 'TLS/SSL connection has been closed (EOF) (_ssl.c:997)')))
2024-01-12 15:18:52,967 - 福建.py[line:77] - INFO: >>>>>>>>>0E7E26A5694F8D0AE0630138A8C09259保存成功
2024-01-12 15:18:53,808 - 福建.py[line:77] - INFO: >>>>>>>>>0E7E26A569538D0AE0630138A8C09259保存成功
2024-01-12 15:18:54,716 - 福建.py[line:77] - INFO: >>>>>>>>>0E7E26A569548D0AE0630138A8C09259保存成功
2024-01-12 15:18:55,642 - 福建.py[line:77] - INFO: >>>>>>>>>0E7E26A569558D0AE0630138A8C09259保存成功
2024-01-12 15:18:56,951 - 福建.py[line:77] - INFO: >>>>>>>>>0E7E26A569568D0AE0630138A8C09259保存成功
2024-01-12 15:18:59,319 - 福建.py[line:77] - INFO: >>>>>>>>>0E7E26A569648D0AE0630138A8C09259保存成功
2024-01-12 15:19:02,100 - 福建.py[line:77] - INFO: >>>>>>>>>0E7E26A5696A8D0AE0630138A8C09259保存成功
2024-01-12 15:19:03,173 - 福建.py[line:77] - INFO: >>>>>>>>>0E7E26A569708D0AE0630138A8C09259保存成功
2024-01-12 15:19:04,148 - 福建.py[line:77] - INFO: >>>>>>>>>0E7E26A569718D0AE0630138A8C09259保存成功
2024-01-12 15:19:05,094 - 福建.py[line:77] - INFO: >>>>>>>>>0E7E26A569728D0AE0630138A8C09259保存成功
2024-01-12 15:19:06,048 - 福建.py[line:77] - INFO: >>>>>>>>>0E7E26A569738D0AE0630138A8C09259保存成功
2024-01-12 15:19:09,764 - 福建.py[line:77] - INFO: >>>>>>>>>0E7E26A569768D0AE0630138A8C09259保存成功
2024-01-12 15:19:11,087 - 福建.py[line:77] - INFO: >>>>>>>>>0E7E26A569778D0AE0630138A8C09259保存成功
2024-01-12 15:19:12,104 - 福建.py[line:77] - INFO: >>>>>>>>>0E7E26A5697F8D0AE0630138A8C09259保存成功
2024-01-12 15:19:13,152 - 福建.py[line:77] - INFO: >>>>>>>>>0E8CB6D72548569FE0630138A8C0A26D保存成功
2024-01-12 15:19:13,994 - 福建.py[line:77] - INFO: >>>>>>>>>0E8CB6D72550569FE0630138A8C0A26D保存成功
2024-01-12 15:19:15,053 - 福建.py[line:77] - INFO: >>>>>>>>>0E8CB6D72558569FE0630138A8C0A26D保存成功
2024-01-12 15:19:15,946 - 福建.py[line:77] - INFO: >>>>>>>>>0E8CB6D7255C569FE0630138A8C0A26D保存成功
2024-01-12 15:19:16,596 - 福建.py[line:77] - INFO: >>>>>>>>>0E8CB6D72567569FE0630138A8C0A26D保存成功
2024-01-12 15:19:17,635 - 福建.py[line:77] - INFO: >>>>>>>>>0E8CB6D72576569FE0630138A8C0A26D保存成功
2024-01-12 15:19:18,620 - 福建.py[line:77] - INFO: >>>>>>>>>0E8CB6D72585569FE0630138A8C0A26D保存成功
2024-01-12 15:19:25,501 - 福建.py[line:77] - INFO: >>>>>>>>>0E8CB6D72586569FE0630138A8C0A26D保存成功
2024-01-12 15:19:26,407 - 福建.py[line:77] - INFO: >>>>>>>>>0E8CB6D72588569FE0630138A8C0A26D保存成功
2024-01-12 15:19:27,179 - 福建.py[line:77] - INFO: >>>>>>>>>0E8CB6D7259A569FE0630138A8C0A26D保存成功
2024-01-12 15:19:28,452 - 福建.py[line:77] - INFO: >>>>>>>>>0E8CB6D725A4569FE0630138A8C0A26D保存成功
2024-01-12 15:19:29,289 - 福建.py[line:77] - INFO: >>>>>>>>>0E8CB6D725AF569FE0630138A8C0A26D保存成功
2024-01-12 15:19:30,066 - 福建.py[line:77] - INFO: >>>>>>>>>0E8CB6D725C8569FE0630138A8C0A26D保存成功
2024-01-12 15:19:37,373 - 福建.py[line:77] - INFO: >>>>>>>>>0E8CB6D725D0569FE0630138A8C0A26D保存成功
2024-01-12 15:19:38,456 - 福建.py[line:77] - INFO: >>>>>>>>>0E8CB6D725D3569FE0630138A8C0A26D保存成功
2024-01-12 15:19:39,472 - 福建.py[line:77] - INFO: >>>>>>>>>0E8CB6D725D4569FE0630138A8C0A26D保存成功
2024-01-12 15:19:40,312 - 福建.py[line:77] - INFO: >>>>>>>>>0E8CB6D725DA569FE0630138A8C0A26D保存成功
2024-01-12 15:19:42,655 - 福建.py[line:77] - INFO: >>>>>>>>>0E8CB6D725DB569FE0630138A8C0A26D保存成功
2024-01-12 15:19:43,762 - 福建.py[line:77] - INFO: >>>>>>>>>0E8CB6D725DF569FE0630138A8C0A26D保存成功
2024-01-12 15:19:45,277 - 福建.py[line:77] - INFO: >>>>>>>>>0E8CB6D725E0569FE0630138A8C0A26D保存成功
2024-01-12 15:19:46,127 - 福建.py[line:77] - INFO: >>>>>>>>>0E8CB6D725E1569FE0630138A8C0A26D保存成功
2024-01-12 15:19:48,759 - 福建.py[line:77] - INFO: >>>>>>>>>0E8CB6D725E2569FE0630138A8C0A26D保存成功
2024-01-12 15:19:51,884 - 福建.py[line:77] - INFO: >>>>>>>>>0E8CB6D725E8569FE0630138A8C0A26D保存成功
2024-01-12 15:19:53,073 - 福建.py[line:77] - INFO: >>>>>>>>>0E8CB6D725E9569FE0630138A8C0A26D保存成功
2024-01-12 15:19:53,896 - 福建.py[line:77] - INFO: >>>>>>>>>0E8CB6D725EA569FE0630138A8C0A26D保存成功
2024-01-12 15:19:55,476 - 福建.py[line:77] - INFO: >>>>>>>>>0E8CB6D725EB569FE0630138A8C0A26D保存成功
2024-01-12 15:19:56,287 - 福建.py[line:77] - INFO: >>>>>>>>>0E8CB6D725F4569FE0630138A8C0A26D保存成功
2024-01-12 15:19:56,970 - 福建.py[line:79] - INFO: >>>>>>>>>>异常HTTPSConnectionPool(host='xy.fujian.gov.cn', port=443): Max retries exceeded with url: /credit/cmpinternetportalfront/doublepublicity/detail?dataId=0E8CB6D725F5569FE0630138A8C0A26D&type=%E8%A1%8C%E6%94%BF%E5%A4%84%E7%BD%9A&resourceId= (Caused by SSLError(SSLZeroReturnError(6, 'TLS/SSL connection has been closed (EOF) (_ssl.c:997)')))
2024-01-12 15:19:57,918 - 福建.py[line:77] - INFO: >>>>>>>>>0E8CB6D725F6569FE0630138A8C0A26D保存成功
2024-01-12 15:19:59,622 - 福建.py[line:77] - INFO: >>>>>>>>>0E8CB6D725F7569FE0630138A8C0A26D保存成功
2024-01-12 15:20:05,295 - 福建.py[line:77] - INFO: >>>>>>>>>0E8CB6D725F8569FE0630138A8C0A26D保存成功
2024-01-12 15:20:06,182 - 福建.py[line:77] - INFO: >>>>>>>>>0E8CB6D725FA569FE0630138A8C0A26D保存成功
2024-01-12 15:20:07,078 - 福建.py[line:79] - INFO: >>>>>>>>>>异常Expecting value: line 1 column 1 (char 0)
2024-01-12 15:20:08,089 - 福建.py[line:77] - INFO: >>>>>>>>>0E8CB6D72600569FE0630138A8C0A26D保存成功
2024-01-12 15:20:10,439 - 福建.py[line:77] - INFO: >>>>>>>>>0E8CB6D72601569FE0630138A8C0A26D保存成功
2024-01-12 15:20:12,146 - 福建.py[line:77] - INFO: >>>>>>>>>0E8CB6D72602569FE0630138A8C0A26D保存成功
2024-01-12 15:20:13,076 - 福建.py[line:77] - INFO: >>>>>>>>>0E8CB6D72603569FE0630138A8C0A26D保存成功
2024-01-12 15:20:16,055 - 福建.py[line:77] - INFO: >>>>>>>>>0E8CB6D72607569FE0630138A8C0A26D保存成功
2024-01-12 15:20:16,754 - 福建.py[line:77] - INFO: >>>>>>>>>0E8CB6D7260C569FE0630138A8C0A26D保存成功
2024-01-12 15:20:17,610 - 福建.py[line:77] - INFO: >>>>>>>>>0E8CB6D7260F569FE0630138A8C0A26D保存成功
2024-01-12 15:20:18,570 - 福建.py[line:77] - INFO: >>>>>>>>>0E8CB6D72616569FE0630138A8C0A26D保存成功
2024-01-12 15:20:19,846 - 福建.py[line:77] - INFO: >>>>>>>>>0EB4F2E0AF449697E0630138A8C00CE0保存成功
2024-01-12 15:20:20,642 - 福建.py[line:77] - INFO: >>>>>>>>>0EB4F2E0AF489697E0630138A8C00CE0保存成功
2024-01-12 15:20:21,593 - 福建.py[line:77] - INFO: >>>>>>>>>0EB4F2E0AF529697E0630138A8C00CE0保存成功
2024-01-12 15:20:22,489 - 福建.py[line:77] - INFO: >>>>>>>>>0EB4F2E0AF5F9697E0630138A8C00CE0保存成功
2024-01-12 15:20:23,920 - 福建.py[line:77] - INFO: >>>>>>>>>0EB4F2E0AF6E9697E0630138A8C00CE0保存成功
2024-01-12 15:20:24,834 - 福建.py[line:77] - INFO: >>>>>>>>>0EB4F2E0AF6F9697E0630138A8C00CE0保存成功
2024-01-12 15:20:26,948 - 福建.py[line:77] - INFO: >>>>>>>>>0EB4F2E0AF709697E0630138A8C00CE0保存成功
2024-01-12 15:20:27,871 - 福建.py[line:77] - INFO: >>>>>>>>>0EB4F2E0AF789697E0630138A8C00CE0保存成功
2024-01-12 15:20:28,795 - 福建.py[line:77] - INFO: >>>>>>>>>0EB4F2E0AF799697E0630138A8C00CE0保存成功
2024-01-12 15:20:29,738 - 福建.py[line:77] - INFO: >>>>>>>>>0EB4F2E0AF7A9697E0630138A8C00CE0保存成功
2024-01-12 15:20:30,504 - 福建.py[line:77] - INFO: >>>>>>>>>0EB4F2E0AF7B9697E0630138A8C00CE0保存成功
2024-01-12 15:20:33,601 - 福建.py[line:77] - INFO: >>>>>>>>>0EB4F2E0AF849697E0630138A8C00CE0保存成功
2024-01-12 15:20:34,563 - 福建.py[line:77] - INFO: >>>>>>>>>0EB4F2E0AF859697E0630138A8C00CE0保存成功
2024-01-12 15:20:35,485 - 福建.py[line:77] - INFO: >>>>>>>>>0EB4F2E0AF869697E0630138A8C00CE0保存成功
2024-01-12 15:20:36,366 - 福建.py[line:77] - INFO: >>>>>>>>>0EB4F2E0AF879697E0630138A8C00CE0保存成功
2024-01-12 15:20:37,537 - 福建.py[line:77] - INFO: >>>>>>>>>0EB4F2E0AF889697E0630138A8C00CE0保存成功
2024-01-12 15:20:38,668 - 福建.py[line:77] - INFO: >>>>>>>>>0EB4F2E0AF899697E0630138A8C00CE0保存成功
2024-01-12 15:20:39,695 - 福建.py[line:77] - INFO: >>>>>>>>>0EB4F2E0AF8C9697E0630138A8C00CE0保存成功
2024-01-12 15:20:40,527 - 福建.py[line:77] - INFO: >>>>>>>>>0EB4F2E0AF8E9697E0630138A8C00CE0保存成功
2024-01-12 15:20:41,866 - 福建.py[line:77] - INFO: >>>>>>>>>0EB4F2E0AF8F9697E0630138A8C00CE0保存成功
2024-01-12 15:20:42,805 - 福建.py[line:77] - INFO: >>>>>>>>>0EB4F2E0AF909697E0630138A8C00CE0保存成功
2024-01-12 15:20:43,591 - 福建.py[line:77] - INFO: >>>>>>>>>0EB4F2E0AF919697E0630138A8C00CE0保存成功
2024-01-12 15:20:44,498 - 福建.py[line:77] - INFO: >>>>>>>>>0EB4F2E0AF929697E0630138A8C00CE0保存成功
2024-01-12 15:20:45,438 - 福建.py[line:77] - INFO: >>>>>>>>>0EB4F2E0AF939697E0630138A8C00CE0保存成功
2024-01-12 15:20:46,636 - 福建.py[line:77] - INFO: >>>>>>>>>0EB4F2E0AF949697E0630138A8C00CE0保存成功
2024-01-12 15:20:47,899 - 福建.py[line:77] - INFO: >>>>>>>>>0EB4F2E0AFA29697E0630138A8C00CE0保存成功
2024-01-12 15:20:50,622 - 福建.py[line:77] - INFO: >>>>>>>>>0EB4F2E0AFD19697E0630138A8C00CE0保存成功
2024-01-12 15:20:51,589 - 福建.py[line:77] - INFO: >>>>>>>>>0EB4F2E0AFD89697E0630138A8C00CE0保存成功
2024-01-12 15:20:52,608 - 福建.py[line:77] - INFO: >>>>>>>>>0EB4F2E0AFDA9697E0630138A8C00CE0保存成功
2024-01-12 15:20:53,350 - 福建.py[line:77] - INFO: >>>>>>>>>0EB4F2E0AFDB9697E0630138A8C00CE0保存成功
2024-01-12 15:20:59,631 - 福建.py[line:77] - INFO: >>>>>>>>>0EB4F2E0AFDF9697E0630138A8C00CE0保存成功
2024-01-12 15:21:21,185 - 福建.py[line:77] - INFO: >>>>>>>>>0EB4F2E0AFEB9697E0630138A8C00CE0保存成功
2024-01-12 15:21:22,053 - 福建.py[line:77] - INFO: >>>>>>>>>0EB4F2E0AFEF9697E0630138A8C00CE0保存成功
2024-01-12 15:21:22,906 - 福建.py[line:77] - INFO: >>>>>>>>>0EB4F2E0AFF09697E0630138A8C00CE0保存成功
2024-01-12 15:21:24,482 - 福建.py[line:77] - INFO: >>>>>>>>>0EB4F2E0AFF19697E0630138A8C00CE0保存成功
2024-01-12 15:21:25,307 - 福建.py[line:77] - INFO: >>>>>>>>>0EB4F2E0AFF29697E0630138A8C00CE0保存成功
2024-01-12 15:21:26,553 - 福建.py[line:77] - INFO: >>>>>>>>>0EB4F2E0AFFD9697E0630138A8C00CE0保存成功
2024-01-12 15:21:27,560 - 福建.py[line:77] - INFO: >>>>>>>>>0EB4F2E0B0039697E0630138A8C00CE0保存成功
2024-01-12 15:21:28,317 - 福建.py[line:77] - INFO: >>>>>>>>>0EB4F2E0B0089697E0630138A8C00CE0保存成功
2024-01-12 15:21:29,198 - 福建.py[line:77] - INFO: >>>>>>>>>0EB4F2E0B0129697E0630138A8C00CE0保存成功
2024-01-12 15:21:29,930 - 福建.py[line:77] - INFO: >>>>>>>>>0EB4F2E0B0139697E0630138A8C00CE0保存成功
2024-01-12 15:21:32,851 - 福建.py[line:77] - INFO: >>>>>>>>>0EB4F2E0B0149697E0630138A8C00CE0保存成功
2024-01-12 15:21:33,651 - 福建.py[line:77] - INFO: >>>>>>>>>0E7E26A567B88D0AE0630138A8C09259保存成功
2024-01-12 15:21:34,481 - 福建.py[line:77] - INFO: >>>>>>>>>0E7E26A567C18D0AE0630138A8C09259保存成功
2024-01-12 15:21:35,464 - 福建.py[line:77] - INFO: >>>>>>>>>0E7E26A567DE8D0AE0630138A8C09259保存成功
2024-01-12 15:21:36,434 - 福建.py[line:77] - INFO: >>>>>>>>>0E7E26A567E58D0AE0630138A8C09259保存成功
2024-01-12 15:21:37,621 - 福建.py[line:77] - INFO: >>>>>>>>>0E7E26A567EE8D0AE0630138A8C09259保存成功
2024-01-12 15:21:38,463 - 福建.py[line:77] - INFO: >>>>>>>>>0E7E26A567F38D0AE0630138A8C09259保存成功
2024-01-12 15:21:39,319 - 福建.py[line:77] - INFO: >>>>>>>>>0E7E26A567F58D0AE0630138A8C09259保存成功
2024-01-12 15:21:40,258 - 福建.py[line:77] - INFO: >>>>>>>>>0E7E26A5680B8D0AE0630138A8C09259保存成功
2024-01-12 15:21:41,208 - 福建.py[line:77] - INFO: >>>>>>>>>0E7E26A5680C8D0AE0630138A8C09259保存成功
2024-01-12 15:21:42,432 - 福建.py[line:77] - INFO: >>>>>>>>>0E7E26A5681D8D0AE0630138A8C09259保存成功
2024-01-12 15:21:43,596 - 福建.py[line:77] - INFO: >>>>>>>>>0E7E26A568278D0AE0630138A8C09259保存成功
2024-01-12 15:21:44,496 - 福建.py[line:77] - INFO: >>>>>>>>>0E7E26A568288D0AE0630138A8C09259保存成功
2024-01-12 15:21:45,218 - 福建.py[line:77] - INFO: >>>>>>>>>0E7E26A5682A8D0AE0630138A8C09259保存成功
2024-01-12 15:21:46,070 - 福建.py[line:77] - INFO: >>>>>>>>>0E7E26A568348D0AE0630138A8C09259保存成功
2024-01-12 15:21:48,941 - 福建.py[line:77] - INFO: >>>>>>>>>0E7E26A5683D8D0AE0630138A8C09259保存成功
2024-01-12 15:21:49,793 - 福建.py[line:77] - INFO: >>>>>>>>>0E7E26A5683E8D0AE0630138A8C09259保存成功
2024-01-12 15:21:50,626 - 福建.py[line:77] - INFO: >>>>>>>>>0E7E26A5683F8D0AE0630138A8C09259保存成功
2024-01-12 15:21:51,762 - 福建.py[line:77] - INFO: >>>>>>>>>0E7E26A568408D0AE0630138A8C09259保存成功
2024-01-12 15:21:52,734 - 福建.py[line:77] - INFO: >>>>>>>>>0E7E26A568418D0AE0630138A8C09259保存成功
2024-01-12 15:21:54,227 - 福建.py[line:77] - INFO: >>>>>>>>>0E7E26A568428D0AE0630138A8C09259保存成功
2024-01-12 15:21:55,111 - 福建.py[line:77] - INFO: >>>>>>>>>0E7E26A568438D0AE0630138A8C09259保存成功
2024-01-12 15:21:58,476 - 福建.py[line:77] - INFO: >>>>>>>>>0E7E26A568448D0AE0630138A8C09259保存成功
2024-01-12 15:21:59,212 - 福建.py[line:77] - INFO: >>>>>>>>>0E7E26A568478D0AE0630138A8C09259保存成功
2024-01-12 15:21:59,761 - 福建.py[line:79] - INFO: >>>>>>>>>>异常HTTPSConnectionPool(host='xy.fujian.gov.cn', port=443): Max retries exceeded with url: /credit/cmpinternetportalfront/doublepublicity/detail?dataId=0E7E26A568488D0AE0630138A8C09259&type=%E8%A1%8C%E6%94%BF%E5%A4%84%E7%BD%9A&resourceId= (Caused by SSLError(SSLZeroReturnError(6, 'TLS/SSL connection has been closed (EOF) (_ssl.c:997)')))
2024-01-12 15:22:00,764 - 福建.py[line:77] - INFO: >>>>>>>>>0E7E26A568498D0AE0630138A8C09259保存成功
2024-01-12 15:22:01,608 - 福建.py[line:77] - INFO: >>>>>>>>>0E7E26A5684A8D0AE0630138A8C09259保存成功
2024-01-12 15:22:02,089 - 福建.py[line:79] - INFO: >>>>>>>>>>异常HTTPSConnectionPool(host='xy.fujian.gov.cn', port=443): Max retries exceeded with url: /credit/cmpinternetportalfront/doublepublicity/detail?dataId=0E7E26A568538D0AE0630138A8C09259&type=%E8%A1%8C%E6%94%BF%E5%A4%84%E7%BD%9A&resourceId= (Caused by SSLError(SSLZeroReturnError(6, 'TLS/SSL connection has been closed (EOF) (_ssl.c:997)')))
2024-01-12 15:22:02,886 - 福建.py[line:77] - INFO: >>>>>>>>>0E7E26A568548D0AE0630138A8C09259保存成功
2024-01-12 15:22:03,771 - 福建.py[line:77] - INFO: >>>>>>>>>0E7E26A568558D0AE0630138A8C09259保存成功
2024-01-12 15:22:08,329 - 福建.py[line:77] - INFO: >>>>>>>>>0E7E26A568568D0AE0630138A8C09259保存成功
2024-01-12 15:22:08,992 - 福建.py[line:77] - INFO: >>>>>>>>>0E7E26A568578D0AE0630138A8C09259保存成功
2024-01-12 15:22:10,224 - 福建.py[line:77] - INFO: >>>>>>>>>0E7E26A5685E8D0AE0630138A8C09259保存成功
2024-01-12 15:22:11,145 - 福建.py[line:77] - INFO: >>>>>>>>>0E7E26A5685F8D0AE0630138A8C09259保存成功
2024-01-12 15:22:12,097 - 福建.py[line:77] - INFO: >>>>>>>>>0E7E26A568608D0AE0630138A8C09259保存成功
2024-01-12 15:22:13,402 - 福建.py[line:77] - INFO: >>>>>>>>>0E7E26A568688D0AE0630138A8C09259保存成功
2024-01-12 15:22:14,311 - 福建.py[line:77] - INFO: >>>>>>>>>0E7E26A568698D0AE0630138A8C09259保存成功
2024-01-12 15:22:15,582 - 福建.py[line:77] - INFO: >>>>>>>>>0E7E26A568808D0AE0630138A8C09259保存成功
2024-01-12 15:22:16,558 - 福建.py[line:77] - INFO: >>>>>>>>>0E7E26A568868D0AE0630138A8C09259保存成功
2024-01-12 15:22:17,295 - 福建.py[line:77] - INFO: >>>>>>>>>0E7E26A568958D0AE0630138A8C09259保存成功
2024-01-12 15:22:18,028 - 福建.py[line:77] - INFO: >>>>>>>>>0E7E26A5689A8D0AE0630138A8C09259保存成功
2024-01-12 15:22:18,972 - 福建.py[line:77] - INFO: >>>>>>>>>0E7E26A5689E8D0AE0630138A8C09259保存成功
2024-01-12 15:22:19,812 - 福建.py[line:77] - INFO: >>>>>>>>>0E7E26A568AA8D0AE0630138A8C09259保存成功
2024-01-12 15:22:20,715 - 福建.py[line:77] - INFO: >>>>>>>>>0E7E26A568AB8D0AE0630138A8C09259保存成功
2024-01-12 15:22:21,445 - 福建.py[line:77] - INFO: >>>>>>>>>0E7E26A568AC8D0AE0630138A8C09259保存成功
2024-01-12 15:22:24,213 - 福建.py[line:77] - INFO: >>>>>>>>>0E7E26A568AD8D0AE0630138A8C09259保存成功
2024-01-12 15:22:25,352 - 福建.py[line:77] - INFO: >>>>>>>>>0E7E26A568AF8D0AE0630138A8C09259保存成功
2024-01-12 15:22:25,810 - 福建.py[line:79] - INFO: >>>>>>>>>>异常HTTPSConnectionPool(host='xy.fujian.gov.cn', port=443): Max retries exceeded with url: /credit/cmpinternetportalfront/doublepublicity/detail?dataId=0E7E26A568B28D0AE0630138A8C09259&type=%E8%A1%8C%E6%94%BF%E5%A4%84%E7%BD%9A&resourceId= (Caused by SSLError(SSLZeroReturnError(6, 'TLS/SSL connection has been closed (EOF) (_ssl.c:997)')))
2024-01-12 15:22:26,695 - 福建.py[line:77] - INFO: >>>>>>>>>0E7E26A568B38D0AE0630138A8C09259保存成功
2024-01-12 15:22:27,548 - 福建.py[line:77] - INFO: >>>>>>>>>0E7E26A568B78D0AE0630138A8C09259保存成功
2024-01-12 15:22:28,618 - 福建.py[line:77] - INFO: >>>>>>>>>0E7E26A568BB8D0AE0630138A8C09259保存成功
2024-01-12 15:22:29,334 - 福建.py[line:77] - INFO: >>>>>>>>>0E7E26A568BE8D0AE0630138A8C09259保存成功
2024-01-12 15:22:30,316 - 福建.py[line:77] - INFO: >>>>>>>>>0E7E26A568C08D0AE0630138A8C09259保存成功
2024-01-12 15:22:31,329 - 福建.py[line:77] - INFO: >>>>>>>>>0E7E26A568C28D0AE0630138A8C09259保存成功
2024-01-12 15:22:33,737 - 福建.py[line:77] - INFO: >>>>>>>>>0E7E26A568C38D0AE0630138A8C09259保存成功
2024-01-12 15:22:35,027 - 福建.py[line:77] - INFO: >>>>>>>>>0E7E26A568C48D0AE0630138A8C09259保存成功
2024-01-12 15:22:35,925 - 福建.py[line:77] - INFO: >>>>>>>>>0E7E26A568C78D0AE0630138A8C09259保存成功
2024-01-12 15:22:36,655 - 福建.py[line:77] - INFO: >>>>>>>>>0E7E26A568CC8D0AE0630138A8C09259保存成功
2024-01-12 15:22:38,419 - 福建.py[line:77] - INFO: >>>>>>>>>0E7E26A568CD8D0AE0630138A8C09259保存成功
2024-01-12 15:22:39,625 - 福建.py[line:77] - INFO: >>>>>>>>>0E7E26A568CF8D0AE0630138A8C09259保存成功
2024-01-12 15:22:42,760 - 福建.py[line:77] - INFO: >>>>>>>>>0E7E26A568D18D0AE0630138A8C09259保存成功
2024-01-12 15:22:43,967 - 福建.py[line:77] - INFO: >>>>>>>>>0E7E26A568DB8D0AE0630138A8C09259保存成功
2024-01-12 15:22:45,235 - 福建.py[line:77] - INFO: >>>>>>>>>0E7E26A568DD8D0AE0630138A8C09259保存成功
2024-01-12 15:22:46,135 - 福建.py[line:77] - INFO: >>>>>>>>>0E7E26A568E78D0AE0630138A8C09259保存成功
2024-01-12 15:22:47,176 - 福建.py[line:77] - INFO: >>>>>>>>>0E7E26A568EF8D0AE0630138A8C09259保存成功
2024-01-12 15:22:48,471 - 福建.py[line:77] - INFO: >>>>>>>>>0E7E26A568F18D0AE0630138A8C09259保存成功
2024-01-12 15:22:49,527 - 福建.py[line:77] - INFO: >>>>>>>>>0E7E26A568FE8D0AE0630138A8C09259保存成功
2024-01-12 15:22:50,398 - 福建.py[line:77] - INFO: >>>>>>>>>0E7E26A569048D0AE0630138A8C09259保存成功
2024-01-12 15:22:51,378 - 福建.py[line:77] - INFO: >>>>>>>>>0E7E26A569078D0AE0630138A8C09259保存成功
2024-01-12 15:22:52,961 - 福建.py[line:77] - INFO: >>>>>>>>>0E7E26A569098D0AE0630138A8C09259保存成功
2024-01-12 15:22:53,800 - 福建.py[line:77] - INFO: >>>>>>>>>0E7E26A5690A8D0AE0630138A8C09259保存成功
2024-01-12 15:22:54,697 - 福建.py[line:77] - INFO: >>>>>>>>>0E7E26A5690E8D0AE0630138A8C09259保存成功
2024-01-12 15:22:55,784 - 福建.py[line:77] - INFO: >>>>>>>>>0E7E26A5691C8D0AE0630138A8C09259保存成功
2024-01-12 15:22:56,704 - 福建.py[line:77] - INFO: >>>>>>>>>0E7E26A569208D0AE0630138A8C09259保存成功
2024-01-12 15:22:57,663 - 福建.py[line:77] - INFO: >>>>>>>>>0E7E26A569298D0AE0630138A8C09259保存成功
2024-01-12 15:23:00,901 - 福建.py[line:77] - INFO: >>>>>>>>>0E7E26A5692E8D0AE0630138A8C09259保存成功
2024-01-12 15:23:01,886 - 福建.py[line:77] - INFO: >>>>>>>>>0E7E26A569368D0AE0630138A8C09259保存成功
2024-01-12 15:23:02,947 - 福建.py[line:77] - INFO: >>>>>>>>>0E7E26A569378D0AE0630138A8C09259保存成功
2024-01-12 15:23:04,976 - 福建.py[line:77] - INFO: >>>>>>>>>0E7E26A569388D0AE0630138A8C09259保存成功
2024-01-12 15:23:05,886 - 福建.py[line:77] - INFO: >>>>>>>>>0E7E26A569478D0AE0630138A8C09259保存成功
2024-01-12 15:23:06,396 - 福建.py[line:79] - INFO: >>>>>>>>>>异常HTTPSConnectionPool(host='xy.fujian.gov.cn', port=443): Max retries exceeded with url: /credit/cmpinternetportalfront/doublepublicity/detail?dataId=0E7E26A569488D0AE0630138A8C09259&type=%E8%A1%8C%E6%94%BF%E5%A4%84%E7%BD%9A&resourceId= (Caused by SSLError(SSLZeroReturnError(6, 'TLS/SSL connection has been closed (EOF) (_ssl.c:997)')))
2024-01-12 15:23:07,255 - 福建.py[line:77] - INFO: >>>>>>>>>0E7E26A5694D8D0AE0630138A8C09259保存成功
2024-01-12 15:23:08,193 - 福建.py[line:77] - INFO: >>>>>>>>>0E7E26A5694E8D0AE0630138A8C09259保存成功
2024-01-12 15:23:09,116 - 福建.py[line:77] - INFO: >>>>>>>>>0E7E26A569588D0AE0630138A8C09259保存成功
2024-01-12 15:23:10,239 - 福建.py[line:77] - INFO: >>>>>>>>>0E7E26A569598D0AE0630138A8C09259保存成功
2024-01-12 15:23:11,152 - 福建.py[line:77] - INFO: >>>>>>>>>0E7E26A5695A8D0AE0630138A8C09259保存成功
2024-01-12 15:23:42,017 - 福建.py[line:77] - INFO: >>>>>>>>>0E7E26A5695B8D0AE0630138A8C09259保存成功
2024-01-12 15:23:42,890 - 福建.py[line:77] - INFO: >>>>>>>>>0E7E26A5695D8D0AE0630138A8C09259保存成功
2024-01-12 15:23:43,491 - 福建.py[line:79] - INFO: >>>>>>>>>>异常Expecting value: line 1 column 1 (char 0)
2024-01-12 15:23:43,978 - 福建.py[line:79] - INFO: >>>>>>>>>>异常HTTPSConnectionPool(host='xy.fujian.gov.cn', port=443): Max retries exceeded with url: /credit/cmpinternetportalfront/doublepublicity/detail?dataId=0E7E26A5696B8D0AE0630138A8C09259&type=%E8%A1%8C%E6%94%BF%E5%A4%84%E7%BD%9A&resourceId= (Caused by SSLError(SSLZeroReturnError(6, 'TLS/SSL connection has been closed (EOF) (_ssl.c:997)')))
2024-01-12 15:23:47,714 - 福建.py[line:77] - INFO: >>>>>>>>>0E7E26A5696C8D0AE0630138A8C09259保存成功
2024-01-12 15:23:48,995 - 福建.py[line:77] - INFO: >>>>>>>>>0E7E26A5696D8D0AE0630138A8C09259保存成功
2024-01-12 15:23:49,743 - 福建.py[line:77] - INFO: >>>>>>>>>0E7E26A569748D0AE0630138A8C09259保存成功
2024-01-12 15:23:50,600 - 福建.py[line:77] - INFO: >>>>>>>>>0E7E26A569758D0AE0630138A8C09259保存成功
2024-01-12 15:23:51,449 - 福建.py[line:77] - INFO: >>>>>>>>>0E8CB6D72555569FE0630138A8C0A26D保存成功
2024-01-12 15:23:52,002 - 福建.py[line:79] - INFO: >>>>>>>>>>异常HTTPSConnectionPool(host='xy.fujian.gov.cn', port=443): Max retries exceeded with url: /credit/cmpinternetportalfront/doublepublicity/detail?dataId=0E8CB6D72556569FE0630138A8C0A26D&type=%E8%A1%8C%E6%94%BF%E5%A4%84%E7%BD%9A&resourceId= (Caused by SSLError(SSLZeroReturnError(6, 'TLS/SSL connection has been closed (EOF) (_ssl.c:997)')))
2024-01-12 15:23:52,875 - 福建.py[line:77] - INFO: >>>>>>>>>0E8CB6D7255D569FE0630138A8C0A26D保存成功
2024-01-12 15:23:53,806 - 福建.py[line:77] - INFO: >>>>>>>>>0E8CB6D72565569FE0630138A8C0A26D保存成功
2024-01-12 15:23:54,891 - 福建.py[line:77] - INFO: >>>>>>>>>0E8CB6D72566569FE0630138A8C0A26D保存成功
2024-01-12 15:23:55,808 - 福建.py[line:77] - INFO: >>>>>>>>>0E8CB6D72568569FE0630138A8C0A26D保存成功
2024-01-12 15:23:56,749 - 福建.py[line:77] - INFO: >>>>>>>>>0E8CB6D72577569FE0630138A8C0A26D保存成功
2024-01-12 15:23:58,207 - 福建.py[line:77] - INFO: >>>>>>>>>0E8CB6D72578569FE0630138A8C0A26D保存成功
2024-01-12 15:24:00,508 - 福建.py[line:77] - INFO: >>>>>>>>>0E8CB6D72579569FE0630138A8C0A26D保存成功
2024-01-12 15:24:01,289 - 福建.py[line:77] - INFO: >>>>>>>>>0E8CB6D7257D569FE0630138A8C0A26D保存成功
2024-01-12 15:24:02,279 - 福建.py[line:77] - INFO: >>>>>>>>>0E8CB6D7257E569FE0630138A8C0A26D保存成功
2024-01-12 15:24:05,251 - 福建.py[line:77] - INFO: >>>>>>>>>0E8CB6D72581569FE0630138A8C0A26D保存成功
2024-01-12 15:24:06,361 - 福建.py[line:77] - INFO: >>>>>>>>>0E8CB6D72583569FE0630138A8C0A26D保存成功
2024-01-12 15:24:07,259 - 福建.py[line:77] - INFO: >>>>>>>>>0E8CB6D72584569FE0630138A8C0A26D保存成功
2024-01-12 15:24:07,961 - 福建.py[line:79] - INFO: >>>>>>>>>>异常Expecting value: line 1 column 1 (char 0)
2024-01-12 15:24:18,599 - 福建.py[line:77] - INFO: >>>>>>>>>0E8CB6D7258C569FE0630138A8C0A26D保存成功
2024-01-12 15:24:19,763 - 福建.py[line:77] - INFO: >>>>>>>>>0E8CB6D7258D569FE0630138A8C0A26D保存成功
2024-01-12 15:24:21,681 - 福建.py[line:77] - INFO: >>>>>>>>>0E8CB6D72594569FE0630138A8C0A26D保存成功
2024-01-12 15:24:22,959 - 福建.py[line:77] - INFO: >>>>>>>>>0E8CB6D72598569FE0630138A8C0A26D保存成功
2024-01-12 15:24:24,988 - 福建.py[line:77] - INFO: >>>>>>>>>0E8CB6D725AE569FE0630138A8C0A26D保存成功
2024-01-12 15:24:25,994 - 福建.py[line:77] - INFO: >>>>>>>>>0E8CB6D725B4569FE0630138A8C0A26D保存成功
2024-01-12 15:24:32,929 - 福建.py[line:77] - INFO: >>>>>>>>>0E8CB6D725C5569FE0630138A8C0A26D保存成功
2024-01-12 15:24:33,938 - 福建.py[line:77] - INFO: >>>>>>>>>0E8CB6D725C6569FE0630138A8C0A26D保存成功
2024-01-12 15:24:35,255 - 福建.py[line:77] - INFO: >>>>>>>>>0E8CB6D725CA569FE0630138A8C0A26D保存成功
2024-01-12 15:24:36,253 - 福建.py[line:77] - INFO: >>>>>>>>>0E8CB6D725DD569FE0630138A8C0A26D保存成功
2024-01-12 15:24:37,321 - 福建.py[line:77] - INFO: >>>>>>>>>0E8CB6D725DE569FE0630138A8C0A26D保存成功
2024-01-12 15:24:40,373 - 福建.py[line:77] - INFO: >>>>>>>>>0E8CB6D725E3569FE0630138A8C0A26D保存成功
2024-01-12 15:24:41,370 - 福建.py[line:77] - INFO: >>>>>>>>>0E8CB6D725E4569FE0630138A8C0A26D保存成功
2024-01-12 15:24:42,284 - 福建.py[line:77] - INFO: >>>>>>>>>0E8CB6D725EC569FE0630138A8C0A26D保存成功
2024-01-12 15:24:43,311 - 福建.py[line:77] - INFO: >>>>>>>>>0E8CB6D725EF569FE0630138A8C0A26D保存成功
2024-01-12 15:24:44,192 - 福建.py[line:77] - INFO: >>>>>>>>>0E8CB6D72612569FE0630138A8C0A26D保存成功
2024-01-12 15:24:45,131 - 福建.py[line:77] - INFO: >>>>>>>>>0E8CB6D72614569FE0630138A8C0A26D保存成功
2024-01-12 15:24:48,619 - 福建.py[line:77] - INFO: >>>>>>>>>0E8CB6D72615569FE0630138A8C0A26D保存成功
2024-01-12 15:24:51,592 - 福建.py[line:77] - INFO: >>>>>>>>>0E8CB6D72617569FE0630138A8C0A26D保存成功
2024-01-12 15:24:54,532 - 福建.py[line:77] - INFO: >>>>>>>>>0EB4F2E0AF6C9697E0630138A8C00CE0保存成功
2024-01-12 15:24:59,301 - 福建.py[line:77] - INFO: >>>>>>>>>0EB4F2E0AF809697E0630138A8C00CE0保存成功
2024-01-12 15:25:00,581 - 福建.py[line:77] - INFO: >>>>>>>>>0EB4F2E0AF8A9697E0630138A8C00CE0保存成功
2024-01-12 15:25:01,556 - 福建.py[line:77] - INFO: >>>>>>>>>0EB4F2E0AFA19697E0630138A8C00CE0保存成功
2024-01-12 15:25:02,392 - 福建.py[line:77] - INFO: >>>>>>>>>0EB4F2E0AFB79697E0630138A8C00CE0保存成功
2024-01-12 15:25:03,271 - 福建.py[line:77] - INFO: >>>>>>>>>0EB4F2E0AFE39697E0630138A8C00CE0保存成功
2024-01-12 15:25:04,350 - 福建.py[line:77] - INFO: >>>>>>>>>0EB4F2E0AFE59697E0630138A8C00CE0保存成功
2024-01-12 15:25:12,714 - 福建.py[line:77] - INFO: >>>>>>>>>0EB4F2E0AFF99697E0630138A8C00CE0保存成功
2024-01-12 15:25:13,587 - 福建.py[line:77] - INFO: >>>>>>>>>0EB4F2E0B0019697E0630138A8C00CE0保存成功
2024-01-12 15:25:16,829 - 福建.py[line:77] - INFO: >>>>>>>>>0EB4F2E0B0029697E0630138A8C00CE0保存成功
2024-01-12 15:25:17,760 - 福建.py[line:77] - INFO: >>>>>>>>>0EB4F2E0B0049697E0630138A8C00CE0保存成功
2024-01-12 15:25:18,895 - 福建.py[line:77] - INFO: >>>>>>>>>0EB4F2E0B0079697E0630138A8C00CE0保存成功
2024-01-12 15:25:19,382 - 福建.py[line:79] - INFO: >>>>>>>>>>异常HTTPSConnectionPool(host='xy.fujian.gov.cn', port=443): Max retries exceeded with url: /credit/cmpinternetportalfront/doublepublicity/detail?dataId=0EB4F2E0B0119697E0630138A8C00CE0&type=%E8%A1%8C%E6%94%BF%E5%A4%84%E7%BD%9A&resourceId= (Caused by SSLError(SSLZeroReturnError(6, 'TLS/SSL connection has been closed (EOF) (_ssl.c:997)')))
2024-01-12 15:25:20,566 - 福建.py[line:77] - INFO: >>>>>>>>>0E7E26A567C78D0AE0630138A8C09259保存成功
2024-01-12 15:25:21,429 - 福建.py[line:77] - INFO: >>>>>>>>>0E7E26A567D68D0AE0630138A8C09259保存成功
2024-01-12 15:25:22,366 - 福建.py[line:77] - INFO: >>>>>>>>>0E7E26A567E48D0AE0630138A8C09259保存成功
2024-01-12 15:25:23,796 - 福建.py[line:77] - INFO: >>>>>>>>>0E7E26A567ED8D0AE0630138A8C09259保存成功
2024-01-12 15:25:24,763 - 福建.py[line:77] - INFO: >>>>>>>>>0E7E26A567F28D0AE0630138A8C09259保存成功
2024-01-12 15:25:25,604 - 福建.py[line:77] - INFO: >>>>>>>>>0E7E26A567F88D0AE0630138A8C09259保存成功
2024-01-12 15:25:26,578 - 福建.py[line:77] - INFO: >>>>>>>>>0E7E26A567FA8D0AE0630138A8C09259保存成功
2024-01-12 15:25:27,558 - 福建.py[line:77] - INFO: >>>>>>>>>0E7E26A567FB8D0AE0630138A8C09259保存成功
2024-01-12 15:25:28,593 - 福建.py[line:77] - INFO: >>>>>>>>>0E7E26A568108D0AE0630138A8C09259保存成功
2024-01-12 15:25:31,174 - 福建.py[line:79] - INFO: >>>>>>>>>>异常HTTPSConnectionPool(host='xy.fujian.gov.cn', port=443): Max retries exceeded with url: /credit/cmpinternetportalfront/doublepublicity/detail?dataId=0E7E26A568168D0AE0630138A8C09259&type=%E8%A1%8C%E6%94%BF%E5%A4%84%E7%BD%9A&resourceId= (Caused by SSLError(SSLZeroReturnError(6, 'TLS/SSL connection has been closed (EOF) (_ssl.c:997)')))
2024-01-12 15:25:32,096 - 福建.py[line:77] - INFO: >>>>>>>>>0E7E26A5681A8D0AE0630138A8C09259保存成功
2024-01-12 15:25:32,978 - 福建.py[line:77] - INFO: >>>>>>>>>0E7E26A5681B8D0AE0630138A8C09259保存成功
2024-01-12 15:25:34,073 - 福建.py[line:77] - INFO: >>>>>>>>>0E7E26A5681E8D0AE0630138A8C09259保存成功
2024-01-12 15:25:34,744 - 福建.py[line:77] - INFO: >>>>>>>>>0E7E26A568218D0AE0630138A8C09259保存成功
2024-01-12 15:25:35,702 - 福建.py[line:77] - INFO: >>>>>>>>>0E7E26A5682C8D0AE0630138A8C09259保存成功
2024-01-12 15:25:36,208 - 福建.py[line:79] - INFO: >>>>>>>>>>异常HTTPSConnectionPool(host='xy.fujian.gov.cn', port=443): Max retries exceeded with url: /credit/cmpinternetportalfront/doublepublicity/detail?dataId=0E7E26A568308D0AE0630138A8C09259&type=%E8%A1%8C%E6%94%BF%E5%A4%84%E7%BD%9A&resourceId= (Caused by SSLError(SSLZeroReturnError(6, 'TLS/SSL connection has been closed (EOF) (_ssl.c:997)')))
2024-01-12 15:25:37,323 - 福建.py[line:77] - INFO: >>>>>>>>>0E7E26A568318D0AE0630138A8C09259保存成功
2024-01-12 15:25:38,726 - 福建.py[line:77] - INFO: >>>>>>>>>0E7E26A568358D0AE0630138A8C09259保存成功
2024-01-12 15:25:39,633 - 福建.py[line:77] - INFO: >>>>>>>>>0E7E26A5684B8D0AE0630138A8C09259保存成功
2024-01-12 15:25:40,637 - 福建.py[line:77] - INFO: >>>>>>>>>0E7E26A5684C8D0AE0630138A8C09259保存成功
2024-01-12 15:25:57,773 - 福建.py[line:77] - INFO: >>>>>>>>>0E7E26A568628D0AE0630138A8C09259保存成功
2024-01-12 15:26:03,599 - 福建.py[line:77] - INFO: >>>>>>>>>0E7E26A568638D0AE0630138A8C09259保存成功
2024-01-12 15:26:12,281 - 福建.py[line:77] - INFO: >>>>>>>>>0E7E26A5686B8D0AE0630138A8C09259保存成功
2024-01-12 15:26:13,991 - 福建.py[line:77] - INFO: >>>>>>>>>0E7E26A568738D0AE0630138A8C09259保存成功
2024-01-12 15:26:17,850 - 福建.py[line:77] - INFO: >>>>>>>>>0E7E26A568778D0AE0630138A8C09259保存成功
2024-01-12 15:26:19,007 - 福建.py[line:77] - INFO: >>>>>>>>>0E7E26A5688C8D0AE0630138A8C09259保存成功
2024-01-12 15:26:24,436 - 福建.py[line:77] - INFO: >>>>>>>>>0E7E26A568948D0AE0630138A8C09259保存成功
2024-01-12 15:26:25,631 - 福建.py[line:77] - INFO: >>>>>>>>>0E7E26A5689B8D0AE0630138A8C09259保存成功
2024-01-12 15:26:26,612 - 福建.py[line:77] - INFO: >>>>>>>>>0E7E26A5689F8D0AE0630138A8C09259保存成功
2024-01-12 15:26:27,868 - 福建.py[line:77] - INFO: >>>>>>>>>0E7E26A568CE8D0AE0630138A8C09259保存成功
2024-01-12 15:26:29,167 - 福建.py[line:77] - INFO: >>>>>>>>>0E7E26A568D28D0AE0630138A8C09259保存成功
2024-01-12 15:26:46,951 - 福建.py[line:77] - INFO: >>>>>>>>>0E7E26A568D38D0AE0630138A8C09259保存成功
2024-01-12 15:26:47,877 - 福建.py[line:77] - INFO: >>>>>>>>>0E7E26A568EA8D0AE0630138A8C09259保存成功
2024-01-12 15:26:49,894 - 福建.py[line:77] - INFO: >>>>>>>>>0E7E26A568EB8D0AE0630138A8C09259保存成功
2024-01-12 15:26:50,850 - 福建.py[line:77] - INFO: >>>>>>>>>0E7E26A568EC8D0AE0630138A8C09259保存成功
2024-01-12 15:27:06,877 - 福建.py[line:77] - INFO: >>>>>>>>>0E7E26A568ED8D0AE0630138A8C09259保存成功
2024-01-12 15:27:07,745 - 福建.py[line:77] - INFO: >>>>>>>>>0E7E26A568F88D0AE0630138A8C09259保存成功
2024-01-12 15:27:08,759 - 福建.py[line:77] - INFO: >>>>>>>>>0E7E26A568F98D0AE0630138A8C09259保存成功
2024-01-12 15:27:09,639 - 福建.py[line:77] - INFO: >>>>>>>>>0E7E26A568FA8D0AE0630138A8C09259保存成功
2024-01-12 15:27:12,877 - 福建.py[line:77] - INFO: >>>>>>>>>0E7E26A569038D0AE0630138A8C09259保存成功
2024-01-12 15:27:14,733 - 福建.py[line:77] - INFO: >>>>>>>>>0E7E26A5690F8D0AE0630138A8C09259保存成功
2024-01-12 15:27:15,510 - 福建.py[line:77] - INFO: >>>>>>>>>0E7E26A569128D0AE0630138A8C09259保存成功
2024-01-12 15:27:16,479 - 福建.py[line:77] - INFO: >>>>>>>>>0E7E26A569158D0AE0630138A8C09259保存成功
2024-01-12 15:27:17,408 - 福建.py[line:77] - INFO: >>>>>>>>>0E7E26A569168D0AE0630138A8C09259保存成功
2024-01-12 15:27:18,112 - 福建.py[line:77] - INFO: >>>>>>>>>0E7E26A5692A8D0AE0630138A8C09259保存成功
2024-01-12 15:27:18,991 - 福建.py[line:77] - INFO: >>>>>>>>>0E7E26A569358D0AE0630138A8C09259保存成功
2024-01-12 15:27:20,033 - 福建.py[line:77] - INFO: >>>>>>>>>0E7E26A569498D0AE0630138A8C09259保存成功
2024-01-12 15:27:22,525 - 福建.py[line:77] - INFO: >>>>>>>>>0E7E26A5694B8D0AE0630138A8C09259保存成功
2024-01-12 15:27:23,395 - 福建.py[line:77] - INFO: >>>>>>>>>0E7E26A5696E8D0AE0630138A8C09259保存成功
2024-01-12 15:27:24,623 - 福建.py[line:77] - INFO: >>>>>>>>>0E7E26A569788D0AE0630138A8C09259保存成功
2024-01-12 15:27:39,159 - 福建.py[line:77] - INFO: >>>>>>>>>0E7E26A5697C8D0AE0630138A8C09259保存成功
2024-01-12 15:27:40,015 - 福建.py[line:77] - INFO: >>>>>>>>>0E7E26A569818D0AE0630138A8C09259保存成功
2024-01-12 15:27:41,514 - 福建.py[line:77] - INFO: >>>>>>>>>0E7E26A569828D0AE0630138A8C09259保存成功
2024-01-12 15:27:42,567 - 福建.py[line:77] - INFO: >>>>>>>>>0E8CB6D7254C569FE0630138A8C0A26D保存成功
2024-01-12 15:27:45,385 - 福建.py[line:77] - INFO: >>>>>>>>>0E8CB6D7254D569FE0630138A8C0A26D保存成功
2024-01-12 15:27:46,159 - 福建.py[line:77] - INFO: >>>>>>>>>0E8CB6D7254F569FE0630138A8C0A26D保存成功
2024-01-12 15:27:47,080 - 福建.py[line:77] - INFO: >>>>>>>>>0E8CB6D7255A569FE0630138A8C0A26D保存成功
2024-01-12 15:27:55,096 - 福建.py[line:77] - INFO: >>>>>>>>>0E8CB6D7255B569FE0630138A8C0A26D保存成功
2024-01-12 15:27:58,706 - 福建.py[line:77] - INFO: >>>>>>>>>0E8CB6D7255F569FE0630138A8C0A26D保存成功
2024-01-12 15:28:00,388 - 福建.py[line:77] - INFO: >>>>>>>>>0E8CB6D72562569FE0630138A8C0A26D保存成功
2024-01-12 15:28:01,264 - 福建.py[line:77] - INFO: >>>>>>>>>0E8CB6D72574569FE0630138A8C0A26D保存成功
2024-01-12 15:28:02,124 - 福建.py[line:77] - INFO: >>>>>>>>>0E8CB6D72580569FE0630138A8C0A26D保存成功
2024-01-12 15:28:03,005 - 福建.py[line:77] - INFO: >>>>>>>>>0E8CB6D7258B569FE0630138A8C0A26D保存成功
2024-01-12 15:28:03,743 - 福建.py[line:77] - INFO: >>>>>>>>>0E8CB6D725A5569FE0630138A8C0A26D保存成功
2024-01-12 15:28:06,965 - 福建.py[line:77] - INFO: >>>>>>>>>0E8CB6D725C9569FE0630138A8C0A26D保存成功
2024-01-12 15:28:07,903 - 福建.py[line:77] - INFO: >>>>>>>>>0E8CB6D725CD569FE0630138A8C0A26D保存成功
2024-01-12 15:28:08,786 - 福建.py[line:77] - INFO: >>>>>>>>>0E8CB6D725FC569FE0630138A8C0A26D保存成功
2024-01-12 15:28:09,689 - 福建.py[line:77] - INFO: >>>>>>>>>0E8CB6D72608569FE0630138A8C0A26D保存成功
2024-01-12 15:28:10,413 - 福建.py[line:77] - INFO: >>>>>>>>>0EB4F2E0AF589697E0630138A8C00CE0保存成功
2024-01-12 15:28:13,117 - 福建.py[line:77] - INFO: >>>>>>>>>0EB4F2E0AF5B9697E0630138A8C00CE0保存成功
2024-01-12 15:28:14,143 - 福建.py[line:77] - INFO: >>>>>>>>>0EB4F2E0AFFA9697E0630138A8C00CE0保存成功
2024-01-12 15:28:15,055 - 福建.py[line:77] - INFO: >>>>>>>>>0E7E26A567BB8D0AE0630138A8C09259保存成功
2024-01-12 15:28:15,996 - 福建.py[line:77] - INFO: >>>>>>>>>0E7E26A567CC8D0AE0630138A8C09259保存成功
2024-01-12 15:28:17,116 - 福建.py[line:77] - INFO: >>>>>>>>>0E7E26A567D88D0AE0630138A8C09259保存成功
2024-01-12 15:28:18,090 - 福建.py[line:77] - INFO: >>>>>>>>>0E7E26A567EC8D0AE0630138A8C09259保存成功
2024-01-12 15:28:19,595 - 福建.py[line:77] - INFO: >>>>>>>>>0E7E26A568048D0AE0630138A8C09259保存成功
2024-01-12 15:28:20,600 - 福建.py[line:77] - INFO: >>>>>>>>>0E7E26A568118D0AE0630138A8C09259保存成功
2024-01-12 15:28:21,627 - 福建.py[line:77] - INFO: >>>>>>>>>0E7E26A568268D0AE0630138A8C09259保存成功
2024-01-12 15:28:22,543 - 福建.py[line:77] - INFO: >>>>>>>>>0E7E26A568298D0AE0630138A8C09259保存成功
2024-01-12 15:28:23,719 - 福建.py[line:77] - INFO: >>>>>>>>>0E7E26A5682B8D0AE0630138A8C09259保存成功
2024-01-12 15:28:24,896 - 福建.py[line:77] - INFO: >>>>>>>>>0E7E26A5682E8D0AE0630138A8C09259保存成功
2024-01-12 15:28:25,809 - 福建.py[line:77] - INFO: >>>>>>>>>0E7E26A568328D0AE0630138A8C09259保存成功
2024-01-12 15:28:26,590 - 福建.py[line:77] - INFO: >>>>>>>>>0E7E26A568338D0AE0630138A8C09259保存成功
2024-01-12 15:28:27,619 - 福建.py[line:77] - INFO: >>>>>>>>>0E7E26A5683A8D0AE0630138A8C09259保存成功
2024-01-12 15:28:30,418 - 福建.py[line:77] - INFO: >>>>>>>>>0E7E26A568648D0AE0630138A8C09259保存成功
2024-01-12 15:28:31,301 - 福建.py[line:77] - INFO: >>>>>>>>>0E7E26A568678D0AE0630138A8C09259保存成功
2024-01-12 15:28:32,579 - 福建.py[line:77] - INFO: >>>>>>>>>0E7E26A5686C8D0AE0630138A8C09259保存成功
2024-01-12 15:28:33,514 - 福建.py[line:77] - INFO: >>>>>>>>>0E7E26A568748D0AE0630138A8C09259保存成功
2024-01-12 15:28:34,763 - 福建.py[line:77] - INFO: >>>>>>>>>0E7E26A568758D0AE0630138A8C09259保存成功
2024-01-12 15:28:35,228 - 福建.py[line:79] - INFO: >>>>>>>>>>异常HTTPSConnectionPool(host='xy.fujian.gov.cn', port=443): Max retries exceeded with url: /credit/cmpinternetportalfront/doublepublicity/detail?dataId=0E7E26A568788D0AE0630138A8C09259&type=%E8%A1%8C%E6%94%BF%E5%A4%84%E7%BD%9A&resourceId= (Caused by SSLError(SSLZeroReturnError(6, 'TLS/SSL connection has been closed (EOF) (_ssl.c:997)')))
2024-01-12 15:28:35,837 - 福建.py[line:79] - INFO: >>>>>>>>>>异常HTTPSConnectionPool(host='xy.fujian.gov.cn', port=443): Max retries exceeded with url: /credit/cmpinternetportalfront/doublepublicity/detail?dataId=0E7E26A568798D0AE0630138A8C09259&type=%E8%A1%8C%E6%94%BF%E5%A4%84%E7%BD%9A&resourceId= (Caused by SSLError(SSLZeroReturnError(6, 'TLS/SSL connection has been closed (EOF) (_ssl.c:997)')))
2024-01-12 15:28:36,715 - 福建.py[line:77] - INFO: >>>>>>>>>0E7E26A568878D0AE0630138A8C09259保存成功
2024-01-12 15:28:37,637 - 福建.py[line:77] - INFO: >>>>>>>>>0E7E26A568888D0AE0630138A8C09259保存成功
2024-01-12 15:28:38,619 - 福建.py[line:77] - INFO: >>>>>>>>>0E7E26A5688D8D0AE0630138A8C09259保存成功
2024-01-12 15:28:39,443 - 福建.py[line:77] - INFO: >>>>>>>>>0E7E26A568988D0AE0630138A8C09259保存成功
2024-01-12 15:28:42,564 - 福建.py[line:77] - INFO: >>>>>>>>>0E7E26A568998D0AE0630138A8C09259保存成功
2024-01-12 15:28:43,463 - 福建.py[line:77] - INFO: >>>>>>>>>0E7E26A568A08D0AE0630138A8C09259保存成功
2024-01-12 15:28:44,390 - 福建.py[line:77] - INFO: >>>>>>>>>0E7E26A568BD8D0AE0630138A8C09259保存成功
2024-01-12 15:28:52,860 - 福建.py[line:77] - INFO: >>>>>>>>>0E7E26A568C98D0AE0630138A8C09259保存成功
2024-01-12 15:28:55,877 - 福建.py[line:77] - INFO: >>>>>>>>>0E7E26A568CA8D0AE0630138A8C09259保存成功
2024-01-12 15:28:56,694 - 福建.py[line:77] - INFO: >>>>>>>>>0E7E26A568CB8D0AE0630138A8C09259保存成功
2024-01-12 15:28:57,610 - 福建.py[line:77] - INFO: >>>>>>>>>0E7E26A568D98D0AE0630138A8C09259保存成功
2024-01-12 15:28:58,542 - 福建.py[line:77] - INFO: >>>>>>>>>0E7E26A568E08D0AE0630138A8C09259保存成功
2024-01-12 15:28:59,623 - 福建.py[line:77] - INFO: >>>>>>>>>0E7E26A568E28D0AE0630138A8C09259保存成功
2024-01-12 15:29:00,525 - 福建.py[line:77] - INFO: >>>>>>>>>0E7E26A568EE8D0AE0630138A8C09259保存成功
2024-01-12 15:29:01,354 - 福建.py[line:77] - INFO: >>>>>>>>>0E7E26A568F58D0AE0630138A8C09259保存成功
2024-01-12 15:29:02,189 - 福建.py[line:77] - INFO: >>>>>>>>>0E7E26A568F68D0AE0630138A8C09259保存成功
2024-01-12 15:29:03,055 - 福建.py[line:77] - INFO: >>>>>>>>>0E7E26A568F78D0AE0630138A8C09259保存成功
2024-01-12 15:29:03,949 - 福建.py[line:77] - INFO: >>>>>>>>>0E7E26A568FD8D0AE0630138A8C09259保存成功
2024-01-12 15:29:05,272 - 福建.py[line:77] - INFO: >>>>>>>>>0E7E26A569058D0AE0630138A8C09259保存成功
2024-01-12 15:29:06,126 - 福建.py[line:77] - INFO: >>>>>>>>>0E7E26A5690C8D0AE0630138A8C09259保存成功
2024-01-12 15:29:07,063 - 福建.py[line:77] - INFO: >>>>>>>>>0E7E26A569108D0AE0630138A8C09259保存成功
2024-01-12 15:29:08,289 - 福建.py[line:77] - INFO: >>>>>>>>>0E7E26A569218D0AE0630138A8C09259保存成功
2024-01-12 15:29:09,237 - 福建.py[line:77] - INFO: >>>>>>>>>0E7E26A5693D8D0AE0630138A8C09259保存成功
2024-01-12 15:29:12,253 - 福建.py[line:77] - INFO: >>>>>>>>>0E7E26A569408D0AE0630138A8C09259保存成功
2024-01-12 15:29:13,271 - 福建.py[line:77] - INFO: >>>>>>>>>0E7E26A569458D0AE0630138A8C09259保存成功
2024-01-12 15:29:14,261 - 福建.py[line:77] - INFO: >>>>>>>>>0E7E26A569468D0AE0630138A8C09259保存成功
2024-01-12 15:29:16,215 - 福建.py[line:77] - INFO: >>>>>>>>>0E7E26A5695C8D0AE0630138A8C09259保存成功
2024-01-12 15:29:17,253 - 福建.py[line:77] - INFO: >>>>>>>>>0E7E26A5697D8D0AE0630138A8C09259保存成功
2024-01-12 15:29:19,347 - 福建.py[line:77] - INFO: >>>>>>>>>0E7E26A569808D0AE0630138A8C09259保存成功
2024-01-12 15:29:20,317 - 福建.py[line:77] - INFO: >>>>>>>>>0E8CB6D72551569FE0630138A8C0A26D保存成功
2024-01-12 15:29:26,474 - 福建.py[line:77] - INFO: >>>>>>>>>0E8CB6D72559569FE0630138A8C0A26D保存成功
2024-01-12 15:29:27,426 - 福建.py[line:77] - INFO: >>>>>>>>>0E8CB6D72563569FE0630138A8C0A26D保存成功
2024-01-12 15:29:28,324 - 福建.py[line:77] - INFO: >>>>>>>>>0E8CB6D72569569FE0630138A8C0A26D保存成功
2024-01-12 15:29:29,175 - 福建.py[line:77] - INFO: >>>>>>>>>0E8CB6D7256A569FE0630138A8C0A26D保存成功
2024-01-12 15:29:30,196 - 福建.py[line:77] - INFO: >>>>>>>>>0E8CB6D72573569FE0630138A8C0A26D保存成功
2024-01-12 15:29:31,187 - 福建.py[line:77] - INFO: >>>>>>>>>0E8CB6D72575569FE0630138A8C0A26D保存成功
2024-01-12 15:29:37,094 - 福建.py[line:77] - INFO: >>>>>>>>>0E8CB6D72582569FE0630138A8C0A26D保存成功
2024-01-12 15:29:37,986 - 福建.py[line:77] - INFO: >>>>>>>>>0E8CB6D725B1569FE0630138A8C0A26D保存成功
2024-01-12 15:29:41,538 - 福建.py[line:77] - INFO: >>>>>>>>>0E8CB6D725B6569FE0630138A8C0A26D保存成功
2024-01-12 15:29:42,492 - 福建.py[line:77] - INFO: >>>>>>>>>0E8CB6D725B7569FE0630138A8C0A26D保存成功
2024-01-12 15:29:43,852 - 福建.py[line:77] - INFO: >>>>>>>>>0E8CB6D725E7569FE0630138A8C0A26D保存成功
2024-01-12 15:29:44,690 - 福建.py[line:77] - INFO: >>>>>>>>>0E8CB6D72613569FE0630138A8C0A26D保存成功
2024-01-12 15:29:45,600 - 福建.py[line:77] - INFO: >>>>>>>>>0EB4F2E0AF439697E0630138A8C00CE0保存成功
2024-01-12 15:29:46,481 - 福建.py[line:79] - INFO: >>>>>>>>>>异常Expecting value: line 1 column 1 (char 0)
2024-01-12 15:29:47,292 - 福建.py[line:77] - INFO: >>>>>>>>>0EB4F2E0AF499697E0630138A8C00CE0保存成功
2024-01-12 15:29:48,290 - 福建.py[line:77] - INFO: >>>>>>>>>0EB4F2E0AF4A9697E0630138A8C00CE0保存成功
2024-01-12 15:29:49,499 - 福建.py[line:77] - INFO: >>>>>>>>>0EB4F2E0AF4B9697E0630138A8C00CE0保存成功
2024-01-12 15:29:50,760 - 福建.py[line:77] - INFO: >>>>>>>>>0EB4F2E0AF4C9697E0630138A8C00CE0保存成功
2024-01-12 15:29:52,261 - 福建.py[line:77] - INFO: >>>>>>>>>0EB4F2E0AF4F9697E0630138A8C00CE0保存成功
2024-01-12 15:29:53,212 - 福建.py[line:77] - INFO: >>>>>>>>>0EB4F2E0AF519697E0630138A8C00CE0保存成功
2024-01-12 15:29:53,985 - 福建.py[line:77] - INFO: >>>>>>>>>0EB4F2E0AF749697E0630138A8C00CE0保存成功
2024-01-12 15:29:54,942 - 福建.py[line:77] - INFO: >>>>>>>>>0EB4F2E0AF769697E0630138A8C00CE0保存成功
2024-01-12 15:29:55,910 - 福建.py[line:77] - INFO: >>>>>>>>>0EB4F2E0AF7F9697E0630138A8C00CE0保存成功
2024-01-12 15:29:58,902 - 福建.py[line:77] - INFO: >>>>>>>>>0EB4F2E0AFC59697E0630138A8C00CE0保存成功
2024-01-12 15:30:02,173 - 福建.py[line:77] - INFO: >>>>>>>>>0EB4F2E0AFC89697E0630138A8C00CE0保存成功
2024-01-12 15:30:03,067 - 福建.py[line:77] - INFO: >>>>>>>>>0EB4F2E0AFC99697E0630138A8C00CE0保存成功
2024-01-12 15:30:04,302 - 福建.py[line:77] - INFO: >>>>>>>>>0EB4F2E0AFD29697E0630138A8C00CE0保存成功
2024-01-12 15:30:05,215 - 福建.py[line:77] - INFO: >>>>>>>>>0EB4F2E0AFD49697E0630138A8C00CE0保存成功
2024-01-12 15:30:13,445 - 福建.py[line:77] - INFO: >>>>>>>>>0EB4F2E0AFD79697E0630138A8C00CE0保存成功
2024-01-12 15:30:14,289 - 福建.py[line:77] - INFO: >>>>>>>>>0EB4F2E0AFD99697E0630138A8C00CE0保存成功
2024-01-12 15:30:15,129 - 福建.py[line:77] - INFO: >>>>>>>>>0EB4F2E0AFF39697E0630138A8C00CE0保存成功
2024-01-12 15:30:16,116 - 福建.py[line:77] - INFO: >>>>>>>>>0EB4F2E0AFF89697E0630138A8C00CE0保存成功
2024-01-12 15:30:23,039 - 福建.py[line:77] - INFO: >>>>>>>>>0E7E26A568A18D0AE0630138A8C09259保存成功
2024-01-12 15:30:23,852 - 福建.py[line:77] - INFO: >>>>>>>>>0E7E26A568D58D0AE0630138A8C09259保存成功
2024-01-12 15:30:24,756 - 福建.py[line:77] - INFO: >>>>>>>>>0E7E26A568D68D0AE0630138A8C09259保存成功
2024-01-12 15:30:25,638 - 福建.py[line:77] - INFO: >>>>>>>>>0E7E26A568D88D0AE0630138A8C09259保存成功
2024-01-12 15:30:26,454 - 福建.py[line:77] - INFO: >>>>>>>>>0E7E26A568E38D0AE0630138A8C09259保存成功
2024-01-12 15:30:27,239 - 福建.py[line:77] - INFO: >>>>>>>>>0E7E26A569018D0AE0630138A8C09259保存成功
2024-01-12 15:30:30,594 - 福建.py[line:77] - INFO: >>>>>>>>>0E7E26A569578D0AE0630138A8C09259保存成功
2024-01-12 15:30:32,035 - 福建.py[line:77] - INFO: >>>>>>>>>0E7E26A569668D0AE0630138A8C09259保存成功
2024-01-12 15:30:32,847 - 福建.py[line:77] - INFO: >>>>>>>>>0E7E26A569678D0AE0630138A8C09259保存成功
2024-01-12 15:30:33,747 - 福建.py[line:77] - INFO: >>>>>>>>>0E7E26A569688D0AE0630138A8C09259保存成功
2024-01-12 15:30:34,642 - 福建.py[line:77] - INFO: >>>>>>>>>0EB4F2E0AF559697E0630138A8C00CE0保存成功
2024-01-12 15:30:35,535 - 福建.py[line:77] - INFO: >>>>>>>>>0EB4F2E0AF569697E0630138A8C00CE0保存成功
2024-01-12 15:30:36,804 - 福建.py[line:77] - INFO: >>>>>>>>>0E7C744AAF20A091E0630138A8C08A06保存成功
2024-01-12 15:30:38,965 - 福建.py[line:77] - INFO: >>>>>>>>>0E7C744AB16DA091E0630138A8C08A06保存成功
2024-01-12 15:30:39,801 - 福建.py[line:77] - INFO: >>>>>>>>>0E7C744AF137A091E0630138A8C08A06保存成功
2024-01-12 15:30:41,105 - 福建.py[line:77] - INFO: >>>>>>>>>0E7C744B4352A091E0630138A8C08A06保存成功
2024-01-12 15:30:42,822 - 福建.py[line:77] - INFO: >>>>>>>>>0E7C744B4F33A091E0630138A8C08A06保存成功
2024-01-12 15:30:43,778 - 福建.py[line:77] - INFO: >>>>>>>>>0E7C744B54EAA091E0630138A8C08A06保存成功
2024-01-12 15:30:44,865 - 福建.py[line:77] - INFO: >>>>>>>>>0E7E26A5697A8D0AE0630138A8C09259保存成功
2024-01-12 15:30:59,922 - 福建.py[line:79] - INFO: >>>>>>>>>>异常HTTPSConnectionPool(host='xy.fujian.gov.cn', port=443): Max retries exceeded with url: /credit/cmpinternetportalfront/doublepublicity/detail?dataId=0E8CB6D72610569FE0630138A8C0A26D&type=%E8%A1%8C%E6%94%BF%E5%A4%84%E7%BD%9A&resourceId= (Caused by SSLError(SSLZeroReturnError(6, 'TLS/SSL connection has been closed (EOF) (_ssl.c:997)')))
2024-01-12 15:31:02,706 - 福建.py[line:77] - INFO: >>>>>>>>>0EB4F2E0AFAA9697E0630138A8C00CE0保存成功
2024-01-12 15:31:08,619 - 福建.py[line:77] - INFO: >>>>>>>>>0EB4F2E0AFCF9697E0630138A8C00CE0保存成功
2024-01-12 15:31:09,544 - 福建.py[line:77] - INFO: >>>>>>>>>0E8CB6D725B0569FE0630138A8C0A26D保存成功
2024-01-12 15:31:10,741 - 福建.py[line:77] - INFO: >>>>>>>>>0EB4F2E0AF459697E0630138A8C00CE0保存成功
2024-01-12 15:31:11,858 - 福建.py[line:77] - INFO: >>>>>>>>>0EB4F2E0AF509697E0630138A8C00CE0保存成功
2024-01-12 15:31:12,774 - 福建.py[line:77] - INFO: >>>>>>>>>0EB4F2E0AF819697E0630138A8C00CE0保存成功
2024-01-12 15:31:13,685 - 福建.py[line:77] - INFO: >>>>>>>>>0EB4F2E0AF829697E0630138A8C00CE0保存成功
2024-01-12 15:31:14,555 - 福建.py[line:77] - INFO: >>>>>>>>>0EB4F2E0AF839697E0630138A8C00CE0保存成功
2024-01-12 15:31:15,455 - 福建.py[line:77] - INFO: >>>>>>>>>0EB4F2E0AFBB9697E0630138A8C00CE0保存成功
2024-01-12 15:31:16,407 - 福建.py[line:77] - INFO: >>>>>>>>>0EB4F2E0AFC39697E0630138A8C00CE0保存成功
2024-01-12 15:31:17,283 - 福建.py[line:77] - INFO: >>>>>>>>>0EB4F2E0AFCC9697E0630138A8C00CE0保存成功
2024-01-12 15:31:18,107 - 福建.py[line:77] - INFO: >>>>>>>>>0EB4F2E0AFCE9697E0630138A8C00CE0保存成功
2024-01-12 15:31:28,757 - 福建.py[line:77] - INFO: >>>>>>>>>0E7E26A567B08D0AE0630138A8C09259保存成功
2024-01-12 15:31:29,910 - 福建.py[line:77] - INFO: >>>>>>>>>0E7E26A567B18D0AE0630138A8C09259保存成功
2024-01-12 15:31:30,836 - 福建.py[line:77] - INFO: >>>>>>>>>0E7E26A567B28D0AE0630138A8C09259保存成功
2024-01-12 15:31:32,724 - 福建.py[line:77] - INFO: >>>>>>>>>0E7E26A567B38D0AE0630138A8C09259保存成功
2024-01-12 15:31:35,314 - 福建.py[line:79] - INFO: >>>>>>>>>>异常HTTPSConnectionPool(host='xy.fujian.gov.cn', port=443): Max retries exceeded with url: /credit/cmpinternetportalfront/doublepublicity/detail?dataId=0E7E26A567B58D0AE0630138A8C09259&type=%E8%A1%8C%E6%94%BF%E5%A4%84%E7%BD%9A&resourceId= (Caused by SSLError(SSLZeroReturnError(6, 'TLS/SSL connection has been closed (EOF) (_ssl.c:997)')))
2024-01-12 15:31:36,252 - 福建.py[line:77] - INFO: >>>>>>>>>0E7E26A567B78D0AE0630138A8C09259保存成功
2024-01-12 16:19:45,500 - new_福建.py[line:77] - INFO: >>>>>>>>>0EB4F2E0AFF69697E0630138A8C00CE0保存成功
2024-01-12 16:19:47,791 - new_福建.py[line:77] - INFO: >>>>>>>>>0EB4F2E0AFF79697E0630138A8C00CE0保存成功
2024-01-12 16:19:51,734 - new_福建.py[line:77] - INFO: >>>>>>>>>0EB4F2E0AF629697E0630138A8C00CE0保存成功
2024-01-13 09:10:16,570 - new_福建2.py[line:77] - INFO: >>>>>>>>>0EC90F422D0F264BE0630138A8C0E0D3保存成功
2024-01-13 09:10:52,705 - new_福建2.py[line:77] - INFO: >>>>>>>>>0EC90F422D30264BE0630138A8C0E0D3保存成功
2024-01-13 09:10:55,431 - new_福建2.py[line:77] - INFO: >>>>>>>>>0EC90F422D69264BE0630138A8C0E0D3保存成功
2024-01-13 09:10:57,362 - new_福建2.py[line:77] - INFO: >>>>>>>>>0EC90F422BF3264BE0630138A8C0E0D3保存成功
2024-01-13 09:10:59,412 - new_福建2.py[line:77] - INFO: >>>>>>>>>0EC90F422D2F264BE0630138A8C0E0D3保存成功
2024-01-13 09:11:01,871 - new_福建2.py[line:77] - INFO: >>>>>>>>>0EB4F2E0AF629697E0630138A8C00CE0保存成功
2024-01-16 09:49:54,785 - new_福建2.py[line:183] - INFO: 暂无数据
2024-01-16 09:49:54,787 - new_福建2.py[line:270] - INFO: >>>>>>>>>滨州市交通运输综合执法支队数据来源滨州市交通运输综合执法支队
2024-01-16 09:49:57,113 - new_福建2.py[line:183] - INFO: 暂无数据
2024-01-16 09:49:57,113 - new_福建2.py[line:270] - INFO: >>>>>>>>>东部高速公路大队
2024-01-16 09:49:59,423 - new_福建2.py[line:183] - INFO: 暂无数据
2024-01-16 09:49:59,423 - new_福建2.py[line:270] - INFO: >>>>>>>>>光明大队
2024-01-16 09:50:01,720 - new_福建2.py[line:183] - INFO: 暂无数据
2024-01-16 09:50:01,720 - new_福建2.py[line:270] - INFO: >>>>>>>>>南山大队
2024-01-16 09:50:04,114 - new_福建2.py[line:183] - INFO: 暂无数据
2024-01-16 09:50:04,114 - new_福建2.py[line:270] - INFO: >>>>>>>>>坪山大队
2024-01-16 09:50:06,476 - new_福建2.py[line:183] - INFO: 暂无数据
2024-01-16 09:50:06,476 - new_福建2.py[line:270] - INFO: >>>>>>>>>宝安大队
2024-01-16 09:50:08,900 - new_福建2.py[line:183] - INFO: 暂无数据
2024-01-16 09:50:08,901 - new_福建2.py[line:270] - INFO: >>>>>>>>>深圳市卫生健康委员会
2024-01-16 09:50:11,273 - new_福建2.py[line:183] - INFO: 暂无数据
2024-01-16 09:50:11,274 - new_福建2.py[line:270] - INFO: >>>>>>>>>深圳市大鹏新区教育卫生健康局
2024-01-16 09:50:13,607 - new_福建2.py[line:183] - INFO: 暂无数据
2024-01-16 09:50:13,607 - new_福建2.py[line:270] - INFO: >>>>>>>>>福田大队
2024-01-16 09:50:16,016 - new_福建2.py[line:183] - INFO: 暂无数据
2024-01-16 09:50:16,016 - new_福建2.py[line:270] - INFO: >>>>>>>>>罗湖大队
2024-01-16 09:50:18,391 - new_福建2.py[line:183] - INFO: 暂无数据
2024-01-16 09:50:18,391 - new_福建2.py[line:270] - INFO: >>>>>>>>>西部高速公路大队
2024-01-16 09:50:20,735 - new_福建2.py[line:183] - INFO: 暂无数据
2024-01-16 09:50:20,735 - new_福建2.py[line:270] - INFO: >>>>>>>>>龙华大队
2024-01-16 09:50:23,088 - new_福建2.py[line:183] - INFO: 暂无数据
2024-01-16 09:50:23,088 - new_福建2.py[line:270] - INFO: >>>>>>>>>龙岗大队
2024-01-16 09:50:25,465 - new_福建2.py[line:183] - INFO: 暂无数据
2024-01-16 09:50:25,465 - new_福建2.py[line:270] - INFO: >>>>>>>>>东平县交通运输行政执法大队
2024-01-16 09:50:27,806 - new_福建2.py[line:183] - INFO: 暂无数据
2024-01-16 09:50:27,806 - new_福建2.py[line:270] - INFO: >>>>>>>>>泰安旅游经济开发区管理委员会
2024-01-16 09:50:30,179 - new_福建2.py[line:183] - INFO: 暂无数据
2024-01-16 09:50:30,179 - new_福建2.py[line:270] - INFO: >>>>>>>>>泰安高新技术产业开发区管理委员会
2024-01-16 09:50:32,529 - new_福建2.py[line:183] - INFO: 暂无数据
2024-01-16 09:50:32,529 - new_福建2.py[line:270] - INFO: >>>>>>>>>泰山景区综合行政执法局
2024-01-16 09:50:34,898 - new_福建2.py[line:183] - INFO: 暂无数据
2024-01-16 09:50:34,898 - new_福建2.py[line:270] - INFO: >>>>>>>>>东安县公路局
2024-01-16 09:50:37,256 - new_福建2.py[line:183] - INFO: 暂无数据
2024-01-16 09:50:37,257 - new_福建2.py[line:270] - INFO: >>>>>>>>>东安县市场监督管理局
2024-01-16 09:50:39,650 - new_福建2.py[line:183] - INFO: 暂无数据
2024-01-16 09:50:39,650 - new_福建2.py[line:270] - INFO: >>>>>>>>>东安县消防救援大队
2024-01-16 09:50:42,011 - new_福建2.py[line:183] - INFO: 暂无数据
2024-01-16 09:50:42,011 - new_福建2.py[line:270] - INFO: >>>>>>>>>冷水滩区市场监督管理局
2024-01-16 09:50:44,340 - new_福建2.py[line:183] - INFO: 暂无数据
2024-01-16 09:50:44,340 - new_福建2.py[line:270] - INFO: >>>>>>>>>冷水滩区应急管理局
2024-01-16 09:50:46,672 - new_福建2.py[line:183] - INFO: 暂无数据
2024-01-16 09:50:46,672 - new_福建2.py[line:270] - INFO: >>>>>>>>>冷水滩区税务局
2024-01-16 09:50:49,005 - new_福建2.py[line:183] - INFO: 暂无数据
2024-01-16 09:50:49,005 - new_福建2.py[line:270] - INFO: >>>>>>>>>双牌县交通局
2024-01-16 09:50:51,342 - new_福建2.py[line:183] - INFO: 暂无数据
2024-01-16 09:50:51,342 - new_福建2.py[line:270] - INFO: >>>>>>>>>双牌县卫生健康局
2024-01-16 09:50:53,706 - new_福建2.py[line:183] - INFO: 暂无数据
2024-01-16 09:50:53,706 - new_福建2.py[line:270] - INFO: >>>>>>>>>双牌县林业局
2024-01-16 09:50:56,061 - new_福建2.py[line:183] - INFO: 暂无数据
2024-01-16 09:50:56,061 - new_福建2.py[line:270] - INFO: >>>>>>>>>双牌县烟草局
2024-01-16 09:50:58,413 - new_福建2.py[line:183] - INFO: 暂无数据
2024-01-16 09:50:58,413 - new_福建2.py[line:270] - INFO: >>>>>>>>>双牌县税务局
2024-01-16 09:51:00,783 - new_福建2.py[line:183] - INFO: 暂无数据
2024-01-16 09:51:00,783 - new_福建2.py[line:270] - INFO: >>>>>>>>>宁远县住房和城乡建设局
2024-01-16 09:51:03,119 - new_福建2.py[line:183] - INFO: 暂无数据
2024-01-16 09:51:03,119 - new_福建2.py[line:270] - INFO: >>>>>>>>>市生态环境局祁阳县分局
2024-01-16 09:51:05,530 - new_福建2.py[line:183] - INFO: 暂无数据
2024-01-16 09:51:05,530 - new_福建2.py[line:270] - INFO: >>>>>>>>>新田县应急管理局
2024-01-16 09:51:07,895 - new_福建2.py[line:183] - INFO: 暂无数据
2024-01-16 09:51:07,895 - new_福建2.py[line:270] - INFO: >>>>>>>>>新田县消防大队
2024-01-16 09:51:10,255 - new_福建2.py[line:183] - INFO: 暂无数据
2024-01-16 09:51:10,255 - new_福建2.py[line:270] - INFO: >>>>>>>>>永州市卫生健康委员会
2024-01-16 09:51:12,605 - new_福建2.py[line:183] - INFO: 暂无数据
2024-01-16 09:51:12,605 - new_福建2.py[line:270] - INFO: >>>>>>>>>永州市文化旅游广电体育局
2024-01-16 10:24:10,076 - new_福建2.py[line:272] - INFO: >>>>>>>>>三明市三元区交通综合行政执法大队
2024-01-16 10:24:11,979 - new_福建2.py[line:183] - INFO: 暂无数据
2024-01-16 10:24:12,494 - new_福建2.py[line:272] - INFO: >>>>>>>>>三明市三元区交通综合行政执法大队
2024-01-16 10:24:14,333 - new_福建2.py[line:183] - INFO: 暂无数据
2024-01-16 10:24:14,843 - new_福建2.py[line:272] - INFO: >>>>>>>>>三明市交通运输综合执法支队
2024-01-16 10:24:17,416 - new_福建2.py[line:272] - INFO: >>>>>>>>>三明市卫生健康委员会
2024-01-16 10:24:19,864 - new_福建2.py[line:272] - INFO: >>>>>>>>>三明市大田生态环境局
2024-01-16 10:24:21,719 - new_福建2.py[line:183] - INFO: 暂无数据
2024-01-16 10:24:22,220 - new_福建2.py[line:272] - INFO: >>>>>>>>>三明市将乐生态环境局
2024-01-16 10:24:24,548 - new_福建2.py[line:272] - INFO: >>>>>>>>>三明市尤溪生态环境局
2024-01-16 10:24:26,882 - new_福建2.py[line:272] - INFO: >>>>>>>>>三明市市场监督管理局
2024-01-16 10:24:29,215 - new_福建2.py[line:272] - INFO: >>>>>>>>>三明市市场监管局
2024-01-16 10:24:31,580 - new_福建2.py[line:272] - INFO: >>>>>>>>>三明市建宁生态环境局
2024-01-16 10:29:03,434 - new_福建2.py[line:272] - INFO: >>>>>>>>>三明市三元区交通综合行政执法大队
2024-01-16 10:29:05,311 - new_福建2.py[line:183] - INFO: 暂无数据
2024-01-16 10:29:05,822 - new_福建2.py[line:272] - INFO: >>>>>>>>>三明市交通运输综合执法支队
2024-01-16 10:29:08,232 - new_福建2.py[line:272] - INFO: >>>>>>>>>三明市卫生健康委员会
2024-01-16 10:29:10,587 - new_福建2.py[line:272] - INFO: >>>>>>>>>三明市大田生态环境局
2024-01-16 10:29:12,416 - new_福建2.py[line:183] - INFO: 暂无数据
2024-01-16 10:29:12,930 - new_福建2.py[line:272] - INFO: >>>>>>>>>三明市将乐生态环境局
