2024-01-11 10:32:58,837 - 河北.py[line:137] - INFO: >>>>>>>>第1页1058500066获取成功
2024-01-11 10:32:59,293 - 河北.py[line:137] - INFO: >>>>>>>>第1页1058500065获取成功
2024-01-11 10:33:02,750 - 河北.py[line:137] - INFO: >>>>>>>>第1页1058500064获取成功
2024-01-11 10:33:03,167 - 河北.py[line:137] - INFO: >>>>>>>>第1页1058500063获取成功
2024-01-11 10:33:03,772 - 河北.py[line:137] - INFO: >>>>>>>>第1页1058500062获取成功
2024-01-11 10:33:04,771 - 河北.py[line:137] - INFO: >>>>>>>>第1页1058500061获取成功
2024-01-11 10:33:05,336 - 河北.py[line:137] - INFO: >>>>>>>>第1页1058500060获取成功
2024-01-11 10:33:05,843 - 河北.py[line:137] - INFO: >>>>>>>>第1页1058500059获取成功
2024-01-11 10:33:06,296 - 河北.py[line:137] - INFO: >>>>>>>>第1页1058500058获取成功
2024-01-11 10:33:07,023 - 河北.py[line:137] - INFO: >>>>>>>>第1页1058500057获取成功
2024-01-11 10:33:08,257 - 河北.py[line:119] - INFO: >>>>>>>>第2页1058500056获取成功
2024-01-11 10:33:08,896 - 河北.py[line:119] - INFO: >>>>>>>>第2页1058500055获取成功
2024-01-11 10:33:09,269 - 河北.py[line:119] - INFO: >>>>>>>>第2页1058500054获取成功
2024-01-11 10:33:09,732 - 河北.py[line:119] - INFO: >>>>>>>>第2页1058500053获取成功
2024-01-11 10:33:10,312 - 河北.py[line:119] - INFO: >>>>>>>>第2页1058500052获取成功
2024-01-11 10:33:10,794 - 河北.py[line:119] - INFO: >>>>>>>>第2页1058500051获取成功
2024-01-11 10:33:11,238 - 河北.py[line:119] - INFO: >>>>>>>>第2页1058500050获取成功
2024-01-11 10:33:11,779 - 河北.py[line:119] - INFO: >>>>>>>>第2页1058500049获取成功
2024-01-11 10:33:12,493 - 河北.py[line:119] - INFO: >>>>>>>>第2页1058500048获取成功
2024-01-11 10:33:13,119 - 河北.py[line:119] - INFO: >>>>>>>>第2页1058500047获取成功
2024-01-11 10:33:15,151 - 河北.py[line:119] - INFO: >>>>>>>>第3页1058500046获取成功
2024-01-11 10:33:15,667 - 河北.py[line:119] - INFO: >>>>>>>>第3页1058500045获取成功
2024-01-11 10:33:16,161 - 河北.py[line:119] - INFO: >>>>>>>>第3页1058500044获取成功
2024-01-11 10:33:16,698 - 河北.py[line:119] - INFO: >>>>>>>>第3页1058500043获取成功
2024-01-11 10:33:17,283 - 河北.py[line:119] - INFO: >>>>>>>>第3页1058500042获取成功
2024-01-11 10:33:18,017 - 河北.py[line:119] - INFO: >>>>>>>>第3页1058500041获取成功
2024-01-11 10:33:18,571 - 河北.py[line:119] - INFO: >>>>>>>>第3页1058500040获取成功
2024-01-11 10:33:22,543 - 河北.py[line:119] - INFO: >>>>>>>>第3页1058500039获取成功
2024-01-11 10:33:23,088 - 河北.py[line:119] - INFO: >>>>>>>>第3页1058500038获取成功
2024-01-11 10:33:23,422 - 河北.py[line:142] - INFO: >>>>>>>>>>>>第3页异常：HTTPConnectionPool(host='tunnel2.qg.net', port=13794): Max retries exceeded with url: http://xzzf.hbzwfw.gov.cn/punish/getPunishById?id=1058500037&lawtype=120 (Caused by ProxyError('Cannot connect to proxy.', RemoteDisconnected('Remote end closed connection without response')))
2024-01-11 10:33:24,683 - 河北.py[line:119] - INFO: >>>>>>>>第4页1058500036获取成功
2024-01-11 10:33:25,220 - 河北.py[line:119] - INFO: >>>>>>>>第4页1058500035获取成功
2024-01-11 10:33:29,379 - 河北.py[line:119] - INFO: >>>>>>>>第4页1058500034获取成功
2024-01-11 10:33:33,118 - 河北.py[line:119] - INFO: >>>>>>>>第4页1058500033获取成功
2024-01-11 10:33:36,499 - 河北.py[line:119] - INFO: >>>>>>>>第4页1058500032获取成功
2024-01-11 10:33:42,192 - 河北.py[line:119] - INFO: >>>>>>>>第4页1058500031获取成功
2024-01-11 10:34:02,514 - 河北.py[line:142] - INFO: >>>>>>>>>>>>第4页异常：HTTPConnectionPool(host='tunnel2.qg.net', port=13794): Max retries exceeded with url: http://xzzf.hbzwfw.gov.cn/punish/getPunishById?id=1058500030&lawtype=120 (Caused by ProxyError('Cannot connect to proxy.', RemoteDisconnected('Remote end closed connection without response')))
2024-01-11 10:34:03,853 - 河北.py[line:119] - INFO: >>>>>>>>第5页1058500028获取成功
2024-01-11 10:34:04,337 - 河北.py[line:119] - INFO: >>>>>>>>第5页1058500027获取成功
2024-01-11 10:34:04,832 - 河北.py[line:119] - INFO: >>>>>>>>第5页1058500026获取成功
2024-01-11 10:34:05,464 - 河北.py[line:119] - INFO: >>>>>>>>第5页1058500025获取成功
2024-01-11 10:34:06,968 - 河北.py[line:119] - INFO: >>>>>>>>第5页1058500024获取成功
2024-01-11 10:34:07,391 - 河北.py[line:119] - INFO: >>>>>>>>第5页1058500023获取成功
2024-01-11 10:34:11,885 - 河北.py[line:119] - INFO: >>>>>>>>第5页1058500022获取成功
2024-01-11 10:34:15,548 - 河北.py[line:119] - INFO: >>>>>>>>第5页1058500021获取成功
2024-01-11 10:34:16,171 - 河北.py[line:119] - INFO: >>>>>>>>第5页1058500020获取成功
2024-01-11 10:34:16,699 - 河北.py[line:119] - INFO: >>>>>>>>第5页1058500019获取成功
2024-01-11 10:34:18,139 - 河北.py[line:119] - INFO: >>>>>>>>第6页1058500018获取成功
2024-01-11 10:34:38,463 - 河北.py[line:142] - INFO: >>>>>>>>>>>>第6页异常：HTTPConnectionPool(host='tunnel2.qg.net', port=13794): Max retries exceeded with url: http://xzzf.hbzwfw.gov.cn/punish/getPunishById?id=1058500017&lawtype=120 (Caused by ProxyError('Cannot connect to proxy.', RemoteDisconnected('Remote end closed connection without response')))
2024-01-11 10:34:39,869 - 河北.py[line:119] - INFO: >>>>>>>>第7页1058500008获取成功
2024-01-11 10:34:40,396 - 河北.py[line:119] - INFO: >>>>>>>>第7页1058500007获取成功
2024-01-11 10:34:41,144 - 河北.py[line:119] - INFO: >>>>>>>>第7页1058500006获取成功
2024-01-11 10:34:41,690 - 河北.py[line:119] - INFO: >>>>>>>>第7页1058500005获取成功
2024-01-11 10:34:42,539 - 河北.py[line:119] - INFO: >>>>>>>>第7页1058500004获取成功
2024-01-11 10:34:43,052 - 河北.py[line:119] - INFO: >>>>>>>>第7页1058500003获取成功
2024-01-11 10:34:43,663 - 河北.py[line:119] - INFO: >>>>>>>>第7页1058500002获取成功
2024-01-11 10:34:44,266 - 河北.py[line:119] - INFO: >>>>>>>>第7页1058500001获取成功
2024-01-11 10:34:44,869 - 河北.py[line:119] - INFO: >>>>>>>>第7页1058500000获取成功
2024-01-11 10:34:45,492 - 河北.py[line:119] - INFO: >>>>>>>>第7页1058499999获取成功
2024-01-11 10:34:46,954 - 河北.py[line:119] - INFO: >>>>>>>>第8页1058499998获取成功
2024-01-11 10:34:47,703 - 河北.py[line:119] - INFO: >>>>>>>>第8页1058499997获取成功
2024-01-11 10:34:48,281 - 河北.py[line:119] - INFO: >>>>>>>>第8页1058499996获取成功
2024-01-11 10:34:48,904 - 河北.py[line:119] - INFO: >>>>>>>>第8页1058499995获取成功
2024-01-11 10:34:49,519 - 河北.py[line:119] - INFO: >>>>>>>>第8页1058499994获取成功
2024-01-11 10:34:50,224 - 河北.py[line:119] - INFO: >>>>>>>>第8页1058499993获取成功
2024-01-11 10:34:50,811 - 河北.py[line:119] - INFO: >>>>>>>>第8页1058499992获取成功
2024-01-11 10:34:51,381 - 河北.py[line:119] - INFO: >>>>>>>>第8页1058499991获取成功
2024-01-11 10:34:51,781 - 河北.py[line:119] - INFO: >>>>>>>>第8页1058499990获取成功
2024-01-11 10:35:00,029 - 河北.py[line:119] - INFO: >>>>>>>>第8页1058499989获取成功
2024-01-11 10:35:01,261 - 河北.py[line:119] - INFO: >>>>>>>>第9页1058499991获取成功
2024-01-11 10:35:01,989 - 河北.py[line:119] - INFO: >>>>>>>>第9页1058499990获取成功
2024-01-11 10:35:02,489 - 河北.py[line:119] - INFO: >>>>>>>>第9页1058499989获取成功
2024-01-11 10:35:03,035 - 河北.py[line:119] - INFO: >>>>>>>>第9页1058499988获取成功
2024-01-11 10:35:03,687 - 河北.py[line:119] - INFO: >>>>>>>>第9页1058499987获取成功
2024-01-11 10:35:03,923 - 河北.py[line:142] - INFO: >>>>>>>>>>>>第9页异常：HTTPConnectionPool(host='tunnel2.qg.net', port=13794): Max retries exceeded with url: http://xzzf.hbzwfw.gov.cn/punish/getPunishById?id=1058499986&lawtype=120 (Caused by ProxyError('Cannot connect to proxy.', RemoteDisconnected('Remote end closed connection without response')))
2024-01-11 10:35:05,492 - 河北.py[line:119] - INFO: >>>>>>>>第10页1058499982获取成功
2024-01-11 10:35:05,755 - 河北.py[line:142] - INFO: >>>>>>>>>>>>第10页异常：HTTPConnectionPool(host='tunnel2.qg.net', port=13794): Max retries exceeded with url: http://xzzf.hbzwfw.gov.cn/punish/getPunishById?id=1058499981&lawtype=120 (Caused by ProxyError('Cannot connect to proxy.', RemoteDisconnected('Remote end closed connection without response')))
2024-01-11 10:35:07,176 - 河北.py[line:119] - INFO: >>>>>>>>第11页1058499972获取成功
2024-01-11 10:35:07,697 - 河北.py[line:119] - INFO: >>>>>>>>第11页1058499971获取成功
2024-01-11 10:35:08,187 - 河北.py[line:119] - INFO: >>>>>>>>第11页1058499970获取成功
2024-01-11 10:35:08,856 - 河北.py[line:119] - INFO: >>>>>>>>第11页1058499969获取成功
2024-01-11 10:35:54,507 - 河北.py[line:139] - INFO: >>>>>>>>第1页1058500074获取成功
2024-01-11 10:35:55,171 - 河北.py[line:139] - INFO: >>>>>>>>第1页1058500073获取成功
2024-01-11 10:35:55,595 - 河北.py[line:139] - INFO: >>>>>>>>第1页1058500072获取成功
2024-01-11 10:35:56,177 - 河北.py[line:139] - INFO: >>>>>>>>第1页1058500071获取成功
2024-01-11 10:35:56,737 - 河北.py[line:139] - INFO: >>>>>>>>第1页1058500070获取成功
2024-01-11 10:35:57,344 - 河北.py[line:139] - INFO: >>>>>>>>第1页1058500069获取成功
2024-01-11 10:35:57,986 - 河北.py[line:139] - INFO: >>>>>>>>第1页1058500068获取成功
2024-01-11 10:35:58,491 - 河北.py[line:139] - INFO: >>>>>>>>第1页1058500067获取成功
2024-01-11 10:36:00,347 - 河北.py[line:139] - INFO: >>>>>>>>第1页1058500066获取成功
2024-01-11 10:36:00,897 - 河北.py[line:139] - INFO: >>>>>>>>第1页1058500065获取成功
2024-01-11 10:36:02,455 - 河北.py[line:119] - INFO: >>>>>>>>第2页1058500064获取成功
2024-01-11 10:36:02,855 - 河北.py[line:119] - INFO: >>>>>>>>第2页1058500063获取成功
2024-01-11 10:36:03,376 - 河北.py[line:119] - INFO: >>>>>>>>第2页1058500062获取成功
2024-01-11 10:36:04,085 - 河北.py[line:119] - INFO: >>>>>>>>第2页1058500061获取成功
2024-01-11 10:36:04,602 - 河北.py[line:119] - INFO: >>>>>>>>第2页1058500060获取成功
2024-01-11 10:36:05,200 - 河北.py[line:119] - INFO: >>>>>>>>第2页1058500059获取成功
2024-01-11 10:36:05,852 - 河北.py[line:119] - INFO: >>>>>>>>第2页1058500058获取成功
2024-01-11 10:36:06,271 - 河北.py[line:119] - INFO: >>>>>>>>第2页1058500057获取成功
2024-01-11 10:36:25,563 - 河北.py[line:121] - INFO: >>>>>>>>>>>>第2页异常：('Connection broken: IncompleteRead(6897 bytes read, 3343 more expected)', IncompleteRead(6897 bytes read, 3343 more expected))
2024-01-11 10:36:27,105 - 河北.py[line:119] - INFO: >>>>>>>>第3页1058500054获取成功
2024-01-11 10:36:27,410 - 河北.py[line:121] - INFO: >>>>>>>>>>>>第3页异常：HTTPConnectionPool(host='tunnel2.qg.net', port=13794): Max retries exceeded with url: http://xzzf.hbzwfw.gov.cn/punish/getPunishById?id=1058500053&lawtype=120 (Caused by ProxyError('Cannot connect to proxy.', RemoteDisconnected('Remote end closed connection without response')))
2024-01-11 10:36:29,719 - 河北.py[line:119] - INFO: >>>>>>>>第4页1058500044获取成功
2024-01-11 10:36:30,205 - 河北.py[line:119] - INFO: >>>>>>>>第4页1058500043获取成功
2024-01-11 10:36:30,664 - 河北.py[line:119] - INFO: >>>>>>>>第4页1058500042获取成功
2024-01-11 10:36:31,212 - 河北.py[line:119] - INFO: >>>>>>>>第4页1058500041获取成功
2024-01-11 10:36:31,776 - 河北.py[line:119] - INFO: >>>>>>>>第4页1058500040获取成功
2024-01-11 10:36:32,331 - 河北.py[line:119] - INFO: >>>>>>>>第4页1058500039获取成功
2024-01-11 10:38:28,505 - 河北.py[line:139] - INFO: >>>>>>>>第1页1058500077获取成功
2024-01-11 10:38:29,557 - 河北.py[line:139] - INFO: >>>>>>>>第1页1058500076获取成功
2024-01-11 10:38:30,047 - 河北.py[line:139] - INFO: >>>>>>>>第1页1058500075获取成功
2024-01-11 10:38:32,861 - 河北.py[line:139] - INFO: >>>>>>>>第1页1058500074获取成功
2024-01-11 10:38:33,317 - 河北.py[line:139] - INFO: >>>>>>>>第1页1058500073获取成功
2024-01-11 10:38:33,859 - 河北.py[line:139] - INFO: >>>>>>>>第1页1058500072获取成功
2024-01-11 10:38:35,431 - 河北.py[line:139] - INFO: >>>>>>>>第1页1058500071获取成功
2024-01-11 10:38:35,889 - 河北.py[line:139] - INFO: >>>>>>>>第1页1058500070获取成功
2024-01-11 10:38:36,423 - 河北.py[line:139] - INFO: >>>>>>>>第1页1058500069获取成功
2024-01-11 10:38:36,944 - 河北.py[line:139] - INFO: >>>>>>>>第1页1058500068获取成功
2024-01-11 10:38:38,141 - 河北.py[line:119] - INFO: >>>>>>>>第2页1058500069获取成功
2024-01-11 10:38:38,676 - 河北.py[line:119] - INFO: >>>>>>>>第2页1058500068获取成功
2024-01-11 10:38:39,268 - 河北.py[line:119] - INFO: >>>>>>>>第2页1058500067获取成功
2024-01-11 10:38:39,653 - 河北.py[line:119] - INFO: >>>>>>>>第2页1058500066获取成功
2024-01-11 10:38:40,172 - 河北.py[line:119] - INFO: >>>>>>>>第2页1058500065获取成功
2024-01-11 10:38:40,701 - 河北.py[line:119] - INFO: >>>>>>>>第2页1058500064获取成功
2024-01-11 10:38:41,441 - 河北.py[line:119] - INFO: >>>>>>>>第2页1058500063获取成功
2024-01-11 10:39:59,778 - 河北.py[line:159] - INFO: >>>>>>>>第1页1058500082获取成功
2024-01-11 10:40:00,311 - 河北.py[line:159] - INFO: >>>>>>>>第1页1058500081获取成功
2024-01-11 10:40:00,878 - 河北.py[line:159] - INFO: >>>>>>>>第1页1058500080获取成功
2024-01-11 10:40:01,347 - 河北.py[line:159] - INFO: >>>>>>>>第1页1058500079获取成功
2024-01-11 10:40:01,871 - 河北.py[line:159] - INFO: >>>>>>>>第1页1058500078获取成功
2024-01-11 10:40:02,550 - 河北.py[line:159] - INFO: >>>>>>>>第1页1058500077获取成功
2024-01-11 10:40:03,073 - 河北.py[line:159] - INFO: >>>>>>>>第1页1058500076获取成功
2024-01-11 10:40:03,590 - 河北.py[line:159] - INFO: >>>>>>>>第1页1058500075获取成功
2024-01-11 10:40:04,175 - 河北.py[line:159] - INFO: >>>>>>>>第1页1058500074获取成功
2024-01-11 10:40:04,773 - 河北.py[line:159] - INFO: >>>>>>>>第1页1058500073获取成功
2024-01-11 10:40:08,166 - 河北.py[line:120] - INFO: >>>>>>>>第2页1058500072获取成功
2024-01-11 10:40:08,899 - 河北.py[line:120] - INFO: >>>>>>>>第2页1058500071获取成功
2024-01-11 10:40:09,587 - 河北.py[line:120] - INFO: >>>>>>>>第2页1058500070获取成功
2024-01-11 10:40:10,104 - 河北.py[line:120] - INFO: >>>>>>>>第2页1058500069获取成功
2024-01-11 10:40:11,077 - 河北.py[line:120] - INFO: >>>>>>>>第2页1058500068获取成功
2024-01-11 10:40:15,153 - 河北.py[line:120] - INFO: >>>>>>>>第2页1058500067获取成功
2024-01-11 10:40:16,169 - 河北.py[line:120] - INFO: >>>>>>>>第2页1058500066获取成功
2024-01-11 10:40:16,747 - 河北.py[line:120] - INFO: >>>>>>>>第2页1058500065获取成功
2024-01-11 10:40:17,310 - 河北.py[line:120] - INFO: >>>>>>>>第2页1058500064获取成功
2024-01-11 10:40:17,881 - 河北.py[line:120] - INFO: >>>>>>>>第2页1058500063获取成功
2024-01-11 10:40:21,216 - 河北.py[line:120] - INFO: >>>>>>>>第3页1058500062获取成功
2024-01-11 10:40:21,790 - 河北.py[line:120] - INFO: >>>>>>>>第3页1058500061获取成功
2024-01-11 10:40:49,358 - 河北.py[line:120] - INFO: >>>>>>>>第3页1058500060获取成功
2024-01-11 10:40:50,393 - 河北.py[line:120] - INFO: >>>>>>>>第3页1058500059获取成功
2024-01-11 10:40:51,033 - 河北.py[line:120] - INFO: >>>>>>>>第3页1058500058获取成功
2024-01-11 10:40:51,494 - 河北.py[line:120] - INFO: >>>>>>>>第3页1058500057获取成功
2024-01-11 10:40:52,406 - 河北.py[line:120] - INFO: >>>>>>>>第3页1058500056获取成功
2024-01-11 10:40:52,853 - 河北.py[line:120] - INFO: >>>>>>>>第3页1058500055获取成功
2024-01-11 10:40:53,461 - 河北.py[line:120] - INFO: >>>>>>>>第3页1058500054获取成功
2024-01-11 10:40:53,896 - 河北.py[line:120] - INFO: >>>>>>>>第3页1058500053获取成功
2024-01-11 10:40:57,544 - 河北.py[line:120] - INFO: >>>>>>>>第4页1058500053获取成功
2024-01-11 10:41:00,884 - 河北.py[line:120] - INFO: >>>>>>>>第4页1058500052获取成功
2024-01-11 10:41:01,472 - 河北.py[line:120] - INFO: >>>>>>>>第4页1058500051获取成功
2024-01-11 10:41:01,955 - 河北.py[line:120] - INFO: >>>>>>>>第4页1058500050获取成功
2024-01-11 10:41:02,493 - 河北.py[line:120] - INFO: >>>>>>>>第4页1058500049获取成功
2024-01-11 10:41:08,774 - 河北.py[line:120] - INFO: >>>>>>>>第4页1058500048获取成功
2024-01-11 10:41:09,168 - 河北.py[line:120] - INFO: >>>>>>>>第4页1058500047获取成功
2024-01-11 10:41:09,756 - 河北.py[line:120] - INFO: >>>>>>>>第4页1058500046获取成功
2024-01-11 10:41:10,362 - 河北.py[line:120] - INFO: >>>>>>>>第4页1058500045获取成功
2024-01-11 10:41:12,565 - 河北.py[line:120] - INFO: >>>>>>>>第4页1058500044获取成功
2024-01-11 10:41:16,564 - 河北.py[line:120] - INFO: >>>>>>>>第5页1058500044获取成功
2024-01-11 10:41:17,111 - 河北.py[line:120] - INFO: >>>>>>>>第5页1058500043获取成功
2024-01-11 10:41:17,652 - 河北.py[line:120] - INFO: >>>>>>>>第5页1058500042获取成功
2024-01-11 10:41:18,121 - 河北.py[line:120] - INFO: >>>>>>>>第5页1058500041获取成功
2024-01-11 10:41:18,855 - 河北.py[line:120] - INFO: >>>>>>>>第5页1058500040获取成功
2024-01-11 10:41:19,480 - 河北.py[line:120] - INFO: >>>>>>>>第5页1058500039获取成功
2024-01-11 10:41:20,198 - 河北.py[line:120] - INFO: >>>>>>>>第5页1058500038获取成功
2024-01-11 10:41:20,849 - 河北.py[line:120] - INFO: >>>>>>>>第5页1058500037获取成功
2024-01-11 10:41:21,538 - 河北.py[line:120] - INFO: >>>>>>>>第5页1058500036获取成功
2024-01-11 10:41:22,077 - 河北.py[line:120] - INFO: >>>>>>>>第5页1058500035获取成功
2024-01-11 10:41:25,374 - 河北.py[line:120] - INFO: >>>>>>>>第6页1058500034获取成功
2024-01-11 10:41:26,091 - 河北.py[line:120] - INFO: >>>>>>>>第6页1058500033获取成功
2024-01-11 10:41:26,761 - 河北.py[line:120] - INFO: >>>>>>>>第6页1058500032获取成功
2024-01-11 10:41:28,361 - 河北.py[line:120] - INFO: >>>>>>>>第6页1058500031获取成功
2024-01-11 10:41:29,011 - 河北.py[line:120] - INFO: >>>>>>>>第6页1058500030获取成功
2024-01-11 10:41:29,634 - 河北.py[line:120] - INFO: >>>>>>>>第6页1058500029获取成功
2024-01-11 10:41:31,195 - 河北.py[line:120] - INFO: >>>>>>>>第6页1058500028获取成功
2024-01-11 10:41:32,714 - 河北.py[line:120] - INFO: >>>>>>>>第6页1058500027获取成功
2024-01-11 10:41:33,275 - 河北.py[line:120] - INFO: >>>>>>>>第6页1058500026获取成功
2024-01-11 10:41:33,877 - 河北.py[line:120] - INFO: >>>>>>>>第6页1058500025获取成功
2024-01-11 10:41:37,172 - 河北.py[line:120] - INFO: >>>>>>>>第7页1058500024获取成功
2024-01-11 10:41:37,605 - 河北.py[line:120] - INFO: >>>>>>>>第7页1058500023获取成功
2024-01-11 10:41:39,248 - 河北.py[line:120] - INFO: >>>>>>>>第7页1058500022获取成功
2024-01-11 10:41:39,964 - 河北.py[line:120] - INFO: >>>>>>>>第7页1058500021获取成功
2024-01-11 10:41:40,484 - 河北.py[line:120] - INFO: >>>>>>>>第7页1058500020获取成功
2024-01-11 10:41:40,998 - 河北.py[line:120] - INFO: >>>>>>>>第7页1058500019获取成功
2024-01-11 10:41:41,502 - 河北.py[line:120] - INFO: >>>>>>>>第7页1058500018获取成功
2024-01-11 10:41:42,085 - 河北.py[line:120] - INFO: >>>>>>>>第7页1058500017获取成功
2024-01-11 10:41:42,766 - 河北.py[line:120] - INFO: >>>>>>>>第7页1058500016获取成功
2024-01-11 10:41:43,370 - 河北.py[line:120] - INFO: >>>>>>>>第7页1058500015获取成功
2024-01-11 10:41:46,693 - 河北.py[line:120] - INFO: >>>>>>>>第8页1058500015获取成功
2024-01-11 10:41:47,578 - 河北.py[line:120] - INFO: >>>>>>>>第8页1058500014获取成功
2024-01-11 10:41:48,078 - 河北.py[line:120] - INFO: >>>>>>>>第8页1058500013获取成功
2024-01-11 10:41:48,656 - 河北.py[line:120] - INFO: >>>>>>>>第8页1058500012获取成功
2024-01-11 10:41:49,383 - 河北.py[line:120] - INFO: >>>>>>>>第8页1058500011获取成功
2024-01-11 10:41:50,113 - 河北.py[line:120] - INFO: >>>>>>>>第8页1058500010获取成功
2024-01-11 10:41:50,624 - 河北.py[line:120] - INFO: >>>>>>>>第8页1058500009获取成功
2024-01-11 10:41:52,064 - 河北.py[line:120] - INFO: >>>>>>>>第8页1058500008获取成功
2024-01-11 10:41:52,580 - 河北.py[line:120] - INFO: >>>>>>>>第8页1058500007获取成功
2024-01-11 10:41:54,487 - 河北.py[line:120] - INFO: >>>>>>>>第8页1058500006获取成功
2024-01-11 10:41:57,861 - 河北.py[line:120] - INFO: >>>>>>>>第9页1058500006获取成功
2024-01-11 10:41:58,331 - 河北.py[line:120] - INFO: >>>>>>>>第9页1058500005获取成功
2024-01-11 10:41:58,969 - 河北.py[line:120] - INFO: >>>>>>>>第9页1058500004获取成功
2024-01-11 10:41:59,472 - 河北.py[line:120] - INFO: >>>>>>>>第9页1058500003获取成功
2024-01-11 10:41:59,881 - 河北.py[line:120] - INFO: >>>>>>>>第9页1058500002获取成功
2024-01-11 10:42:00,358 - 河北.py[line:120] - INFO: >>>>>>>>第9页1058500001获取成功
2024-01-11 10:42:00,936 - 河北.py[line:120] - INFO: >>>>>>>>第9页1058500000获取成功
2024-01-11 10:42:01,414 - 河北.py[line:120] - INFO: >>>>>>>>第9页1058499999获取成功
2024-01-11 10:42:02,093 - 河北.py[line:120] - INFO: >>>>>>>>第9页1058499998获取成功
2024-01-11 10:42:02,806 - 河北.py[line:120] - INFO: >>>>>>>>第9页1058499997获取成功
2024-01-11 10:42:06,428 - 河北.py[line:120] - INFO: >>>>>>>>第10页1058499996获取成功
2024-01-11 10:42:07,559 - 河北.py[line:120] - INFO: >>>>>>>>第10页1058499995获取成功
2024-01-11 10:42:08,244 - 河北.py[line:120] - INFO: >>>>>>>>第10页1058499994获取成功
2024-01-11 10:42:08,991 - 河北.py[line:120] - INFO: >>>>>>>>第10页1058499993获取成功
2024-01-11 10:42:09,648 - 河北.py[line:120] - INFO: >>>>>>>>第10页1058499992获取成功
2024-01-11 10:42:10,371 - 河北.py[line:120] - INFO: >>>>>>>>第10页1058499991获取成功
2024-01-11 10:42:10,828 - 河北.py[line:120] - INFO: >>>>>>>>第10页1058499990获取成功
2024-01-11 10:42:11,266 - 河北.py[line:120] - INFO: >>>>>>>>第10页1058499989获取成功
2024-01-11 10:42:11,895 - 河北.py[line:120] - INFO: >>>>>>>>第10页1058499988获取成功
2024-01-11 10:42:12,494 - 河北.py[line:120] - INFO: >>>>>>>>第10页1058499987获取成功
2024-01-11 10:42:15,681 - 河北.py[line:120] - INFO: >>>>>>>>第11页1058499986获取成功
2024-01-11 10:42:21,072 - 河北.py[line:120] - INFO: >>>>>>>>第11页1058499985获取成功
2024-01-11 10:42:21,582 - 河北.py[line:120] - INFO: >>>>>>>>第11页1058499984获取成功
2024-01-11 10:42:22,115 - 河北.py[line:120] - INFO: >>>>>>>>第11页1058499983获取成功
2024-01-11 10:42:22,702 - 河北.py[line:120] - INFO: >>>>>>>>第11页1058499982获取成功
2024-01-11 10:42:23,099 - 河北.py[line:120] - INFO: >>>>>>>>第11页1058499981获取成功
2024-01-11 10:42:23,434 - 河北.py[line:122] - INFO: >>>>>>>>>>>>1第11页异常：HTTPConnectionPool(host='tunnel2.qg.net', port=13794): Max retries exceeded with url: http://xzzf.hbzwfw.gov.cn/punish/getPunishById?id=1058499980&lawtype=120 (Caused by ProxyError('Cannot connect to proxy.', RemoteDisconnected('Remote end closed connection without response')))
2024-01-11 10:42:31,967 - 河北.py[line:140] - INFO: >>>>>>>>1第11页1058499986获取成功
2024-01-11 10:42:32,430 - 河北.py[line:140] - INFO: >>>>>>>>1第11页1058499985获取成功
2024-01-11 10:42:32,936 - 河北.py[line:140] - INFO: >>>>>>>>1第11页1058499984获取成功
2024-01-11 10:42:33,672 - 河北.py[line:140] - INFO: >>>>>>>>1第11页1058499983获取成功
2024-01-11 10:42:34,140 - 河北.py[line:140] - INFO: >>>>>>>>1第11页1058499982获取成功
2024-01-11 10:42:34,674 - 河北.py[line:140] - INFO: >>>>>>>>1第11页1058499981获取成功
2024-01-11 10:42:35,127 - 河北.py[line:140] - INFO: >>>>>>>>1第11页1058499980获取成功
2024-01-11 10:42:35,774 - 河北.py[line:140] - INFO: >>>>>>>>1第11页1058499979获取成功
2024-01-11 10:42:36,326 - 河北.py[line:140] - INFO: >>>>>>>>1第11页1058499978获取成功
2024-01-11 10:42:36,766 - 河北.py[line:140] - INFO: >>>>>>>>1第11页1058499977获取成功
2024-01-11 10:42:40,364 - 河北.py[line:120] - INFO: >>>>>>>>第12页1058499976获取成功
2024-01-11 10:42:40,862 - 河北.py[line:120] - INFO: >>>>>>>>第12页1058499975获取成功
2024-01-11 10:42:41,393 - 河北.py[line:120] - INFO: >>>>>>>>第12页1058499974获取成功
2024-01-11 10:42:41,952 - 河北.py[line:120] - INFO: >>>>>>>>第12页1058499973获取成功
2024-01-11 10:42:44,591 - 河北.py[line:120] - INFO: >>>>>>>>第12页1058499972获取成功
2024-01-11 10:42:45,053 - 河北.py[line:120] - INFO: >>>>>>>>第12页1058499971获取成功
2024-01-11 10:42:52,323 - 河北.py[line:120] - INFO: >>>>>>>>第12页1058499970获取成功
2024-01-11 10:42:53,381 - 河北.py[line:120] - INFO: >>>>>>>>第12页1058499969获取成功
2024-01-11 10:42:55,667 - 河北.py[line:120] - INFO: >>>>>>>>第12页1058499968获取成功
2024-01-11 10:45:06,387 - 河北.py[line:187] - INFO: >>>>>>>>第1页1058500092获取成功
2024-01-11 10:45:06,878 - 河北.py[line:187] - INFO: >>>>>>>>第1页1058500091获取成功
2024-01-11 10:45:07,353 - 河北.py[line:187] - INFO: >>>>>>>>第1页1058500090获取成功
2024-01-11 10:45:07,867 - 河北.py[line:187] - INFO: >>>>>>>>第1页1058500089获取成功
2024-01-11 10:45:08,451 - 河北.py[line:187] - INFO: >>>>>>>>第1页1058500088获取成功
2024-01-11 10:45:08,955 - 河北.py[line:187] - INFO: >>>>>>>>第1页1058500087获取成功
2024-01-11 10:45:09,469 - 河北.py[line:187] - INFO: >>>>>>>>第1页1058500086获取成功
2024-01-11 10:45:09,941 - 河北.py[line:187] - INFO: >>>>>>>>第1页1058500085获取成功
2024-01-11 10:45:17,447 - 河北.py[line:187] - INFO: >>>>>>>>第1页1058500084获取成功
2024-01-11 10:45:18,083 - 河北.py[line:187] - INFO: >>>>>>>>第1页1058500083获取成功
2024-01-11 10:45:21,461 - 河北.py[line:165] - INFO: >>>>>>>>第2页1058500082获取成功
2024-01-11 10:45:21,975 - 河北.py[line:165] - INFO: >>>>>>>>第2页1058500081获取成功
2024-01-11 10:45:22,820 - 河北.py[line:165] - INFO: >>>>>>>>第2页1058500080获取成功
2024-01-11 10:45:23,401 - 河北.py[line:165] - INFO: >>>>>>>>第2页1058500079获取成功
2024-01-11 10:45:23,978 - 河北.py[line:165] - INFO: >>>>>>>>第2页1058500078获取成功
2024-01-11 10:45:24,635 - 河北.py[line:165] - INFO: >>>>>>>>第2页1058500077获取成功
2024-01-11 10:45:25,406 - 河北.py[line:165] - INFO: >>>>>>>>第2页1058500076获取成功
2024-01-11 10:45:45,982 - 河北.py[line:165] - INFO: >>>>>>>>第2页1058500075获取成功
2024-01-11 10:45:46,707 - 河北.py[line:165] - INFO: >>>>>>>>第2页1058500074获取成功
2024-01-11 10:45:47,197 - 河北.py[line:165] - INFO: >>>>>>>>第2页1058500073获取成功
2024-01-11 10:45:50,694 - 河北.py[line:165] - INFO: >>>>>>>>第3页1058500072获取成功
2024-01-11 10:45:55,968 - 河北.py[line:165] - INFO: >>>>>>>>第3页1058500071获取成功
2024-01-11 10:45:56,291 - 河北.py[line:89] - INFO: >>>>>>>>>>>>异常：HTTPConnectionPool(host='tunnel2.qg.net', port=13794): Max retries exceeded with url: http://xzzf.hbzwfw.gov.cn/punish/getPunishById?id=1058500070&lawtype=120 (Caused by ProxyError('Cannot connect to proxy.', RemoteDisconnected('Remote end closed connection without response')))
2024-01-11 10:46:06,856 - 河北.py[line:165] - INFO: >>>>>>>>第3页1058500070获取成功
2024-01-11 10:46:07,313 - 河北.py[line:165] - INFO: >>>>>>>>第3页1058500069获取成功
2024-01-11 10:46:11,286 - 河北.py[line:165] - INFO: >>>>>>>>第3页1058500068获取成功
2024-01-11 10:46:11,816 - 河北.py[line:165] - INFO: >>>>>>>>第3页1058500067获取成功
2024-01-11 10:46:12,333 - 河北.py[line:165] - INFO: >>>>>>>>第3页1058500066获取成功
2024-01-11 10:46:12,791 - 河北.py[line:165] - INFO: >>>>>>>>第3页1058500065获取成功
2024-01-11 10:46:13,413 - 河北.py[line:165] - INFO: >>>>>>>>第3页1058500064获取成功
2024-01-11 10:46:14,100 - 河北.py[line:165] - INFO: >>>>>>>>第3页1058500063获取成功
2024-01-11 10:48:31,278 - 河北.py[line:186] - INFO: >>>>>>>>第1页1058500096获取成功
2024-01-11 10:48:31,769 - 河北.py[line:186] - INFO: >>>>>>>>第1页1058500095获取成功
2024-01-11 10:48:58,162 - 河北.py[line:186] - INFO: >>>>>>>>第1页1058500097获取成功
2024-01-11 10:48:58,684 - 河北.py[line:186] - INFO: >>>>>>>>第1页1058500096获取成功
2024-01-11 10:48:59,186 - 河北.py[line:186] - INFO: >>>>>>>>第1页1058500095获取成功
2024-01-11 10:48:59,848 - 河北.py[line:186] - INFO: >>>>>>>>第1页1058500094获取成功
2024-01-11 10:49:00,365 - 河北.py[line:88] - INFO: >>>>>>>>>>>>异常：list index out of range
2024-01-11 10:49:38,595 - 河北.py[line:186] - INFO: >>>>>>>>第1页1058500099获取成功
2024-01-11 10:49:41,274 - 河北.py[line:186] - INFO: >>>>>>>>第1页1058500098获取成功
2024-01-11 10:49:44,375 - 河北.py[line:186] - INFO: >>>>>>>>第1页1058500097获取成功
2024-01-11 10:49:48,188 - 河北.py[line:186] - INFO: >>>>>>>>第1页1058500096获取成功
2024-01-11 10:49:50,622 - 河北.py[line:186] - INFO: >>>>>>>>第1页1058500095获取成功
2024-01-11 10:49:58,420 - 河北.py[line:186] - INFO: >>>>>>>>第1页1058500094获取成功
2024-01-11 10:50:13,297 - 河北.py[line:88] - INFO: >>>>>>>>>>>>异常：list index out of range
2024-01-11 10:50:43,099 - 河北.py[line:186] - INFO: >>>>>>>>第1页1058500103获取成功
2024-01-11 10:51:08,763 - 河北.py[line:186] - INFO: >>>>>>>>第1页1058500102获取成功
2024-01-11 10:51:09,945 - 河北.py[line:186] - INFO: >>>>>>>>第1页1058500101获取成功
2024-01-11 10:51:11,124 - 河北.py[line:186] - INFO: >>>>>>>>第1页1058500100获取成功
2024-01-11 10:51:12,252 - 河北.py[line:186] - INFO: >>>>>>>>第1页1058500099获取成功
2024-01-11 10:51:13,291 - 河北.py[line:186] - INFO: >>>>>>>>第1页1058500098获取成功
2024-01-11 10:51:14,912 - 河北.py[line:186] - INFO: >>>>>>>>第1页1058500097获取成功
2024-01-11 10:51:34,625 - 河北.py[line:186] - INFO: >>>>>>>>第1页1058500096获取成功
2024-01-11 10:51:47,331 - 河北.py[line:186] - INFO: >>>>>>>>第1页1058500095获取成功
2024-01-11 10:52:01,480 - 河北.py[line:186] - INFO: >>>>>>>>第1页1058500094获取成功
2024-01-11 10:52:08,963 - 河北.py[line:88] - INFO: >>>>>>>>>>>>异常：list index out of range
2024-01-11 10:59:12,734 - 河北.py[line:222] - INFO: >>>>>>>>第1页1058500116获取成功
2024-01-11 10:59:13,179 - 河北.py[line:222] - INFO: >>>>>>>>第1页1058500115获取成功
2024-01-11 10:59:13,960 - 河北.py[line:222] - INFO: >>>>>>>>第1页1058500114获取成功
2024-01-11 10:59:14,569 - 河北.py[line:222] - INFO: >>>>>>>>第1页1058500113获取成功
2024-01-11 10:59:16,206 - 河北.py[line:222] - INFO: >>>>>>>>第1页1058500112获取成功
2024-01-11 10:59:16,788 - 河北.py[line:222] - INFO: >>>>>>>>第1页1058500111获取成功
2024-01-11 10:59:17,338 - 河北.py[line:222] - INFO: >>>>>>>>第1页1058500110获取成功
2024-01-11 10:59:17,844 - 河北.py[line:222] - INFO: >>>>>>>>第1页1058500109获取成功
2024-01-11 10:59:18,342 - 河北.py[line:222] - INFO: >>>>>>>>第1页1058500108获取成功
2024-01-11 10:59:19,000 - 河北.py[line:222] - INFO: >>>>>>>>第1页1058500107获取成功
2024-01-11 10:59:23,720 - 河北.py[line:200] - INFO: >>>>>>>>第2页1058500106获取成功
2024-01-11 10:59:24,310 - 河北.py[line:200] - INFO: >>>>>>>>第2页1058500105获取成功
2024-01-11 10:59:24,642 - 河北.py[line:124] - INFO: >>>>>>>>>>>>异常：HTTPConnectionPool(host='tunnel2.qg.net', port=13794): Max retries exceeded with url: http://xzzf.hbzwfw.gov.cn/punish/getPunishById?id=1058500104&lawtype=120 (Caused by ProxyError('Cannot connect to proxy.', RemoteDisconnected('Remote end closed connection without response')))
2024-01-11 10:59:35,367 - 河北.py[line:200] - INFO: >>>>>>>>第2页1058500104获取成功
2024-01-11 10:59:36,090 - 河北.py[line:200] - INFO: >>>>>>>>第2页1058500103获取成功
2024-01-11 10:59:36,622 - 河北.py[line:200] - INFO: >>>>>>>>第2页1058500102获取成功
2024-01-11 10:59:37,192 - 河北.py[line:200] - INFO: >>>>>>>>第2页1058500101获取成功
2024-01-11 10:59:37,773 - 河北.py[line:200] - INFO: >>>>>>>>第2页1058500100获取成功
2024-01-11 10:59:58,342 - 河北.py[line:200] - INFO: >>>>>>>>第2页1058500099获取成功
2024-01-11 10:59:58,973 - 河北.py[line:200] - INFO: >>>>>>>>第2页1058500098获取成功
2024-01-11 10:59:59,479 - 河北.py[line:200] - INFO: >>>>>>>>第2页1058500097获取成功
2024-01-11 11:00:02,739 - 河北.py[line:200] - INFO: >>>>>>>>第3页1058500096获取成功
2024-01-11 11:00:03,437 - 河北.py[line:200] - INFO: >>>>>>>>第3页1058500095获取成功
2024-01-11 11:00:04,102 - 河北.py[line:200] - INFO: >>>>>>>>第3页1058500094获取成功
2024-01-11 11:00:04,562 - 河北.py[line:124] - INFO: >>>>>>>>>>>>异常：list index out of range
2024-01-11 11:00:25,991 - 河北.py[line:124] - INFO: >>>>>>>>>>>>异常：list index out of range
2024-01-11 11:00:36,689 - 河北.py[line:202] - INFO: >>>>>>>>>>>>第3页异常：list index out of range
2024-01-11 11:00:44,576 - 河北.py[line:124] - INFO: >>>>>>>>>>>>异常：HTTPConnectionPool(host='tunnel2.qg.net', port=13794): Max retries exceeded with url: http://xzzf.hbzwfw.gov.cn/punish/getPunishById?id=1058500087&lawtype=120 (Caused by ProxyError('Cannot connect to proxy.', RemoteDisconnected('Remote end closed connection without response')))
2024-01-11 11:01:08,522 - 河北.py[line:258] - INFO: >>>>>>>>第1页1058500118获取成功
2024-01-11 11:01:08,821 - 河北.py[line:258] - INFO: >>>>>>>>第1页1058500117获取成功
2024-01-11 11:01:09,121 - 河北.py[line:258] - INFO: >>>>>>>>第1页1058500116获取成功
2024-01-11 11:01:09,414 - 河北.py[line:258] - INFO: >>>>>>>>第1页1058500115获取成功
2024-01-11 11:01:09,692 - 河北.py[line:258] - INFO: >>>>>>>>第1页1058500114获取成功
2024-01-11 11:01:09,977 - 河北.py[line:258] - INFO: >>>>>>>>第1页1058500113获取成功
2024-01-11 11:01:10,301 - 河北.py[line:258] - INFO: >>>>>>>>第1页1058500112获取成功
2024-01-11 11:01:10,592 - 河北.py[line:258] - INFO: >>>>>>>>第1页1058500111获取成功
2024-01-11 11:01:10,919 - 河北.py[line:258] - INFO: >>>>>>>>第1页1058500110获取成功
2024-01-11 11:01:11,298 - 河北.py[line:258] - INFO: >>>>>>>>第1页1058500109获取成功
2024-01-11 11:01:14,007 - 河北.py[line:236] - INFO: >>>>>>>>第2页1058500108获取成功
2024-01-11 11:01:14,314 - 河北.py[line:236] - INFO: >>>>>>>>第2页1058500107获取成功
2024-01-11 11:01:14,591 - 河北.py[line:236] - INFO: >>>>>>>>第2页1058500106获取成功
2024-01-11 11:01:14,884 - 河北.py[line:236] - INFO: >>>>>>>>第2页1058500105获取成功
2024-01-11 11:01:15,185 - 河北.py[line:236] - INFO: >>>>>>>>第2页1058500104获取成功
2024-01-11 11:01:15,481 - 河北.py[line:236] - INFO: >>>>>>>>第2页1058500103获取成功
2024-01-11 11:01:15,783 - 河北.py[line:236] - INFO: >>>>>>>>第2页1058500102获取成功
2024-01-11 11:01:16,123 - 河北.py[line:236] - INFO: >>>>>>>>第2页1058500101获取成功
2024-01-11 11:01:16,624 - 河北.py[line:236] - INFO: >>>>>>>>第2页1058500100获取成功
2024-01-11 11:01:17,006 - 河北.py[line:236] - INFO: >>>>>>>>第2页1058500099获取成功
2024-01-11 11:01:19,993 - 河北.py[line:236] - INFO: >>>>>>>>第3页1058500098获取成功
2024-01-11 11:01:20,228 - 河北.py[line:236] - INFO: >>>>>>>>第3页1058500097获取成功
2024-01-11 11:01:20,599 - 河北.py[line:236] - INFO: >>>>>>>>第3页1058500096获取成功
2024-01-11 11:01:21,001 - 河北.py[line:236] - INFO: >>>>>>>>第3页1058500095获取成功
2024-01-11 11:01:21,416 - 河北.py[line:236] - INFO: >>>>>>>>第3页1058500094获取成功
2024-01-11 11:01:21,733 - 河北.py[line:124] - INFO: >>>>>>>>>>>>异常：list index out of range
2024-01-11 11:02:11,143 - 河北.py[line:259] - INFO: >>>>>>>>第1页1058500121获取成功
2024-01-11 11:02:12,577 - 河北.py[line:259] - INFO: >>>>>>>>第1页1058500120获取成功
2024-01-11 11:02:14,329 - 河北.py[line:259] - INFO: >>>>>>>>第1页1058500119获取成功
2024-01-11 11:02:16,158 - 河北.py[line:259] - INFO: >>>>>>>>第1页1058500118获取成功
2024-01-11 11:02:17,572 - 河北.py[line:259] - INFO: >>>>>>>>第1页1058500117获取成功
2024-01-11 11:02:19,182 - 河北.py[line:259] - INFO: >>>>>>>>第1页1058500116获取成功
2024-01-11 11:02:20,786 - 河北.py[line:259] - INFO: >>>>>>>>第1页1058500115获取成功
2024-01-11 11:02:22,358 - 河北.py[line:259] - INFO: >>>>>>>>第1页1058500114获取成功
2024-01-11 11:02:24,065 - 河北.py[line:259] - INFO: >>>>>>>>第1页1058500113获取成功
2024-01-11 11:02:25,615 - 河北.py[line:259] - INFO: >>>>>>>>第1页1058500112获取成功
2024-01-11 11:02:31,084 - 河北.py[line:237] - INFO: >>>>>>>>第2页1058500112获取成功
2024-01-11 11:02:32,789 - 河北.py[line:237] - INFO: >>>>>>>>第2页1058500111获取成功
2024-01-11 11:02:35,853 - 河北.py[line:237] - INFO: >>>>>>>>第2页1058500110获取成功
2024-01-11 11:02:38,681 - 河北.py[line:237] - INFO: >>>>>>>>第2页1058500109获取成功
2024-01-11 11:02:40,228 - 河北.py[line:237] - INFO: >>>>>>>>第2页1058500108获取成功
2024-01-11 11:02:41,723 - 河北.py[line:237] - INFO: >>>>>>>>第2页1058500107获取成功
2024-01-11 11:02:43,262 - 河北.py[line:237] - INFO: >>>>>>>>第2页1058500106获取成功
2024-01-11 11:02:44,730 - 河北.py[line:237] - INFO: >>>>>>>>第2页1058500105获取成功
2024-01-11 11:02:46,639 - 河北.py[line:237] - INFO: >>>>>>>>第2页1058500104获取成功
2024-01-11 11:02:48,984 - 河北.py[line:237] - INFO: >>>>>>>>第2页1058500103获取成功
2024-01-11 11:02:57,279 - 河北.py[line:237] - INFO: >>>>>>>>第3页1058500102获取成功
2024-01-11 11:02:58,848 - 河北.py[line:237] - INFO: >>>>>>>>第3页1058500101获取成功
2024-01-11 11:03:00,544 - 河北.py[line:237] - INFO: >>>>>>>>第3页1058500100获取成功
2024-01-11 11:03:02,323 - 河北.py[line:237] - INFO: >>>>>>>>第3页1058500099获取成功
2024-01-11 11:03:03,924 - 河北.py[line:237] - INFO: >>>>>>>>第3页1058500098获取成功
2024-01-11 11:03:05,422 - 河北.py[line:237] - INFO: >>>>>>>>第3页1058500097获取成功
2024-01-11 11:03:07,090 - 河北.py[line:237] - INFO: >>>>>>>>第3页1058500096获取成功
2024-01-11 11:03:08,563 - 河北.py[line:237] - INFO: >>>>>>>>第3页1058500095获取成功
2024-01-11 11:03:10,169 - 河北.py[line:237] - INFO: >>>>>>>>第3页1058500094获取成功
2024-01-11 11:03:11,730 - 河北.py[line:124] - INFO: >>>>>>>>>>>>异常：list index out of range
2024-01-11 11:03:32,828 - 河北.py[line:124] - INFO: >>>>>>>>>>>>异常：list index out of range
2024-01-11 11:04:01,890 - 河北.py[line:259] - INFO: >>>>>>>>第1页1058500124获取成功
2024-01-11 11:04:03,642 - 河北.py[line:259] - INFO: >>>>>>>>第1页1058500123获取成功
2024-01-11 11:04:05,283 - 河北.py[line:259] - INFO: >>>>>>>>第1页1058500122获取成功
2024-01-11 11:04:06,956 - 河北.py[line:259] - INFO: >>>>>>>>第1页1058500121获取成功
2024-01-11 11:04:08,551 - 河北.py[line:259] - INFO: >>>>>>>>第1页1058500120获取成功
2024-01-11 11:04:10,072 - 河北.py[line:259] - INFO: >>>>>>>>第1页1058500119获取成功
2024-01-11 11:04:11,614 - 河北.py[line:259] - INFO: >>>>>>>>第1页1058500118获取成功
2024-01-11 11:04:13,326 - 河北.py[line:259] - INFO: >>>>>>>>第1页1058500117获取成功
2024-01-11 11:04:15,589 - 河北.py[line:259] - INFO: >>>>>>>>第1页1058500116获取成功
2024-01-11 11:04:17,102 - 河北.py[line:259] - INFO: >>>>>>>>第1页1058500115获取成功
2024-01-11 11:04:20,864 - 河北.py[line:237] - INFO: >>>>>>>>第2页1058500114获取成功
2024-01-11 11:04:22,555 - 河北.py[line:237] - INFO: >>>>>>>>第2页1058500113获取成功
2024-01-11 11:04:24,781 - 河北.py[line:237] - INFO: >>>>>>>>第2页1058500112获取成功
2024-01-11 11:04:26,337 - 河北.py[line:237] - INFO: >>>>>>>>第2页1058500111获取成功
2024-01-11 11:04:28,156 - 河北.py[line:237] - INFO: >>>>>>>>第2页1058500110获取成功
2024-01-11 11:04:29,749 - 河北.py[line:237] - INFO: >>>>>>>>第2页1058500109获取成功
2024-01-11 11:04:31,219 - 河北.py[line:237] - INFO: >>>>>>>>第2页1058500108获取成功
2024-01-11 11:04:32,716 - 河北.py[line:237] - INFO: >>>>>>>>第2页1058500107获取成功
2024-01-11 11:04:34,338 - 河北.py[line:237] - INFO: >>>>>>>>第2页1058500106获取成功
2024-01-11 11:04:35,847 - 河北.py[line:237] - INFO: >>>>>>>>第2页1058500105获取成功
2024-01-11 11:04:38,146 - 河北.py[line:237] - INFO: >>>>>>>>第3页1058500104获取成功
2024-01-11 11:04:39,672 - 河北.py[line:237] - INFO: >>>>>>>>第3页1058500103获取成功
2024-01-11 11:04:41,554 - 河北.py[line:237] - INFO: >>>>>>>>第3页1058500102获取成功
2024-01-11 11:04:42,999 - 河北.py[line:237] - INFO: >>>>>>>>第3页1058500101获取成功
2024-01-11 11:04:44,440 - 河北.py[line:237] - INFO: >>>>>>>>第3页1058500100获取成功
2024-01-11 11:04:45,972 - 河北.py[line:237] - INFO: >>>>>>>>第3页1058500099获取成功
2024-01-11 11:04:47,555 - 河北.py[line:237] - INFO: >>>>>>>>第3页1058500098获取成功
2024-01-11 11:04:49,139 - 河北.py[line:237] - INFO: >>>>>>>>第3页1058500097获取成功
2024-01-11 11:04:50,956 - 河北.py[line:237] - INFO: >>>>>>>>第3页1058500096获取成功
2024-01-11 11:04:52,750 - 河北.py[line:237] - INFO: >>>>>>>>第3页1058500095获取成功
2024-01-11 11:04:55,120 - 河北.py[line:237] - INFO: >>>>>>>>第4页1058500094获取成功
2024-01-11 11:07:16,643 - 河北.py[line:259] - INFO: >>>>>>>>第1页1058500128获取成功
2024-01-11 11:07:27,348 - 河北.py[line:259] - INFO: >>>>>>>>第1页1058500128获取成功
2024-01-11 11:07:28,971 - 河北.py[line:259] - INFO: >>>>>>>>第1页1058500127获取成功
2024-01-11 11:07:30,629 - 河北.py[line:259] - INFO: >>>>>>>>第1页1058500126获取成功
2024-01-11 11:07:37,473 - 河北.py[line:259] - INFO: >>>>>>>>第1页1058500125获取成功
2024-01-11 11:07:38,989 - 河北.py[line:259] - INFO: >>>>>>>>第1页1058500124获取成功
2024-01-11 11:07:40,444 - 河北.py[line:259] - INFO: >>>>>>>>第1页1058500123获取成功
2024-01-11 11:07:42,046 - 河北.py[line:259] - INFO: >>>>>>>>第1页1058500122获取成功
2024-01-11 11:07:43,545 - 河北.py[line:259] - INFO: >>>>>>>>第1页1058500121获取成功
2024-01-11 11:07:45,465 - 河北.py[line:259] - INFO: >>>>>>>>第1页1058500120获取成功
2024-01-11 11:07:48,351 - 河北.py[line:259] - INFO: >>>>>>>>第1页1058500119获取成功
2024-01-11 11:07:48,686 - 河北.py[line:239] - INFO: >>>>>>>>>>>>第2页异常：HTTPConnectionPool(host='tunnel2.qg.net', port=13794): Max retries exceeded with url: http://xzzf.hbzwfw.gov.cn/punish/getpunish (Caused by ProxyError('Cannot connect to proxy.', RemoteDisconnected('Remote end closed connection without response')))
2024-01-11 11:07:56,356 - 河北.py[line:237] - INFO: >>>>>>>>第3页1058500109获取成功
2024-01-11 11:07:58,107 - 河北.py[line:237] - INFO: >>>>>>>>第3页1058500108获取成功
2024-01-11 11:07:59,497 - 河北.py[line:237] - INFO: >>>>>>>>第3页1058500107获取成功
2024-01-11 11:08:01,146 - 河北.py[line:237] - INFO: >>>>>>>>第3页1058500106获取成功
2024-01-11 11:08:02,805 - 河北.py[line:237] - INFO: >>>>>>>>第3页1058500105获取成功
2024-01-11 11:08:04,341 - 河北.py[line:237] - INFO: >>>>>>>>第3页1058500104获取成功
2024-01-11 11:08:05,930 - 河北.py[line:237] - INFO: >>>>>>>>第3页1058500103获取成功
2024-01-11 11:08:07,495 - 河北.py[line:237] - INFO: >>>>>>>>第3页1058500102获取成功
2024-01-11 11:08:09,003 - 河北.py[line:237] - INFO: >>>>>>>>第3页1058500101获取成功
2024-01-11 11:08:10,553 - 河北.py[line:237] - INFO: >>>>>>>>第3页1058500100获取成功
2024-01-11 11:08:13,025 - 河北.py[line:237] - INFO: >>>>>>>>第4页1058500099获取成功
2024-01-11 11:08:14,389 - 河北.py[line:237] - INFO: >>>>>>>>第4页1058500098获取成功
2024-01-11 11:08:16,012 - 河北.py[line:237] - INFO: >>>>>>>>第4页1058500097获取成功
2024-01-11 11:08:17,885 - 河北.py[line:237] - INFO: >>>>>>>>第4页1058500096获取成功
2024-01-11 11:08:19,554 - 河北.py[line:237] - INFO: >>>>>>>>第4页1058500095获取成功
2024-01-11 11:08:25,007 - 河北.py[line:237] - INFO: >>>>>>>>第4页1058500094获取成功
2024-01-11 11:08:26,640 - 河北.py[line:237] - INFO: >>>>>>>>第4页1058500093获取成功
2024-01-11 11:08:28,098 - 河北.py[line:237] - INFO: >>>>>>>>第4页1058500092获取成功
2024-01-11 11:08:29,648 - 河北.py[line:237] - INFO: >>>>>>>>第4页1058500091获取成功
2024-01-11 11:08:31,242 - 河北.py[line:237] - INFO: >>>>>>>>第4页1058500090获取成功
2024-01-11 11:08:33,989 - 河北.py[line:237] - INFO: >>>>>>>>第5页1058500098获取成功
2024-01-11 11:08:35,476 - 河北.py[line:237] - INFO: >>>>>>>>第5页1058500097获取成功
2024-01-11 11:08:37,288 - 河北.py[line:237] - INFO: >>>>>>>>第5页1058500096获取成功
2024-01-11 11:08:40,947 - 河北.py[line:237] - INFO: >>>>>>>>第5页1058500095获取成功
2024-01-11 11:08:42,838 - 河北.py[line:237] - INFO: >>>>>>>>第5页1058500094获取成功
2024-01-11 11:08:44,453 - 河北.py[line:237] - INFO: >>>>>>>>第5页1058500093获取成功
2024-01-11 11:08:46,171 - 河北.py[line:237] - INFO: >>>>>>>>第5页1058500092获取成功
2024-01-11 11:08:47,696 - 河北.py[line:237] - INFO: >>>>>>>>第5页1058500091获取成功
2024-01-11 11:08:49,142 - 河北.py[line:237] - INFO: >>>>>>>>第5页1058500090获取成功
2024-01-11 11:08:50,791 - 河北.py[line:237] - INFO: >>>>>>>>第5页1058500089获取成功
2024-01-11 11:08:53,193 - 河北.py[line:237] - INFO: >>>>>>>>第6页1058500091获取成功
2024-01-11 11:08:54,741 - 河北.py[line:237] - INFO: >>>>>>>>第6页1058500090获取成功
2024-01-11 11:08:56,305 - 河北.py[line:237] - INFO: >>>>>>>>第6页1058500089获取成功
2024-01-11 11:08:57,793 - 河北.py[line:237] - INFO: >>>>>>>>第6页1058500088获取成功
2024-01-11 11:08:59,287 - 河北.py[line:237] - INFO: >>>>>>>>第6页1058500087获取成功
2024-01-11 11:09:00,806 - 河北.py[line:237] - INFO: >>>>>>>>第6页1058500086获取成功
2024-01-11 11:09:08,334 - 河北.py[line:237] - INFO: >>>>>>>>第6页1058500085获取成功
2024-01-11 11:09:09,966 - 河北.py[line:237] - INFO: >>>>>>>>第6页1058500084获取成功
2024-01-11 11:09:11,556 - 河北.py[line:237] - INFO: >>>>>>>>第6页1058500083获取成功
2024-01-11 11:09:13,162 - 河北.py[line:237] - INFO: >>>>>>>>第6页1058500082获取成功
2024-01-11 11:09:15,312 - 河北.py[line:237] - INFO: >>>>>>>>第7页1058500082获取成功
2024-01-11 11:09:16,652 - 河北.py[line:237] - INFO: >>>>>>>>第7页1058500081获取成功
2024-01-11 11:09:18,359 - 河北.py[line:237] - INFO: >>>>>>>>第7页1058500080获取成功
2024-01-11 11:09:19,858 - 河北.py[line:237] - INFO: >>>>>>>>第7页1058500079获取成功
2024-01-11 11:09:21,428 - 河北.py[line:237] - INFO: >>>>>>>>第7页1058500078获取成功
2024-01-11 11:09:22,990 - 河北.py[line:237] - INFO: >>>>>>>>第7页1058500077获取成功
2024-01-11 11:09:38,786 - 河北.py[line:237] - INFO: >>>>>>>>第7页1058500076获取成功
2024-01-11 11:09:40,368 - 河北.py[line:237] - INFO: >>>>>>>>第7页1058500075获取成功
2024-01-11 11:09:41,871 - 河北.py[line:237] - INFO: >>>>>>>>第7页1058500074获取成功
2024-01-11 11:09:43,439 - 河北.py[line:237] - INFO: >>>>>>>>第7页1058500073获取成功
2024-01-11 11:09:45,613 - 河北.py[line:237] - INFO: >>>>>>>>第8页1058500074获取成功
2024-01-11 11:09:47,080 - 河北.py[line:237] - INFO: >>>>>>>>第8页1058500073获取成功
2024-01-11 11:09:48,574 - 河北.py[line:237] - INFO: >>>>>>>>第8页1058500072获取成功
2024-01-11 11:09:50,061 - 河北.py[line:237] - INFO: >>>>>>>>第8页1058500071获取成功
2024-01-11 11:09:51,662 - 河北.py[line:237] - INFO: >>>>>>>>第8页1058500070获取成功
2024-01-11 11:09:53,266 - 河北.py[line:237] - INFO: >>>>>>>>第8页1058500069获取成功
2024-01-11 11:09:55,122 - 河北.py[line:237] - INFO: >>>>>>>>第8页1058500068获取成功
2024-01-11 11:09:56,654 - 河北.py[line:237] - INFO: >>>>>>>>第8页1058500067获取成功
2024-01-11 11:09:58,155 - 河北.py[line:237] - INFO: >>>>>>>>第8页1058500066获取成功
2024-01-11 11:10:10,665 - 河北.py[line:279] - INFO: >>>>>>>>第1页1058500145获取成功
2024-01-11 11:10:12,228 - 河北.py[line:279] - INFO: >>>>>>>>第1页1058500144获取成功
2024-01-11 11:10:13,766 - 河北.py[line:279] - INFO: >>>>>>>>第1页1058500143获取成功
2024-01-11 11:10:15,221 - 河北.py[line:279] - INFO: >>>>>>>>第1页1058500142获取成功
2024-01-11 11:10:16,813 - 河北.py[line:279] - INFO: >>>>>>>>第1页1058500141获取成功
2024-01-11 11:10:31,967 - 河北.py[line:279] - INFO: >>>>>>>>第1页1058500145获取成功
2024-01-11 11:11:02,536 - 河北.py[line:279] - INFO: >>>>>>>>第1页1058500144获取成功
2024-01-11 11:11:03,072 - 河北.py[line:279] - INFO: >>>>>>>>第1页1058500143获取成功
2024-01-11 11:11:03,620 - 河北.py[line:279] - INFO: >>>>>>>>第1页1058500142获取成功
2024-01-11 11:11:04,382 - 河北.py[line:279] - INFO: >>>>>>>>第1页1058500141获取成功
2024-01-11 11:11:15,687 - 河北.py[line:279] - INFO: >>>>>>>>第1页1058500140获取成功
2024-01-11 11:11:16,184 - 河北.py[line:279] - INFO: >>>>>>>>第1页1058500139获取成功
2024-01-11 11:11:16,706 - 河北.py[line:279] - INFO: >>>>>>>>第1页1058500138获取成功
2024-01-11 11:11:17,168 - 河北.py[line:279] - INFO: >>>>>>>>第1页1058500137获取成功
2024-01-11 11:11:17,777 - 河北.py[line:279] - INFO: >>>>>>>>第1页1058500136获取成功
2024-01-11 11:11:19,044 - 河北.py[line:236] - INFO: >>>>>>>>第2页1058500138获取成功
2024-01-11 11:11:19,655 - 河北.py[line:236] - INFO: >>>>>>>>第2页1058500137获取成功
2024-01-11 11:11:20,178 - 河北.py[line:236] - INFO: >>>>>>>>第2页1058500136获取成功
2024-01-11 11:11:20,755 - 河北.py[line:236] - INFO: >>>>>>>>第2页1058500135获取成功
2024-01-11 11:11:21,349 - 河北.py[line:236] - INFO: >>>>>>>>第2页1058500134获取成功
2024-01-11 11:11:21,858 - 河北.py[line:236] - INFO: >>>>>>>>第2页1058500133获取成功
2024-01-11 11:11:22,333 - 河北.py[line:236] - INFO: >>>>>>>>第2页1058500132获取成功
2024-01-11 11:11:22,740 - 河北.py[line:236] - INFO: >>>>>>>>第2页1058500131获取成功
2024-01-11 11:11:23,350 - 河北.py[line:236] - INFO: >>>>>>>>第2页1058500130获取成功
2024-01-11 11:11:23,864 - 河北.py[line:236] - INFO: >>>>>>>>第2页1058500129获取成功
2024-01-11 11:11:25,144 - 河北.py[line:236] - INFO: >>>>>>>>第3页1058500129获取成功
2024-01-11 11:11:25,767 - 河北.py[line:236] - INFO: >>>>>>>>第3页1058500128获取成功
2024-01-11 11:11:27,923 - 河北.py[line:236] - INFO: >>>>>>>>第3页1058500127获取成功
2024-01-11 11:11:28,525 - 河北.py[line:236] - INFO: >>>>>>>>第3页1058500126获取成功
2024-01-11 11:11:29,033 - 河北.py[line:236] - INFO: >>>>>>>>第3页1058500125获取成功
2024-01-11 11:11:29,638 - 河北.py[line:236] - INFO: >>>>>>>>第3页1058500124获取成功
2024-01-11 11:11:30,226 - 河北.py[line:236] - INFO: >>>>>>>>第3页1058500123获取成功
2024-01-11 11:11:30,580 - 河北.py[line:236] - INFO: >>>>>>>>第3页1058500122获取成功
2024-01-11 11:11:31,057 - 河北.py[line:236] - INFO: >>>>>>>>第3页1058500121获取成功
2024-01-11 11:11:31,574 - 河北.py[line:236] - INFO: >>>>>>>>第3页1058500120获取成功
2024-01-11 11:11:32,956 - 河北.py[line:236] - INFO: >>>>>>>>第4页1058500119获取成功
2024-01-11 11:11:33,374 - 河北.py[line:236] - INFO: >>>>>>>>第4页1058500118获取成功
2024-01-11 11:11:33,734 - 河北.py[line:236] - INFO: >>>>>>>>第4页1058500117获取成功
2024-01-11 11:11:34,362 - 河北.py[line:236] - INFO: >>>>>>>>第4页1058500116获取成功
2024-01-11 11:11:34,822 - 河北.py[line:236] - INFO: >>>>>>>>第4页1058500115获取成功
2024-01-11 11:11:35,378 - 河北.py[line:236] - INFO: >>>>>>>>第4页1058500114获取成功
2024-01-11 11:11:35,957 - 河北.py[line:236] - INFO: >>>>>>>>第4页1058500113获取成功
2024-01-11 11:11:38,159 - 河北.py[line:236] - INFO: >>>>>>>>第4页1058500112获取成功
2024-01-11 11:11:38,683 - 河北.py[line:236] - INFO: >>>>>>>>第4页1058500111获取成功
2024-01-11 11:11:39,608 - 河北.py[line:236] - INFO: >>>>>>>>第4页1058500110获取成功
2024-01-11 11:11:43,716 - 河北.py[line:236] - INFO: >>>>>>>>第5页1058500109获取成功
2024-01-11 11:11:44,547 - 河北.py[line:236] - INFO: >>>>>>>>第5页1058500108获取成功
2024-01-11 11:11:45,124 - 河北.py[line:236] - INFO: >>>>>>>>第5页1058500107获取成功
2024-01-11 11:11:45,702 - 河北.py[line:236] - INFO: >>>>>>>>第5页1058500106获取成功
2024-01-11 11:11:46,174 - 河北.py[line:236] - INFO: >>>>>>>>第5页1058500105获取成功
2024-01-11 11:11:46,638 - 河北.py[line:236] - INFO: >>>>>>>>第5页1058500104获取成功
2024-01-11 11:11:47,167 - 河北.py[line:236] - INFO: >>>>>>>>第5页1058500103获取成功
2024-01-11 11:11:47,410 - 河北.py[line:124] - INFO: >>>>>>>>>>>>异常：HTTPConnectionPool(host='tunnel2.qg.net', port=13794): Max retries exceeded with url: http://xzzf.hbzwfw.gov.cn/punish/getPunishById?id=1058500102&lawtype=120 (Caused by ProxyError('Cannot connect to proxy.', RemoteDisconnected('Remote end closed connection without response')))
2024-01-11 11:11:58,065 - 河北.py[line:236] - INFO: >>>>>>>>第5页1058500102获取成功
2024-01-11 11:11:58,790 - 河北.py[line:236] - INFO: >>>>>>>>第5页1058500101获取成功
2024-01-11 11:11:59,243 - 河北.py[line:236] - INFO: >>>>>>>>第5页1058500100获取成功
2024-01-11 11:12:00,617 - 河北.py[line:236] - INFO: >>>>>>>>第6页1058500099获取成功
2024-01-11 11:12:01,128 - 河北.py[line:236] - INFO: >>>>>>>>第6页1058500098获取成功
2024-01-11 11:12:01,645 - 河北.py[line:236] - INFO: >>>>>>>>第6页1058500097获取成功
2024-01-11 11:12:02,133 - 河北.py[line:236] - INFO: >>>>>>>>第6页1058500096获取成功
2024-01-11 11:12:02,747 - 河北.py[line:236] - INFO: >>>>>>>>第6页1058500095获取成功
2024-01-11 11:12:03,358 - 河北.py[line:236] - INFO: >>>>>>>>第6页1058500094获取成功
2024-01-11 11:12:03,992 - 河北.py[line:236] - INFO: >>>>>>>>第6页1058500093获取成功
2024-01-11 11:12:04,543 - 河北.py[line:236] - INFO: >>>>>>>>第6页1058500092获取成功
2024-01-11 11:12:05,076 - 河北.py[line:236] - INFO: >>>>>>>>第6页1058500091获取成功
2024-01-11 11:12:06,236 - 河北.py[line:236] - INFO: >>>>>>>>第6页1058500090获取成功
2024-01-11 11:12:25,151 - 河北.py[line:236] - INFO: >>>>>>>>第7页1058500089获取成功
2024-01-11 11:12:25,665 - 河北.py[line:236] - INFO: >>>>>>>>第7页1058500088获取成功
2024-01-11 11:12:26,058 - 河北.py[line:236] - INFO: >>>>>>>>第7页1058500087获取成功
2024-01-11 11:12:26,678 - 河北.py[line:236] - INFO: >>>>>>>>第7页1058500086获取成功
2024-01-11 11:12:27,150 - 河北.py[line:236] - INFO: >>>>>>>>第7页1058500085获取成功
2024-01-11 11:12:29,600 - 河北.py[line:236] - INFO: >>>>>>>>第7页1058500084获取成功
2024-01-11 11:12:30,371 - 河北.py[line:236] - INFO: >>>>>>>>第7页1058500083获取成功
2024-01-11 11:12:31,077 - 河北.py[line:236] - INFO: >>>>>>>>第7页1058500082获取成功
2024-01-11 11:12:31,492 - 河北.py[line:236] - INFO: >>>>>>>>第7页1058500081获取成功
2024-01-11 11:12:31,977 - 河北.py[line:236] - INFO: >>>>>>>>第7页1058500080获取成功
2024-01-11 11:12:33,439 - 河北.py[line:236] - INFO: >>>>>>>>第8页1058500079获取成功
2024-01-11 11:12:37,154 - 河北.py[line:236] - INFO: >>>>>>>>第8页1058500078获取成功
2024-01-11 11:12:46,844 - 河北.py[line:236] - INFO: >>>>>>>>第8页1058500077获取成功
2024-01-11 11:12:48,372 - 河北.py[line:236] - INFO: >>>>>>>>第8页1058500076获取成功
2024-01-11 11:12:48,843 - 河北.py[line:236] - INFO: >>>>>>>>第8页1058500075获取成功
2024-01-11 11:12:49,325 - 河北.py[line:236] - INFO: >>>>>>>>第8页1058500074获取成功
2024-01-11 11:12:50,756 - 河北.py[line:236] - INFO: >>>>>>>>第8页1058500073获取成功
2024-01-11 11:12:51,233 - 河北.py[line:236] - INFO: >>>>>>>>第8页1058500072获取成功
2024-01-11 11:12:51,658 - 河北.py[line:236] - INFO: >>>>>>>>第8页1058500071获取成功
