2024-01-12 17:04:44,280 - 江西.py[line:86] - INFO: >>>>>>>>>>>>>>>>276B65C0EE9B65E422808AE3F098A0BC保存成功
2024-01-12 17:04:44,648 - 江西.py[line:86] - INFO: >>>>>>>>>>>>>>>>0E66AABB5379EB1D3C9669F20D2B19D1保存成功
2024-01-12 17:04:44,997 - 江西.py[line:86] - INFO: >>>>>>>>>>>>>>>>D904350B0C19001B990FADF17C83B510保存成功
2024-01-12 17:04:45,852 - 江西.py[line:86] - INFO: >>>>>>>>>>>>>>>>408CC757ABDA275487987840F2031795保存成功
2024-01-12 17:04:46,074 - 江西.py[line:86] - INFO: >>>>>>>>>>>>>>>>893361C01A8A1028510783D67E4CE023保存成功
2024-01-12 17:04:54,393 - 江西.py[line:86] - INFO: >>>>>>>>>>>>>>>>276B65C0EE9B65E422808AE3F098A0BC保存成功
2024-01-12 17:04:54,665 - 江西.py[line:86] - INFO: >>>>>>>>>>>>>>>>0E66AABB5379EB1D3C9669F20D2B19D1保存成功
2024-01-12 17:04:54,932 - 江西.py[line:86] - INFO: >>>>>>>>>>>>>>>>D904350B0C19001B990FADF17C83B510保存成功
2024-01-12 17:04:55,421 - 江西.py[line:86] - INFO: >>>>>>>>>>>>>>>>408CC757ABDA275487987840F2031795保存成功
2024-01-12 17:04:55,702 - 江西.py[line:86] - INFO: >>>>>>>>>>>>>>>>893361C01A8A1028510783D67E4CE023保存成功
2024-01-12 17:04:55,942 - 江西.py[line:86] - INFO: >>>>>>>>>>>>>>>>AEEB93CB127F7CAB6541CBAAB8F579BE保存成功
2024-01-12 17:04:56,224 - 江西.py[line:86] - INFO: >>>>>>>>>>>>>>>>D2632C39C160A5EA19B5130A911D7BAE保存成功
2024-01-12 17:04:56,512 - 江西.py[line:86] - INFO: >>>>>>>>>>>>>>>>34F359CC41EB4F358A7B45C30F1F8AE5保存成功
2024-01-13 11:17:05,156 - 江西.py[line:86] - INFO: >>>>>>>>>>>>>>>>276B65C0EE9B65E422808AE3F098A0BC保存成功
2024-01-13 11:17:05,295 - 江西.py[line:86] - INFO: >>>>>>>>>>>>>>>>0E66AABB5379EB1D3C9669F20D2B19D1保存成功
2024-01-13 11:17:05,424 - 江西.py[line:86] - INFO: >>>>>>>>>>>>>>>>D904350B0C19001B990FADF17C83B510保存成功
2024-01-13 11:17:05,521 - 江西.py[line:86] - INFO: >>>>>>>>>>>>>>>>408CC757ABDA275487987840F2031795保存成功
2024-01-13 11:17:05,608 - 江西.py[line:86] - INFO: >>>>>>>>>>>>>>>>893361C01A8A1028510783D67E4CE023保存成功
2024-01-13 11:17:05,709 - 江西.py[line:86] - INFO: >>>>>>>>>>>>>>>>AEEB93CB127F7CAB6541CBAAB8F579BE保存成功
2024-01-13 11:17:05,799 - 江西.py[line:86] - INFO: >>>>>>>>>>>>>>>>D2632C39C160A5EA19B5130A911D7BAE保存成功
2024-01-13 11:17:05,909 - 江西.py[line:86] - INFO: >>>>>>>>>>>>>>>>34F359CC41EB4F358A7B45C30F1F8AE5保存成功
2024-01-13 11:17:06,005 - 江西.py[line:86] - INFO: >>>>>>>>>>>>>>>>D2CEC6AAFD8EA2E2ED8F2E9DCAEECCE0保存成功
2024-01-13 11:17:06,106 - 江西.py[line:86] - INFO: >>>>>>>>>>>>>>>>6A8B3140E630AB67F99CCAA36C4A3625保存成功
2024-01-13 11:17:06,547 - 江西.py[line:86] - INFO: >>>>>>>>>>>>>>>>EE5752F79395C0D5D00DDC02D191862C保存成功
2024-01-13 11:17:06,639 - 江西.py[line:86] - INFO: >>>>>>>>>>>>>>>>9AA2415DA9E5A9C8BA628CFDC10A6218保存成功
2024-01-13 11:17:06,733 - 江西.py[line:86] - INFO: >>>>>>>>>>>>>>>>7603EA79A03F10ED2161E80419D53C04保存成功
2024-01-13 11:17:06,834 - 江西.py[line:86] - INFO: >>>>>>>>>>>>>>>>56E110EE59C4177B4DA1857ED81AF99D保存成功
2024-01-13 11:17:07,941 - 江西.py[line:86] - INFO: >>>>>>>>>>>>>>>>D7D8903B35457495F81F46F3C1B7BE19保存成功
2024-01-13 11:17:08,050 - 江西.py[line:86] - INFO: >>>>>>>>>>>>>>>>98C4E56FB75509057A5DCE89AF8FAE7E保存成功
2024-01-13 11:17:08,161 - 江西.py[line:86] - INFO: >>>>>>>>>>>>>>>>02A88051F66571625A4F57AC847AF549保存成功
2024-01-13 11:17:08,270 - 江西.py[line:86] - INFO: >>>>>>>>>>>>>>>>2FB8349857E8A98775556D7CE4AD0089保存成功
2024-01-13 11:17:08,383 - 江西.py[line:86] - INFO: >>>>>>>>>>>>>>>>9B746A9608A34827745570BAF78E113D保存成功
2024-01-13 11:17:08,492 - 江西.py[line:86] - INFO: >>>>>>>>>>>>>>>>2E4DBCDA3253CD8E4F7D114B1072F461保存成功
2024-01-13 11:17:08,926 - 江西.py[line:86] - INFO: >>>>>>>>>>>>>>>>280DDA228730DDC2AD3C2A6149BB1C6C保存成功
2024-01-16 11:51:35,866 - 山东.py[line:85] - INFO: >>>>>>>异常'catalogSearch'
2024-01-16 11:51:45,956 - 山东.py[line:85] - INFO: >>>>>>>异常'catalogSearch'
2024-01-16 11:51:57,392 - 山东.py[line:85] - INFO: >>>>>>>异常'catalogSearch'
2024-01-16 11:52:08,446 - 山东.py[line:85] - INFO: >>>>>>>异常'catalogSearch'
2024-01-16 11:52:18,565 - 山东.py[line:85] - INFO: >>>>>>>异常'catalogSearch'
2024-01-16 11:52:28,166 - 山东.py[line:85] - INFO: >>>>>>>异常'catalogSearch'
2024-01-16 11:52:42,432 - 山东.py[line:85] - INFO: >>>>>>>异常'catalogSearch'
2024-01-16 11:52:57,317 - 山东.py[line:85] - INFO: >>>>>>>异常'catalogSearch'
2024-01-16 11:53:08,946 - 山东.py[line:85] - INFO: >>>>>>>异常'catalogSearch'
2024-01-16 11:53:23,991 - 山东.py[line:85] - INFO: >>>>>>>异常'catalogSearch'
2024-01-16 11:53:40,223 - 山东.py[line:85] - INFO: >>>>>>>异常'catalogSearch'
2024-01-16 11:53:45,593 - 山东.py[line:85] - INFO: >>>>>>>异常'catalogSearch'
2024-01-16 11:53:59,444 - 山东.py[line:85] - INFO: >>>>>>>异常'catalogSearch'
2024-01-16 11:54:15,906 - 山东.py[line:85] - INFO: >>>>>>>异常'catalogSearch'
2024-01-16 11:54:30,042 - 山东.py[line:85] - INFO: >>>>>>>异常'catalogSearch'
2024-01-16 11:54:39,042 - 山东.py[line:85] - INFO: >>>>>>>异常'catalogSearch'
2024-01-16 11:54:52,280 - 山东.py[line:85] - INFO: >>>>>>>异常'catalogSearch'
2024-01-16 13:44:02,914 - 山东.py[line:86] - INFO: >>>>>>>异常'typeSourceSearch'
2024-01-16 13:44:22,930 - 山东.py[line:86] - INFO: >>>>>>>异常'typeSourceSearch'
2024-01-16 13:44:42,451 - 山东.py[line:75] - INFO: {'cf_sy': '经查,2023年12月22日10时48分,执法队员到北京市大兴区瀛海镇兴坤工地施工现场检查时发现,北京舜源昌顺建筑工程有限公司施工现场约柒平方米的裸露土方未苫盖,未采取有效防尘降尘措施行为,执法队员已拍照取证。', 'cf_nr': '经查,2023年12月22日10时48分,执法队员到北京市大兴区瀛海镇兴坤工地施工现场检查时发现,北京舜源昌顺建筑工程有限公司施工现场约柒平方米的裸露土方未苫盖,未采取有效防尘降尘措施行为,执法队员已拍照取证。', 'cf_wfxw': '《中华人民共和国大气污染防治法》', 'cf_sjly': '北京市大兴区瀛海镇人民政府', 'cf_wsh': '京大瀛海镇罚字z2024{140034号', 'cf_nr_fk': '1.0', 'cf_sjlydm': '11110224000088612T', 'uuid': '1b7cac2fc183560dcf18b006512b4a73', 'cf_yj': '《中华人民共和国大气污染防治法》', 'cf_cflb': '罚款', 'cf_jdrq': '2024-01-10', 'repairState': 0, 'cf_cfjgdm': '11110224000088612T', 'flowno': '98322497', 'cf_cfjg': '北京市大兴区瀛海镇人民政府', 'dataSource': '地方报送', 'recid': '6237A81EBAA24B19A649B9A8FC853018', 'tyshxydm': '91110111MACW9FX402', 'jgmc': '北京舜源昌顺建筑工程有限公司'}
2024-01-16 13:44:42,452 - 山东.py[line:76] - INFO: >>>>>>>>保存成功京大瀛海镇罚字z2024{140034号
2024-01-16 13:44:42,452 - 山东.py[line:75] - INFO: {'cf_sy': '经查,2023年12月06日08时51分,执法队员到北京市大兴区瀛海镇兴坤工地施工现场检查时发现,北京舜源昌顺建筑工程有限公司有大风天气未停止可能产生扬尘污染的施工作业行为,执法队员已拍照取证。', 'cf_nr': '经查,2023年12月06日08时51分,执法队员到北京市大兴区瀛海镇兴坤工地施工现场检查时发现,北京舜源昌顺建筑工程有限公司有大风天气未停止可能产生扬尘污染的施工作业行为,执法队员已拍照取证。', 'cf_wfxw': '《北京市大气污染防治条例》', 'cf_sjly': '北京市大兴区瀛海镇人民政府', 'cf_wsh': '京大瀛海镇罚字z2024{140036号', 'cf_nr_fk': '1.0', 'cf_sjlydm': '11110224000088612T', 'uuid': 'b6b4adde225260d6e12f8ab96cdfd7b6', 'cf_yj': '《北京市大气污染防治条例》', 'cf_cflb': '罚款', 'cf_jdrq': '2024-01-10', 'repairState': 0, 'cf_cfjgdm': '11110224000088612T', 'flowno': '98322514', 'cf_cfjg': '北京市大兴区瀛海镇人民政府', 'dataSource': '地方报送', 'recid': 'ADE4FBD3978848D0A6688C2AE7A2CD5A', 'tyshxydm': '91110111MACW9FX402', 'jgmc': '北京舜源昌顺建筑工程有限公司'}
2024-01-16 13:44:42,452 - 山东.py[line:76] - INFO: >>>>>>>>保存成功京大瀛海镇罚字z2024{140036号
2024-01-16 13:44:42,453 - 山东.py[line:86] - INFO: >>>>>>>异常'typeSourceSearch'
2024-01-16 13:44:55,936 - 山东.py[line:75] - INFO: {'cf_sy': '产品或者其包装上的标识不符合要求的行为、生产、销售不符合产品质量标准要求的产品的行为', 'cf_nr': '1、没收已售出部分销货款人民币117元;2、处罚款人民币117元。上述罚没款合计人民币234元。', 'cf_wfxw': '产品或者其包装上的标识不符合要求的行为、生产、销售不符合产品质量标准要求的产品的行为', 'cf_sjly': '厦门市市场监督管理局', 'cf_wsh': '厦海市监处罚z2024{2号', 'cf_nr_fk': '0.0117', 'cf_nr_wfff': '0.0117', 'cf_sjlydm': '11350200004140158W', 'uuid': '4f2b83e8e0d96dab6fdf691c87d8688c', 'cf_yj': '厦门经济特区产品质量监督管理条例z2009{第三十六条、厦门经济特区产品质量监督管理条例z2009{第三十五条', 'cf_cflb': '没收违法所得、没收非法财物;罚款', 'cf_jdrq': '2024-01-10', 'repairState': 1, 'cf_cfjgdm': '11350200004140158W', 'flowno': '98327827', 'cf_cfjg': '厦门市海沧区市场监督管理局', 'dataSource': '地方报送', 'recid': '760419009C9A400AB45EDC32036D4CE9', 'tyshxydm': '91350205303229486T', 'jgmc': '厦门爱德熊贸易有限公司'}
2024-01-16 13:44:55,936 - 山东.py[line:76] - INFO: >>>>>>>>保存成功厦海市监处罚z2024{2号
2024-01-16 13:44:55,936 - 山东.py[line:86] - INFO: >>>>>>>异常'typeSourceSearch'
2024-01-16 13:45:27,219 - 山东.py[line:75] - INFO: {'cf_sy': '经查,2023年12月22日10时48分,执法队员到北京市大兴区瀛海镇兴坤工地施工现场检查时发现,北京舜源昌顺建筑工程有限公司施工现场约柒平方米的裸露土方未苫盖,未采取有效防尘降尘措施行为,执法队员已拍照取证。', 'cf_nr': '经查,2023年12月22日10时48分,执法队员到北京市大兴区瀛海镇兴坤工地施工现场检查时发现,北京舜源昌顺建筑工程有限公司施工现场约柒平方米的裸露土方未苫盖,未采取有效防尘降尘措施行为,执法队员已拍照取证。', 'cf_wfxw': '《中华人民共和国大气污染防治法》', 'cf_sjly': '北京市大兴区瀛海镇人民政府', 'cf_wsh': '京大瀛海镇罚字z2024{140034号', 'cf_nr_fk': '1.0', 'cf_sjlydm': '11110224000088612T', 'uuid': '1b7cac2fc183560dcf18b006512b4a73', 'cf_yj': '《中华人民共和国大气污染防治法》', 'cf_cflb': '罚款', 'cf_jdrq': '2024-01-10', 'repairState': 0, 'cf_cfjgdm': '11110224000088612T', 'flowno': '98322497', 'cf_cfjg': '北京市大兴区瀛海镇人民政府', 'dataSource': '地方报送', 'recid': '6237A81EBAA24B19A649B9A8FC853018', 'tyshxydm': '91110111MACW9FX402', 'jgmc': '北京舜源昌顺建筑工程有限公司'}
2024-01-16 13:45:27,221 - 山东.py[line:76] - INFO: >>>>>>>>保存成功京大瀛海镇罚字z2024{140034号
2024-01-16 13:45:27,221 - 山东.py[line:75] - INFO: {'cf_sy': '经查,2023年12月06日08时51分,执法队员到北京市大兴区瀛海镇兴坤工地施工现场检查时发现,北京舜源昌顺建筑工程有限公司有大风天气未停止可能产生扬尘污染的施工作业行为,执法队员已拍照取证。', 'cf_nr': '经查,2023年12月06日08时51分,执法队员到北京市大兴区瀛海镇兴坤工地施工现场检查时发现,北京舜源昌顺建筑工程有限公司有大风天气未停止可能产生扬尘污染的施工作业行为,执法队员已拍照取证。', 'cf_wfxw': '《北京市大气污染防治条例》', 'cf_sjly': '北京市大兴区瀛海镇人民政府', 'cf_wsh': '京大瀛海镇罚字z2024{140036号', 'cf_nr_fk': '1.0', 'cf_sjlydm': '11110224000088612T', 'uuid': 'b6b4adde225260d6e12f8ab96cdfd7b6', 'cf_yj': '《北京市大气污染防治条例》', 'cf_cflb': '罚款', 'cf_jdrq': '2024-01-10', 'repairState': 0, 'cf_cfjgdm': '11110224000088612T', 'flowno': '98322514', 'cf_cfjg': '北京市大兴区瀛海镇人民政府', 'dataSource': '地方报送', 'recid': 'ADE4FBD3978848D0A6688C2AE7A2CD5A', 'tyshxydm': '91110111MACW9FX402', 'jgmc': '北京舜源昌顺建筑工程有限公司'}
2024-01-16 13:45:27,222 - 山东.py[line:76] - INFO: >>>>>>>>保存成功京大瀛海镇罚字z2024{140036号
2024-01-16 13:46:20,341 - 山东.py[line:75] - INFO: {'cf_sy': '经查,2023年12月22日10时48分,执法队员到北京市大兴区瀛海镇兴坤工地施工现场检查时发现,北京舜源昌顺建筑工程有限公司施工现场约柒平方米的裸露土方未苫盖,未采取有效防尘降尘措施行为,执法队员已拍照取证。', 'cf_nr': '经查,2023年12月22日10时48分,执法队员到北京市大兴区瀛海镇兴坤工地施工现场检查时发现,北京舜源昌顺建筑工程有限公司施工现场约柒平方米的裸露土方未苫盖,未采取有效防尘降尘措施行为,执法队员已拍照取证。', 'cf_wfxw': '《中华人民共和国大气污染防治法》', 'cf_sjly': '北京市大兴区瀛海镇人民政府', 'cf_wsh': '京大瀛海镇罚字z2024{140034号', 'cf_nr_fk': '1.0', 'cf_sjlydm': '11110224000088612T', 'uuid': '1b7cac2fc183560dcf18b006512b4a73', 'cf_yj': '《中华人民共和国大气污染防治法》', 'cf_cflb': '罚款', 'cf_jdrq': '2024-01-10', 'repairState': 0, 'cf_cfjgdm': '11110224000088612T', 'flowno': '98322497', 'cf_cfjg': '北京市大兴区瀛海镇人民政府', 'dataSource': '地方报送', 'recid': '6237A81EBAA24B19A649B9A8FC853018', 'tyshxydm': '91110111MACW9FX402', 'jgmc': '北京舜源昌顺建筑工程有限公司'}
2024-01-16 13:46:20,341 - 山东.py[line:76] - INFO: >>>>>>>>保存成功京大瀛海镇罚字z2024{140034号
2024-01-16 13:46:20,341 - 山东.py[line:75] - INFO: {'cf_sy': '经查,2023年12月06日08时51分,执法队员到北京市大兴区瀛海镇兴坤工地施工现场检查时发现,北京舜源昌顺建筑工程有限公司有大风天气未停止可能产生扬尘污染的施工作业行为,执法队员已拍照取证。', 'cf_nr': '经查,2023年12月06日08时51分,执法队员到北京市大兴区瀛海镇兴坤工地施工现场检查时发现,北京舜源昌顺建筑工程有限公司有大风天气未停止可能产生扬尘污染的施工作业行为,执法队员已拍照取证。', 'cf_wfxw': '《北京市大气污染防治条例》', 'cf_sjly': '北京市大兴区瀛海镇人民政府', 'cf_wsh': '京大瀛海镇罚字z2024{140036号', 'cf_nr_fk': '1.0', 'cf_sjlydm': '11110224000088612T', 'uuid': 'b6b4adde225260d6e12f8ab96cdfd7b6', 'cf_yj': '《北京市大气污染防治条例》', 'cf_cflb': '罚款', 'cf_jdrq': '2024-01-10', 'repairState': 0, 'cf_cfjgdm': '11110224000088612T', 'flowno': '98322514', 'cf_cfjg': '北京市大兴区瀛海镇人民政府', 'dataSource': '地方报送', 'recid': 'ADE4FBD3978848D0A6688C2AE7A2CD5A', 'tyshxydm': '91110111MACW9FX402', 'jgmc': '北京舜源昌顺建筑工程有限公司'}
2024-01-16 13:46:20,341 - 山东.py[line:76] - INFO: >>>>>>>>保存成功京大瀛海镇罚字z2024{140036号
2024-01-16 13:46:28,742 - 山东.py[line:75] - INFO: {'cf_sy': '产品或者其包装上的标识不符合要求的行为、生产、销售不符合产品质量标准要求的产品的行为', 'cf_nr': '1、没收已售出部分销货款人民币117元;2、处罚款人民币117元。上述罚没款合计人民币234元。', 'cf_wfxw': '产品或者其包装上的标识不符合要求的行为、生产、销售不符合产品质量标准要求的产品的行为', 'cf_sjly': '厦门市市场监督管理局', 'cf_wsh': '厦海市监处罚z2024{2号', 'cf_nr_fk': '0.0117', 'cf_nr_wfff': '0.0117', 'cf_sjlydm': '11350200004140158W', 'uuid': '4f2b83e8e0d96dab6fdf691c87d8688c', 'cf_yj': '厦门经济特区产品质量监督管理条例z2009{第三十六条、厦门经济特区产品质量监督管理条例z2009{第三十五条', 'cf_cflb': '没收违法所得、没收非法财物;罚款', 'cf_jdrq': '2024-01-10', 'repairState': 1, 'cf_cfjgdm': '11350200004140158W', 'flowno': '98327827', 'cf_cfjg': '厦门市海沧区市场监督管理局', 'dataSource': '地方报送', 'recid': '760419009C9A400AB45EDC32036D4CE9', 'tyshxydm': '91350205303229486T', 'jgmc': '厦门爱德熊贸易有限公司'}
2024-01-16 13:46:28,742 - 山东.py[line:76] - INFO: >>>>>>>>保存成功厦海市监处罚z2024{2号
2024-01-16 13:46:34,461 - 山东.py[line:75] - INFO: {'cf_sy': '临清市大唐物流有限公司涉嫌车辆在公路上擅自超限行驶（车货总质量超限）案', 'cf_nr': '对其进行处罚', 'cf_wfxw': '车辆在公路上擅自超限行驶（车货总质量超限）', 'cf_sjly': '高唐县交通运输局', 'cf_wsh': '371526202400134', 'cf_nr_fk': '0.15', 'cf_sjlydm': '11371526004444223E', 'uuid': '6d00db987722ad9a610a4f2f6721be9f', 'cf_yj': '《中华人民共和国公路法》第七十六条第（五）项,《公路安全保护条例》第六十四条,《超限运输车辆行驶公路管理规定》第四十三条第一款第（二）项', 'cf_cflb': '罚款', 'cf_jdrq': '2024-01-09', 'repairState': 0, 'cf_cfjgdm': '11371526004444223E', 'flowno': '98350442', 'cf_cfjg': '高唐县交通运输局', 'dataSource': '地方报送', 'recid': 'E0F1A55C8C7E48D5970F0DCD8C322ED7', 'tyshxydm': '9137158106298106XA', 'jgmc': '临清市大唐物流有限公司'}
2024-01-16 13:46:34,461 - 山东.py[line:76] - INFO: >>>>>>>>保存成功371526202400134
2024-01-16 13:46:34,461 - 山东.py[line:75] - INFO: {'cf_sy': '临清市大唐物流有限公司涉嫌车辆在公路上擅自超限行驶（车货总质量超限）案', 'cf_nr': '对其进行处罚', 'cf_wfxw': '车辆在公路上擅自超限行驶（车货总质量超限）', 'cf_sjly': '高唐县交通运输局', 'cf_wsh': '371526202400130', 'cf_nr_fk': '0.15', 'cf_sjlydm': '11371526004444223E', 'uuid': 'f76c75fcdeeacc1427c155da82f1b988', 'cf_yj': '《中华人民共和国公路法》第七十六条第（五）项,《公路安全保护条例》第六十四条,《超限运输车辆行驶公路管理规定》第四十三条第一款第（二）项', 'cf_cflb': '罚款', 'cf_jdrq': '2024-01-09', 'repairState': 0, 'cf_cfjgdm': '11371526004444223E', 'flowno': '98350478', 'cf_cfjg': '高唐县交通运输局', 'dataSource': '地方报送', 'recid': 'DF35E98D80634EF088B79C46270AF628', 'tyshxydm': '9137158106298106XA', 'jgmc': '临清市大唐物流有限公司'}
2024-01-16 13:46:34,461 - 山东.py[line:76] - INFO: >>>>>>>>保存成功371526202400130
2024-01-16 13:46:34,461 - 山东.py[line:75] - INFO: {'cf_sy': '临清市大唐物流有限公司涉嫌车辆在公路上擅自超限行驶（车货总质量超限）案', 'cf_nr': '对其进行处罚', 'cf_wfxw': '车辆在公路上擅自超限行驶（车货总质量超限）', 'cf_sjly': '高唐县交通运输局', 'cf_wsh': '371526202400135', 'cf_nr_fk': '0.05', 'cf_sjlydm': '11371526004444223E', 'uuid': 'aa0ac3ae9b809477f0b2d4469d50b7d8', 'cf_yj': '《中华人民共和国公路法》第七十六条第（五）项,《公路安全保护条例》第六十四条,《超限运输车辆行驶公路管理规定》第四十三条第一款第（二）项', 'cf_cflb': '罚款', 'cf_jdrq': '2024-01-09', 'repairState': 0, 'cf_cfjgdm': '11371526004444223E', 'flowno': '98350454', 'cf_cfjg': '高唐县交通运输局', 'dataSource': '地方报送', 'recid': '941480E0ABBB447AB32F8C1E26ED8996', 'tyshxydm': '9137158106298106XA', 'jgmc': '临清市大唐物流有限公司'}
2024-01-16 13:46:34,461 - 山东.py[line:76] - INFO: >>>>>>>>保存成功371526202400135
2024-01-16 13:46:34,462 - 山东.py[line:75] - INFO: {'cf_sy': '临清市大唐物流有限公司涉嫌车辆在公路上擅自超限行驶（车货总质量超限）案', 'cf_nr': '对其进行处罚', 'cf_wfxw': '车辆在公路上擅自超限行驶（车货总质量超限）', 'cf_sjly': '高唐县交通运输局', 'cf_wsh': '371526202400132', 'cf_nr_fk': '0.25', 'cf_sjlydm': '11371526004444223E', 'uuid': 'e945d9a68ba090b52e91dbff602d2a01', 'cf_yj': '《中华人民共和国公路法》第七十六条第（五）项,《公路安全保护条例》第六十四条,《超限运输车辆行驶公路管理规定》第四十三条第一款第（二）项', 'cf_cflb': '罚款', 'cf_jdrq': '2024-01-09', 'repairState': 0, 'cf_cfjgdm': '11371526004444223E', 'flowno': '98350436', 'cf_cfjg': '高唐县交通运输局', 'dataSource': '地方报送', 'recid': '8B7D4B4F1E9B40E49ADC90DCF2C2AD67', 'tyshxydm': '9137158106298106XA', 'jgmc': '临清市大唐物流有限公司'}
2024-01-16 13:46:34,465 - 山东.py[line:76] - INFO: >>>>>>>>保存成功371526202400132
2024-01-16 13:46:34,465 - 山东.py[line:75] - INFO: {'cf_sy': '临清市大唐物流有限公司涉嫌车辆在公路上擅自超限行驶（车货总质量超限）案', 'cf_nr': '对其进行处罚', 'cf_wfxw': '车辆在公路上擅自超限行驶（车货总质量超限）', 'cf_sjly': '高唐县交通运输局', 'cf_wsh': '371526202400131', 'cf_nr_fk': '0.5', 'cf_sjlydm': '11371526004444223E', 'uuid': '02dc6b6ad1ac8a371b2f73c2a5fd38fc', 'cf_yj': '《中华人民共和国公路法》第七十六条第（五）项,《公路安全保护条例》第六十四条,《超限运输车辆行驶公路管理规定》第四十三条第一款第（二）项', 'cf_cflb': '罚款', 'cf_jdrq': '2024-01-09', 'repairState': 0, 'cf_cfjgdm': '11371526004444223E', 'flowno': '98350443', 'cf_cfjg': '高唐县交通运输局', 'dataSource': '地方报送', 'recid': '898D921E6E0B43408AC8A56CE92F802A', 'tyshxydm': '9137158106298106XA', 'jgmc': '临清市大唐物流有限公司'}
2024-01-16 13:46:34,465 - 山东.py[line:76] - INFO: >>>>>>>>保存成功371526202400131
2024-01-16 13:46:34,465 - 山东.py[line:75] - INFO: {'cf_sy': '临清市大唐物流有限公司涉嫌车辆在公路上擅自超限行驶（车货总质量超限）案', 'cf_nr': '对其进行处罚', 'cf_wfxw': '车辆在公路上擅自超限行驶（车货总质量超限）', 'cf_sjly': '高唐县交通运输局', 'cf_wsh': '371526202400133', 'cf_nr_fk': '0.05', 'cf_sjlydm': '11371526004444223E', 'uuid': '08db59a6dd7a1b0e8b7d8b4e205dac57', 'cf_yj': '《中华人民共和国公路法》第七十六条第（五）项,《公路安全保护条例》第六十四条,《超限运输车辆行驶公路管理规定》第四十三条第一款第（二）项', 'cf_cflb': '罚款', 'cf_jdrq': '2024-01-09', 'repairState': 0, 'cf_cfjgdm': '11371526004444223E', 'flowno': '98350405', 'cf_cfjg': '高唐县交通运输局', 'dataSource': '地方报送', 'recid': '34F52289041947AF8721B1AF5BC413C5', 'tyshxydm': '9137158106298106XA', 'jgmc': '临清市大唐物流有限公司'}
2024-01-16 13:46:34,465 - 山东.py[line:76] - INFO: >>>>>>>>保存成功371526202400133
2024-01-16 13:46:34,465 - 山东.py[line:75] - INFO: {'cf_sy': '2023年04月27日03时23分,临清市大唐物流有限公司车辆在公路上擅自超限行驶（车货总质量超限）案', 'cf_nr': '对其进行罚款', 'cf_wfxw': '临清市大唐物流有限公司涉嫌车辆在公路上擅自超限行驶（车货总质量超限）案', 'cf_sjly': '高唐县交通运输局', 'cf_wsh': '371526202300175', 'cf_nr_fk': '0.45', 'cf_nr_wfff': '0.0', 'cf_sjlydm': '11371526004444223E', 'uuid': 'd67fbdcf03678ee468c2b766d411b8da', 'cf_yj': '《中华人民共和国公路法》第七十六条第（五）项:“有下列违法行为之一的,由交通主管部门责令停止违法行为,可以处三万元以下的罚款:（五）违反本法第五十条规定,车辆超限使用汽车渡船或者在公路上擅自超限行驶的;”;《公路安全保护条例》第六十四条:“违反本条例的规定,在公路上行驶的车辆,车货总体的外廓尺寸、轴荷或者总质量超过公路、公路桥梁、公路隧道、汽车渡船限定标准的,由公路管理机构责令改正,可以处3万元以下的罚款。”;《超限运输车辆行驶公路管理规定》第四十三条第一款第（二）项:“车辆违法超限运输的,由公路管理机构根据违法行为的性质、情节和危害程度,按下列规定给予处罚:（二）车货总质量超过本规定第三条第一款第四项至第八项规定的限定标准,但未超过1000千克的,予以警告;超过1000千克的,每超1000千克罚款500元,最高不得超过30000元。”另依据《山东省交通运输行政处罚裁量基准》,违法程度“严重”,超限大于1000千克,每超载1000千克罚款500元,最高不超过3万元', 'cf_cflb': '罚款', 'cf_jdrq': '2023-05-25', 'repairState': 1, 'cf_cfjgdm': '11371526004444223E', 'flowno': '86615986', 'cf_cfjg': '高唐县交通运输局', 'dataSource': '地方报送', 'recid': 'A7305487D78440CC87EC9CCD1A5CDFD5', 'tyshxydm': '9137158106298106XA', 'jgmc': '临清市大唐物流有限公司'}
2024-01-16 13:46:34,467 - 山东.py[line:76] - INFO: >>>>>>>>保存成功371526202300175
2024-01-16 13:46:41,532 - 山东.py[line:75] - INFO: {'cf_sy': '生产经营单位未将事故隐患排查治理情况向从业人员进行通报', 'cf_nr': '生产经营单位未将事故隐患排查治理情况向从业人员进行通报', 'cf_wfxw': '《中华人民共和国安全生产法》第四十一条第二款', 'cf_sjly': '泸州市交通运输综合行政执法支队', 'cf_wsh': '川050101交罚z2023{0159号', 'cf_nr_fk': '0.5', 'cf_sjlydm': '12510400MB1A95637W', 'uuid': 'f3e796fa9a2fe3e1eb26794a507b4575', 'cf_yj': '《中华人民共和国安全生产法》第九十七条第五款', 'cf_cflb': '罚款', 'cf_jdrq': '2024-01-12', 'repairState': 0, 'cf_cfjgdm': '12510400MB1A95637W', 'flowno': '98351030', 'cf_cfjg': '泸州市交通运输综合行政执法支队', 'dataSource': '地方报送', 'recid': '4837BA906F204E58BBD3AF03AB2C7167', 'tyshxydm': '9151050257755928XL', 'jgmc': '泸州诚通物流有限公司'}
2024-01-16 13:46:41,532 - 山东.py[line:76] - INFO: >>>>>>>>保存成功川050101交罚z2023{0159号
2024-01-16 13:46:49,403 - 山东.py[line:75] - INFO: {'cf_sy': '内蒙古民康医药连锁有限公司销售的碳酸钙D3颗粒为内蒙古华源蒙泰医药有限公司涉嫌销售劣药案中的涉案药品', 'cf_nr': '没收违法所得：1888.00元', 'cf_wfxw': '销售劣药的违法行为', 'cf_sjly': '根河市市场监督管理局', 'cf_wsh': '根市监综处字z2023{66号', 'cf_nr_wfff': '0.1888', 'cf_sjlydm': '11152105329005800W', 'uuid': '32d6c06ef525b4d5837dad40e241f431', 'cf_yj': '中华人民共和国药品管理法', 'cf_cflb': '没收违法所得、没收非法财物', 'cf_jdrq': '2024-01-05', 'repairState': 1, 'cf_cfjgdm': '11152105329005800W', 'flowno': '98324036', 'cf_cfjg': '根河市市场监督管理局', 'dataSource': '地方报送', 'recid': 'AE071D086B704E3CBA915C9141356077', 'tyshxydm': '911507853530499851', 'jgmc': '内蒙古民康医药连锁有限公司'}
2024-01-16 13:46:49,403 - 山东.py[line:76] - INFO: >>>>>>>>保存成功根市监综处字z2023{66号
2024-01-16 13:46:49,403 - 山东.py[line:75] - INFO: {'cf_sy': '经营的倍适威弹性绷带无生产日期、生产批号、失效日期', 'cf_nr': '1、罚款：20000.00元', 'cf_wfxw': '经营说明书、标签不符合《医疗器械监督管理条例》规定的医疗器械的违法行为。', 'cf_sjly': '内蒙古自治区市场监督管理局', 'cf_wsh': '根市监综处字z2022{27号', 'cf_nr_fk': '2.0', 'cf_sjlydm': '11150000MB1937153P', 'uuid': '4cd5e0d27c9c422aaff0d6e34110c18a', 'cf_yj': '医疗器械监督管理条例', 'cf_cflb': '罚款', 'cf_jdrq': '2022-07-28', 'repairState': 1, 'cf_cfjgdm': '11152105329005800W', 'flowno': '76502708', 'cf_cfjg': '根河市市场监督管理局', 'dataSource': '地方报送', 'recid': 'F095A2D7DF874E4483650486D21AD464', 'tyshxydm': '911507853530499851', 'jgmc': '内蒙古民康医药连锁有限公司'}
2024-01-16 13:46:49,403 - 山东.py[line:76] - INFO: >>>>>>>>保存成功根市监综处字z2022{27号
2024-01-16 13:46:49,403 - 山东.py[line:75] - INFO: {'cf_sy': '内蒙古民康医药连锁有限公司涉嫌销售劣药“海风藤”（标示生产企业：黑龙江祥泰中药饮片有限公司，批号：160301）的行为，违反了《中华人民共和国药品管理法》(2015修正)第四十九条第一款、第三款第（六）项规定，依据《中华人民共和国药品管理法》(2015修正)第七十四条的规定，予以行政处罚。', 'cf_nr': '没收违法所得30.00元，并处货值金额二倍罚款60.00元，罚没合计90元。', 'cf_wfxw': '违法从事药品经营', 'cf_sjly': '内蒙古自治区市场监督管理局', 'cf_wsh': '内药监处罚z2021{307号', 'cf_nr_fk': '0.006', 'cf_nr_wfff': '0.003', 'cf_sjlydm': '11150000MB1937153P', 'uuid': '35b9a104388d9fd289f3724115a37aea', 'cf_yj': '中华人民共和国药品管理法', 'cf_cflb': '罚款', 'cf_jdrq': '2021-12-24', 'repairState': 1, 'cf_cfjgdm': '11150000MB1519736M', 'flowno': '66526002', 'cf_cfjg': '内蒙古自治区药品监督管理局', 'dataSource': '地方报送', 'recid': '90478251523E40AD92E72C67ED6225A3', 'tyshxydm': '911507853530499851', 'jgmc': '内蒙古民康医药连锁有限公司'}
2024-01-16 13:46:49,404 - 山东.py[line:76] - INFO: >>>>>>>>保存成功内药监处罚z2021{307号
